{"c:\\Work\\Tm\\ticketmaster-api-staging.github.io\\products-and-docs\\widgets\\calendar\\1.0.0\\src\\main-widget.es6": {"path":"c:\\Work\\Tm\\ticketmaster-api-staging.github.io\\products-and-docs\\widgets\\calendar\\1.0.0\\src\\main-widget.es6","statementMap":{"0":{"start":{"line":1,"column":22},"end":{"line":7,"column":3}},"1":{"start":{"line":2,"column":0},"end":{"line":6,"column":1}},"2":{"start":{"line":3,"column":4},"end":{"line":5,"column":13896}},"3":{"start":{"line":3,"column":17},"end":{"line":3,"column":283}},"4":{"start":{"line":3,"column":73},"end":{"line":3,"column":92}},"5":{"start":{"line":3,"column":97},"end":{"line":3,"column":283}},"6":{"start":{"line":3,"column":138},"end":{"line":3,"column":151}},"7":{"start":{"line":3,"column":162},"end":{"line":3,"column":282}},"8":{"start":{"line":3,"column":306},"end":{"line":5,"column":13766}},"9":{"start":{"line":3,"column":347},"end":{"line":3,"column":647}},"10":{"start":{"line":3,"column":357},"end":{"line":3,"column":533}},"11":{"start":{"line":3,"column":373},"end":{"line":3,"column":408}},"12":{"start":{"line":3,"column":409},"end":{"line":3,"column":433}},"13":{"start":{"line":3,"column":418},"end":{"line":3,"column":433}},"14":{"start":{"line":3,"column":433},"end":{"line":3,"column":453}},"15":{"start":{"line":3,"column":438},"end":{"line":3,"column":453}},"16":{"start":{"line":3,"column":459},"end":{"line":3,"column":498}},"17":{"start":{"line":3,"column":499},"end":{"line":3,"column":532}},"18":{"start":{"line":3,"column":539},"end":{"line":3,"column":556}},"19":{"start":{"line":3,"column":557},"end":{"line":3,"column":646}},"20":{"start":{"line":3,"column":598},"end":{"line":3,"column":608}},"21":{"start":{"line":3,"column":609},"end":{"line":3,"column":624}},"22":{"start":{"line":3,"column":647},"end":{"line":3,"column":666}},"23":{"start":{"line":3,"column":667},"end":{"line":3,"column":740}},"24":{"start":{"line":3,"column":732},"end":{"line":3,"column":740}},"25":{"start":{"line":3,"column":740},"end":{"line":3,"column":748}},"26":{"start":{"line":3,"column":783},"end":{"line":3,"column":996}},"27":{"start":{"line":3,"column":825},"end":{"line":3,"column":833}},"28":{"start":{"line":3,"column":836},"end":{"line":3,"column":847}},"29":{"start":{"line":3,"column":848},"end":{"line":3,"column":895}},"30":{"start":{"line":3,"column":902},"end":{"line":3,"column":921}},"31":{"start":{"line":3,"column":922},"end":{"line":3,"column":995}},"32":{"start":{"line":3,"column":940},"end":{"line":3,"column":951}},"33":{"start":{"line":3,"column":980},"end":{"line":3,"column":994}},"34":{"start":{"line":3,"column":1047},"end":{"line":3,"column":1200}},"35":{"start":{"line":3,"column":1206},"end":{"line":3,"column":1210}},"36":{"start":{"line":3,"column":1211},"end":{"line":3,"column":1273}},"37":{"start":{"line":3,"column":1239},"end":{"line":3,"column":1255}},"38":{"start":{"line":3,"column":1292},"end":{"line":3,"column":1337}},"39":{"start":{"line":3,"column":1356},"end":{"line":3,"column":1403}},"40":{"start":{"line":3,"column":1418},"end":{"line":3,"column":1465}},"41":{"start":{"line":3,"column":1472},"end":{"line":3,"column":1505}},"42":{"start":{"line":3,"column":1476},"end":{"line":3,"column":1491}},"43":{"start":{"line":3,"column":1501},"end":{"line":3,"column":1504}},"44":{"start":{"line":3,"column":1511},"end":{"line":3,"column":1526}},"45":{"start":{"line":3,"column":1529},"end":{"line":3,"column":1541}},"46":{"start":{"line":3,"column":1544},"end":{"line":3,"column":1555}},"47":{"start":{"line":3,"column":1556},"end":{"line":3,"column":3516}},"48":{"start":{"line":3,"column":1599},"end":{"line":3,"column":1613}},"49":{"start":{"line":3,"column":1614},"end":{"line":3,"column":1664}},"50":{"start":{"line":3,"column":1708},"end":{"line":3,"column":1736}},"51":{"start":{"line":3,"column":1778},"end":{"line":3,"column":1804}},"52":{"start":{"line":3,"column":1858},"end":{"line":3,"column":1901}},"53":{"start":{"line":3,"column":1942},"end":{"line":3,"column":1990}},"54":{"start":{"line":3,"column":2029},"end":{"line":3,"column":2134}},"55":{"start":{"line":3,"column":2173},"end":{"line":3,"column":2421}},"56":{"start":{"line":3,"column":2216},"end":{"line":3,"column":2223}},"57":{"start":{"line":3,"column":2257},"end":{"line":3,"column":2288}},"58":{"start":{"line":3,"column":2279},"end":{"line":3,"column":2283}},"59":{"start":{"line":3,"column":2293},"end":{"line":3,"column":2421}},"60":{"start":{"line":3,"column":2297},"end":{"line":3,"column":2329}},"61":{"start":{"line":3,"column":2323},"end":{"line":3,"column":2327}},"62":{"start":{"line":3,"column":2339},"end":{"line":3,"column":2420}},"63":{"start":{"line":3,"column":2478},"end":{"line":3,"column":2588}},"64":{"start":{"line":3,"column":2547},"end":{"line":3,"column":2586}},"65":{"start":{"line":3,"column":2569},"end":{"line":3,"column":2580}},"66":{"start":{"line":3,"column":2625},"end":{"line":3,"column":2707}},"67":{"start":{"line":3,"column":2694},"end":{"line":3,"column":2705}},"68":{"start":{"line":3,"column":2748},"end":{"line":3,"column":2834}},"69":{"start":{"line":3,"column":2813},"end":{"line":3,"column":2832}},"70":{"start":{"line":3,"column":2955},"end":{"line":3,"column":3005}},"71":{"start":{"line":3,"column":3043},"end":{"line":3,"column":3169}},"72":{"start":{"line":3,"column":3069},"end":{"line":3,"column":3078}},"73":{"start":{"line":3,"column":3079},"end":{"line":3,"column":3168}},"74":{"start":{"line":3,"column":3110},"end":{"line":3,"column":3119}},"75":{"start":{"line":3,"column":3122},"end":{"line":3,"column":3131}},"76":{"start":{"line":3,"column":3132},"end":{"line":3,"column":3143}},"77":{"start":{"line":3,"column":3149},"end":{"line":3,"column":3168}},"78":{"start":{"line":3,"column":3207},"end":{"line":3,"column":3317}},"79":{"start":{"line":3,"column":3353},"end":{"line":3,"column":3425}},"80":{"start":{"line":3,"column":3457},"end":{"line":3,"column":3476}},"81":{"start":{"line":3,"column":3594},"end":{"line":3,"column":4572}},"82":{"start":{"line":3,"column":3628},"end":{"line":3,"column":3630}},"83":{"start":{"line":3,"column":3633},"end":{"line":3,"column":3663}},"84":{"start":{"line":3,"column":3647},"end":{"line":3,"column":3662}},"85":{"start":{"line":3,"column":3666},"end":{"line":3,"column":3748}},"86":{"start":{"line":3,"column":3680},"end":{"line":3,"column":3747}},"87":{"start":{"line":3,"column":3751},"end":{"line":3,"column":3828}},"88":{"start":{"line":3,"column":3765},"end":{"line":3,"column":3827}},"89":{"start":{"line":3,"column":3831},"end":{"line":3,"column":3887}},"90":{"start":{"line":3,"column":3845},"end":{"line":3,"column":3886}},"91":{"start":{"line":3,"column":3888},"end":{"line":3,"column":4571}},"92":{"start":{"line":3,"column":3917},"end":{"line":3,"column":4027}},"93":{"start":{"line":3,"column":4033},"end":{"line":3,"column":4037}},"94":{"start":{"line":3,"column":4040},"end":{"line":3,"column":4048}},"95":{"start":{"line":3,"column":4049},"end":{"line":3,"column":4074}},"96":{"start":{"line":3,"column":4080},"end":{"line":3,"column":4094}},"97":{"start":{"line":3,"column":4095},"end":{"line":3,"column":4294}},"98":{"start":{"line":3,"column":4137},"end":{"line":3,"column":4200}},"99":{"start":{"line":3,"column":4201},"end":{"line":3,"column":4266}},"100":{"start":{"line":3,"column":4272},"end":{"line":3,"column":4294}},"101":{"start":{"line":3,"column":4294},"end":{"line":3,"column":4302}},"102":{"start":{"line":3,"column":4340},"end":{"line":3,"column":4445}},"103":{"start":{"line":3,"column":4479},"end":{"line":3,"column":4520}},"104":{"start":{"line":3,"column":4543},"end":{"line":3,"column":4570}},"105":{"start":{"line":3,"column":4623},"end":{"line":3,"column":4662}},"106":{"start":{"line":3,"column":4627},"end":{"line":3,"column":4651}},"107":{"start":{"line":3,"column":4662},"end":{"line":3,"column":4670}},"108":{"start":{"line":3,"column":4677},"end":{"line":3,"column":4718}},"109":{"start":{"line":3,"column":4724},"end":{"line":3,"column":4740}},"110":{"start":{"line":3,"column":4741},"end":{"line":3,"column":4767}},"111":{"start":{"line":3,"column":4825},"end":{"line":3,"column":4838}},"112":{"start":{"line":3,"column":4839},"end":{"line":3,"column":4893}},"113":{"start":{"line":3,"column":4851},"end":{"line":3,"column":4858}},"114":{"start":{"line":3,"column":4861},"end":{"line":3,"column":4868}},"115":{"start":{"line":3,"column":4869},"end":{"line":3,"column":4892}},"116":{"start":{"line":3,"column":4893},"end":{"line":3,"column":5569}},"117":{"start":{"line":3,"column":4937},"end":{"line":3,"column":5075}},"118":{"start":{"line":3,"column":4986},"end":{"line":3,"column":5049}},"119":{"start":{"line":3,"column":5050},"end":{"line":3,"column":5074}},"120":{"start":{"line":3,"column":5075},"end":{"line":3,"column":5083}},"121":{"start":{"line":3,"column":5104},"end":{"line":3,"column":5114}},"122":{"start":{"line":3,"column":5117},"end":{"line":3,"column":5123}},"123":{"start":{"line":3,"column":5124},"end":{"line":3,"column":5146}},"124":{"start":{"line":3,"column":5161},"end":{"line":3,"column":5175}},"125":{"start":{"line":3,"column":5196},"end":{"line":3,"column":5201}},"126":{"start":{"line":3,"column":5202},"end":{"line":3,"column":5245}},"127":{"start":{"line":3,"column":5254},"end":{"line":3,"column":5265}},"128":{"start":{"line":3,"column":5268},"end":{"line":3,"column":5281}},"129":{"start":{"line":3,"column":5282},"end":{"line":3,"column":5297}},"130":{"start":{"line":3,"column":5297},"end":{"line":3,"column":5568}},"131":{"start":{"line":3,"column":5332},"end":{"line":3,"column":5358}},"132":{"start":{"line":3,"column":5359},"end":{"line":3,"column":5412}},"133":{"start":{"line":3,"column":5450},"end":{"line":3,"column":5468}},"134":{"start":{"line":3,"column":5469},"end":{"line":3,"column":5524}},"135":{"start":{"line":3,"column":5474},"end":{"line":3,"column":5478}},"136":{"start":{"line":3,"column":5483},"end":{"line":3,"column":5524}},"137":{"start":{"line":3,"column":5495},"end":{"line":3,"column":5499}},"138":{"start":{"line":3,"column":5500},"end":{"line":3,"column":5514}},"139":{"start":{"line":3,"column":5520},"end":{"line":3,"column":5524}},"140":{"start":{"line":3,"column":5524},"end":{"line":3,"column":5567}},"141":{"start":{"line":3,"column":5618},"end":{"line":3,"column":7710}},"142":{"start":{"line":3,"column":5652},"end":{"line":3,"column":5663}},"143":{"start":{"line":3,"column":5666},"end":{"line":3,"column":5676}},"144":{"start":{"line":3,"column":5679},"end":{"line":3,"column":5689}},"145":{"start":{"line":3,"column":5692},"end":{"line":3,"column":5700}},"146":{"start":{"line":3,"column":5701},"end":{"line":3,"column":7709}},"147":{"start":{"line":3,"column":5752},"end":{"line":3,"column":5819}},"148":{"start":{"line":3,"column":5773},"end":{"line":3,"column":5819}},"149":{"start":{"line":3,"column":5819},"end":{"line":3,"column":6145}},"150":{"start":{"line":3,"column":5859},"end":{"line":3,"column":5945}},"151":{"start":{"line":3,"column":5879},"end":{"line":3,"column":5939}},"152":{"start":{"line":3,"column":5939},"end":{"line":3,"column":5944}},"153":{"start":{"line":3,"column":5951},"end":{"line":3,"column":5972}},"154":{"start":{"line":3,"column":5973},"end":{"line":3,"column":6072}},"155":{"start":{"line":3,"column":6006},"end":{"line":3,"column":6066}},"156":{"start":{"line":3,"column":6066},"end":{"line":3,"column":6071}},"157":{"start":{"line":3,"column":6072},"end":{"line":3,"column":6144}},"158":{"start":{"line":3,"column":6190},"end":{"line":3,"column":6223}},"159":{"start":{"line":3,"column":6277},"end":{"line":3,"column":6360}},"160":{"start":{"line":3,"column":6396},"end":{"line":3,"column":6569}},"161":{"start":{"line":3,"column":6610},"end":{"line":3,"column":6661}},"162":{"start":{"line":3,"column":6694},"end":{"line":3,"column":6782}},"163":{"start":{"line":3,"column":6823},"end":{"line":3,"column":6863}},"164":{"start":{"line":3,"column":6903},"end":{"line":3,"column":6929}},"165":{"start":{"line":3,"column":6969},"end":{"line":3,"column":7014}},"166":{"start":{"line":3,"column":7053},"end":{"line":3,"column":7097}},"167":{"start":{"line":3,"column":7143},"end":{"line":3,"column":7389}},"168":{"start":{"line":3,"column":7159},"end":{"line":3,"column":7217}},"169":{"start":{"line":3,"column":7186},"end":{"line":3,"column":7217}},"170":{"start":{"line":3,"column":7222},"end":{"line":3,"column":7389}},"171":{"start":{"line":3,"column":7236},"end":{"line":3,"column":7389}},"172":{"start":{"line":3,"column":7261},"end":{"line":3,"column":7359}},"173":{"start":{"line":3,"column":7274},"end":{"line":3,"column":7303}},"174":{"start":{"line":3,"column":7304},"end":{"line":3,"column":7358}},"175":{"start":{"line":3,"column":7365},"end":{"line":3,"column":7389}},"176":{"start":{"line":3,"column":7436},"end":{"line":3,"column":7452}},"177":{"start":{"line":3,"column":7453},"end":{"line":3,"column":7514}},"178":{"start":{"line":3,"column":7563},"end":{"line":3,"column":7653}},"179":{"start":{"line":3,"column":7695},"end":{"line":3,"column":7708}},"180":{"start":{"line":3,"column":7759},"end":{"line":3,"column":8268}},"181":{"start":{"line":3,"column":7799},"end":{"line":3,"column":8196}},"182":{"start":{"line":3,"column":7824},"end":{"line":3,"column":7839}},"183":{"start":{"line":3,"column":7840},"end":{"line":3,"column":8187}},"184":{"start":{"line":3,"column":7842},"end":{"line":3,"column":8187}},"185":{"start":{"line":3,"column":7876},"end":{"line":3,"column":7880}},"186":{"start":{"line":3,"column":7881},"end":{"line":3,"column":8186}},"187":{"start":{"line":3,"column":7934},"end":{"line":3,"column":7973}},"188":{"start":{"line":3,"column":7952},"end":{"line":3,"column":7973}},"189":{"start":{"line":3,"column":7979},"end":{"line":3,"column":8186}},"190":{"start":{"line":3,"column":8010},"end":{"line":3,"column":8024}},"191":{"start":{"line":3,"column":8025},"end":{"line":3,"column":8043}},"192":{"start":{"line":3,"column":8034},"end":{"line":3,"column":8043}},"193":{"start":{"line":3,"column":8043},"end":{"line":3,"column":8069}},"194":{"start":{"line":3,"column":8048},"end":{"line":3,"column":8069}},"195":{"start":{"line":3,"column":8075},"end":{"line":3,"column":8186}},"196":{"start":{"line":3,"column":8093},"end":{"line":3,"column":8164}},"197":{"start":{"line":3,"column":8134},"end":{"line":3,"column":8138}},"198":{"start":{"line":3,"column":8139},"end":{"line":3,"column":8163}},"199":{"start":{"line":3,"column":8153},"end":{"line":3,"column":8163}},"200":{"start":{"line":3,"column":8164},"end":{"line":3,"column":8185}},"201":{"start":{"line":3,"column":8187},"end":{"line":3,"column":8195}},"202":{"start":{"line":3,"column":8203},"end":{"line":3,"column":8214}},"203":{"start":{"line":3,"column":8217},"end":{"line":3,"column":8232}},"204":{"start":{"line":3,"column":8235},"end":{"line":3,"column":8245}},"205":{"start":{"line":3,"column":8248},"end":{"line":3,"column":8258}},"206":{"start":{"line":3,"column":8259},"end":{"line":3,"column":8267}},"207":{"start":{"line":3,"column":8328},"end":{"line":3,"column":9623}},"208":{"start":{"line":3,"column":8363},"end":{"line":3,"column":8399}},"209":{"start":{"line":3,"column":8413},"end":{"line":3,"column":8434}},"210":{"start":{"line":3,"column":8454},"end":{"line":3,"column":8464}},"211":{"start":{"line":3,"column":8465},"end":{"line":3,"column":8488}},"212":{"start":{"line":3,"column":8495},"end":{"line":3,"column":8497}},"213":{"start":{"line":3,"column":8500},"end":{"line":3,"column":8502}},"214":{"start":{"line":3,"column":8503},"end":{"line":3,"column":9622}},"215":{"start":{"line":3,"column":8624},"end":{"line":3,"column":8635}},"216":{"start":{"line":3,"column":8726},"end":{"line":3,"column":8802}},"217":{"start":{"line":3,"column":8839},"end":{"line":3,"column":8930}},"218":{"start":{"line":3,"column":8870},"end":{"line":3,"column":8877}},"219":{"start":{"line":3,"column":8880},"end":{"line":3,"column":8897}},"220":{"start":{"line":3,"column":8898},"end":{"line":3,"column":8929}},"221":{"start":{"line":3,"column":8930},"end":{"line":3,"column":8941}},"222":{"start":{"line":3,"column":9059},"end":{"line":3,"column":9083}},"223":{"start":{"line":3,"column":9086},"end":{"line":3,"column":9109}},"224":{"start":{"line":3,"column":9112},"end":{"line":3,"column":9126}},"225":{"start":{"line":3,"column":9129},"end":{"line":3,"column":9153}},"226":{"start":{"line":3,"column":9156},"end":{"line":3,"column":9183}},"227":{"start":{"line":3,"column":9184},"end":{"line":3,"column":9619}},"228":{"start":{"line":3,"column":9223},"end":{"line":3,"column":9354}},"229":{"start":{"line":3,"column":9546},"end":{"line":3,"column":9565}},"230":{"start":{"line":3,"column":9566},"end":{"line":3,"column":9618}},"231":{"start":{"line":3,"column":9661},"end":{"line":3,"column":22601}},"232":{"start":{"line":3,"column":9701},"end":{"line":3,"column":9718}},"233":{"start":{"line":3,"column":9732},"end":{"line":3,"column":9740}},"234":{"start":{"line":3,"column":9765},"end":{"line":3,"column":9769}},"235":{"start":{"line":3,"column":9770},"end":{"line":3,"column":9941}},"236":{"start":{"line":3,"column":9774},"end":{"line":3,"column":9922}},"237":{"start":{"line":3,"column":9792},"end":{"line":3,"column":9888}},"238":{"start":{"line":3,"column":9816},"end":{"line":3,"column":9888}},"239":{"start":{"line":3,"column":9888},"end":{"line":3,"column":9920}},"240":{"start":{"line":3,"column":9932},"end":{"line":3,"column":9940}},"241":{"start":{"line":3,"column":9956},"end":{"line":3,"column":9994}},"242":{"start":{"line":3,"column":9982},"end":{"line":3,"column":9994}},"243":{"start":{"line":3,"column":10000},"end":{"line":3,"column":10016}},"244":{"start":{"line":3,"column":10017},"end":{"line":3,"column":10096}},"245":{"start":{"line":3,"column":10110},"end":{"line":3,"column":10136}},"246":{"start":{"line":3,"column":10151},"end":{"line":3,"column":10172}},"247":{"start":{"line":3,"column":10186},"end":{"line":3,"column":10244}},"248":{"start":{"line":3,"column":10261},"end":{"line":3,"column":10388}},"249":{"start":{"line":3,"column":10275},"end":{"line":3,"column":10302}},"250":{"start":{"line":3,"column":10308},"end":{"line":3,"column":10336}},"251":{"start":{"line":3,"column":10337},"end":{"line":3,"column":10387}},"252":{"start":{"line":3,"column":10388},"end":{"line":3,"column":10441}},"253":{"start":{"line":3,"column":10458},"end":{"line":3,"column":10511}},"254":{"start":{"line":3,"column":10531},"end":{"line":3,"column":10544}},"255":{"start":{"line":3,"column":10545},"end":{"line":3,"column":10613}},"256":{"start":{"line":3,"column":10627},"end":{"line":3,"column":10665}},"257":{"start":{"line":3,"column":10682},"end":{"line":3,"column":10925}},"258":{"start":{"line":3,"column":10697},"end":{"line":3,"column":10708}},"259":{"start":{"line":3,"column":10709},"end":{"line":3,"column":10924}},"260":{"start":{"line":3,"column":10752},"end":{"line":3,"column":10774}},"261":{"start":{"line":3,"column":10779},"end":{"line":3,"column":10924}},"262":{"start":{"line":3,"column":10809},"end":{"line":3,"column":10813}},"263":{"start":{"line":3,"column":10814},"end":{"line":3,"column":10923}},"264":{"start":{"line":3,"column":10948},"end":{"line":3,"column":11469}},"265":{"start":{"line":3,"column":10976},"end":{"line":3,"column":11024}},"266":{"start":{"line":3,"column":11017},"end":{"line":3,"column":11024}},"267":{"start":{"line":3,"column":11024},"end":{"line":3,"column":11058}},"268":{"start":{"line":3,"column":11051},"end":{"line":3,"column":11058}},"269":{"start":{"line":3,"column":11058},"end":{"line":3,"column":11070}},"270":{"start":{"line":3,"column":11076},"end":{"line":3,"column":11078}},"271":{"start":{"line":3,"column":11081},"end":{"line":3,"column":11083}},"272":{"start":{"line":3,"column":11084},"end":{"line":3,"column":11343}},"273":{"start":{"line":3,"column":11097},"end":{"line":3,"column":11254}},"274":{"start":{"line":3,"column":11170},"end":{"line":3,"column":11174}},"275":{"start":{"line":3,"column":11175},"end":{"line":3,"column":11253}},"276":{"start":{"line":3,"column":11196},"end":{"line":3,"column":11206}},"277":{"start":{"line":3,"column":11207},"end":{"line":3,"column":11247}},"278":{"start":{"line":3,"column":11247},"end":{"line":3,"column":11252}},"279":{"start":{"line":3,"column":11254},"end":{"line":3,"column":11342}},"280":{"start":{"line":3,"column":11268},"end":{"line":3,"column":11342}},"281":{"start":{"line":3,"column":11302},"end":{"line":3,"column":11342}},"282":{"start":{"line":3,"column":11315},"end":{"line":3,"column":11336}},"283":{"start":{"line":3,"column":11336},"end":{"line":3,"column":11341}},"284":{"start":{"line":3,"column":11349},"end":{"line":3,"column":11452}},"285":{"start":{"line":3,"column":11453},"end":{"line":3,"column":11468}},"286":{"start":{"line":3,"column":11492},"end":{"line":3,"column":11551}},"287":{"start":{"line":3,"column":11552},"end":{"line":3,"column":11593}},"288":{"start":{"line":3,"column":11612},"end":{"line":3,"column":11830}},"289":{"start":{"line":3,"column":11636},"end":{"line":3,"column":11644}},"290":{"start":{"line":3,"column":11645},"end":{"line":3,"column":11802}},"291":{"start":{"line":3,"column":11650},"end":{"line":3,"column":11673}},"292":{"start":{"line":3,"column":11678},"end":{"line":3,"column":11802}},"293":{"start":{"line":3,"column":11722},"end":{"line":3,"column":11744}},"294":{"start":{"line":3,"column":11755},"end":{"line":3,"column":11759}},"295":{"start":{"line":3,"column":11760},"end":{"line":3,"column":11801}},"296":{"start":{"line":3,"column":11802},"end":{"line":3,"column":11829}},"297":{"start":{"line":3,"column":11847},"end":{"line":3,"column":11931}},"298":{"start":{"line":3,"column":11876},"end":{"line":3,"column":11931}},"299":{"start":{"line":3,"column":11931},"end":{"line":3,"column":11992}},"300":{"start":{"line":3,"column":12007},"end":{"line":3,"column":12107}},"301":{"start":{"line":3,"column":12034},"end":{"line":3,"column":12107}},"302":{"start":{"line":3,"column":12122},"end":{"line":3,"column":12309}},"303":{"start":{"line":3,"column":12157},"end":{"line":3,"column":12242}},"304":{"start":{"line":3,"column":12219},"end":{"line":3,"column":12242}},"305":{"start":{"line":3,"column":12232},"end":{"line":3,"column":12236}},"306":{"start":{"line":3,"column":12236},"end":{"line":3,"column":12241}},"307":{"start":{"line":3,"column":12242},"end":{"line":3,"column":12305}},"308":{"start":{"line":3,"column":12270},"end":{"line":3,"column":12274}},"309":{"start":{"line":3,"column":12275},"end":{"line":3,"column":12293}},"310":{"start":{"line":3,"column":12287},"end":{"line":3,"column":12293}},"311":{"start":{"line":3,"column":12293},"end":{"line":3,"column":12304}},"312":{"start":{"line":3,"column":12305},"end":{"line":3,"column":12308}},"313":{"start":{"line":3,"column":12324},"end":{"line":3,"column":12473}},"314":{"start":{"line":3,"column":12363},"end":{"line":3,"column":12367}},"315":{"start":{"line":3,"column":12370},"end":{"line":3,"column":12407}},"316":{"start":{"line":3,"column":12410},"end":{"line":3,"column":12418}},"317":{"start":{"line":3,"column":12419},"end":{"line":3,"column":12472}},"318":{"start":{"line":3,"column":12473},"end":{"line":3,"column":12481}},"319":{"start":{"line":3,"column":12496},"end":{"line":3,"column":12624}},"320":{"start":{"line":3,"column":12572},"end":{"line":3,"column":12576}},"321":{"start":{"line":3,"column":12577},"end":{"line":3,"column":12623}},"322":{"start":{"line":3,"column":12618},"end":{"line":3,"column":12623}},"323":{"start":{"line":3,"column":12624},"end":{"line":3,"column":12652}},"324":{"start":{"line":3,"column":12673},"end":{"line":3,"column":12680}},"325":{"start":{"line":3,"column":12683},"end":{"line":3,"column":12695}},"326":{"start":{"line":3,"column":12696},"end":{"line":3,"column":12788}},"327":{"start":{"line":3,"column":12807},"end":{"line":3,"column":13014}},"328":{"start":{"line":3,"column":12845},"end":{"line":3,"column":12907}},"329":{"start":{"line":3,"column":12869},"end":{"line":3,"column":12876}},"330":{"start":{"line":3,"column":12877},"end":{"line":3,"column":12887}},"331":{"start":{"line":3,"column":12893},"end":{"line":3,"column":12907}},"332":{"start":{"line":3,"column":12907},"end":{"line":3,"column":13013}},"333":{"start":{"line":3,"column":13041},"end":{"line":3,"column":13043}},"334":{"start":{"line":3,"column":13044},"end":{"line":3,"column":13137}},"335":{"start":{"line":3,"column":13048},"end":{"line":3,"column":13111}},"336":{"start":{"line":3,"column":13121},"end":{"line":3,"column":13136}},"337":{"start":{"line":3,"column":13137},"end":{"line":3,"column":13211}},"338":{"start":{"line":3,"column":13232},"end":{"line":3,"column":13487}},"339":{"start":{"line":3,"column":13256},"end":{"line":3,"column":13297}},"340":{"start":{"line":3,"column":13302},"end":{"line":3,"column":13364}},"341":{"start":{"line":3,"column":13370},"end":{"line":3,"column":13397}},"342":{"start":{"line":3,"column":13398},"end":{"line":3,"column":13453}},"343":{"start":{"line":3,"column":13411},"end":{"line":3,"column":13453}},"344":{"start":{"line":3,"column":13421},"end":{"line":3,"column":13438}},"345":{"start":{"line":3,"column":13439},"end":{"line":3,"column":13442}},"346":{"start":{"line":3,"column":13453},"end":{"line":3,"column":13486}},"347":{"start":{"line":3,"column":13487},"end":{"line":3,"column":13523}},"348":{"start":{"line":3,"column":13544},"end":{"line":3,"column":13546}},"349":{"start":{"line":3,"column":13547},"end":{"line":3,"column":13588}},"350":{"start":{"line":3,"column":13602},"end":{"line":3,"column":13629}},"351":{"start":{"line":3,"column":13650},"end":{"line":3,"column":13661}},"352":{"start":{"line":3,"column":13662},"end":{"line":3,"column":13716}},"353":{"start":{"line":3,"column":13733},"end":{"line":3,"column":14088}},"354":{"start":{"line":3,"column":13741},"end":{"line":3,"column":13876}},"355":{"start":{"line":3,"column":13833},"end":{"line":3,"column":13840}},"356":{"start":{"line":3,"column":13841},"end":{"line":3,"column":13875}},"357":{"start":{"line":3,"column":13847},"end":{"line":3,"column":13869}},"358":{"start":{"line":3,"column":13869},"end":{"line":3,"column":13874}},"359":{"start":{"line":3,"column":13876},"end":{"line":3,"column":13953}},"360":{"start":{"line":3,"column":13910},"end":{"line":3,"column":13917}},"361":{"start":{"line":3,"column":13918},"end":{"line":3,"column":13952}},"362":{"start":{"line":3,"column":13924},"end":{"line":3,"column":13946}},"363":{"start":{"line":3,"column":13946},"end":{"line":3,"column":13951}},"364":{"start":{"line":3,"column":13953},"end":{"line":3,"column":14087}},"365":{"start":{"line":3,"column":14000},"end":{"line":3,"column":14022}},"366":{"start":{"line":3,"column":14013},"end":{"line":3,"column":14022}},"367":{"start":{"line":3,"column":14028},"end":{"line":3,"column":14032}},"368":{"start":{"line":3,"column":14033},"end":{"line":3,"column":14085}},"369":{"start":{"line":3,"column":14103},"end":{"line":3,"column":14142}},"370":{"start":{"line":3,"column":14148},"end":{"line":3,"column":14187}},"371":{"start":{"line":3,"column":14188},"end":{"line":3,"column":14219}},"372":{"start":{"line":3,"column":14232},"end":{"line":3,"column":14244}},"373":{"start":{"line":3,"column":14247},"end":{"line":3,"column":14255}},"374":{"start":{"line":3,"column":14258},"end":{"line":3,"column":14279}},"375":{"start":{"line":3,"column":14282},"end":{"line":3,"column":14293}},"376":{"start":{"line":3,"column":14296},"end":{"line":3,"column":14312}},"377":{"start":{"line":3,"column":14315},"end":{"line":3,"column":14373}},"378":{"start":{"line":3,"column":14376},"end":{"line":3,"column":14404}},"379":{"start":{"line":3,"column":14407},"end":{"line":3,"column":14440}},"380":{"start":{"line":3,"column":14443},"end":{"line":3,"column":14447}},"381":{"start":{"line":3,"column":14450},"end":{"line":3,"column":14454}},"382":{"start":{"line":3,"column":14457},"end":{"line":3,"column":14459}},"383":{"start":{"line":3,"column":14462},"end":{"line":3,"column":14552}},"384":{"start":{"line":3,"column":14555},"end":{"line":3,"column":14620}},"385":{"start":{"line":3,"column":14623},"end":{"line":3,"column":14706}},"386":{"start":{"line":3,"column":14709},"end":{"line":3,"column":14793}},"387":{"start":{"line":3,"column":14794},"end":{"line":3,"column":16475}},"388":{"start":{"line":3,"column":14851},"end":{"line":3,"column":14865}},"389":{"start":{"line":3,"column":14866},"end":{"line":3,"column":14905}},"390":{"start":{"line":3,"column":14962},"end":{"line":3,"column":15082}},"391":{"start":{"line":3,"column":15142},"end":{"line":3,"column":15177}},"392":{"start":{"line":3,"column":15227},"end":{"line":3,"column":15266}},"393":{"start":{"line":3,"column":15313},"end":{"line":3,"column":15350}},"394":{"start":{"line":3,"column":15401},"end":{"line":3,"column":15534}},"395":{"start":{"line":3,"column":15440},"end":{"line":3,"column":15460}},"396":{"start":{"line":3,"column":15461},"end":{"line":3,"column":15533}},"397":{"start":{"line":3,"column":15592},"end":{"line":3,"column":15628}},"398":{"start":{"line":3,"column":15688},"end":{"line":3,"column":15725}},"399":{"start":{"line":3,"column":15780},"end":{"line":3,"column":15811}},"400":{"start":{"line":3,"column":15861},"end":{"line":3,"column":15898}},"401":{"start":{"line":3,"column":15950},"end":{"line":3,"column":16112}},"402":{"start":{"line":3,"column":16159},"end":{"line":3,"column":16191}},"403":{"start":{"line":3,"column":16227},"end":{"line":3,"column":16248}},"404":{"start":{"line":3,"column":16299},"end":{"line":3,"column":16302}},"405":{"start":{"line":3,"column":16303},"end":{"line":3,"column":16361}},"406":{"start":{"line":3,"column":16411},"end":{"line":3,"column":16414}},"407":{"start":{"line":3,"column":16415},"end":{"line":3,"column":16473}},"408":{"start":{"line":3,"column":16481},"end":{"line":3,"column":16493}},"409":{"start":{"line":3,"column":16494},"end":{"line":3,"column":17311}},"410":{"start":{"line":3,"column":16523},"end":{"line":3,"column":16685}},"411":{"start":{"line":3,"column":16567},"end":{"line":3,"column":16685}},"412":{"start":{"line":3,"column":16685},"end":{"line":3,"column":17245}},"413":{"start":{"line":3,"column":16720},"end":{"line":3,"column":16750}},"414":{"start":{"line":3,"column":16753},"end":{"line":3,"column":16782}},"415":{"start":{"line":3,"column":16783},"end":{"line":3,"column":17244}},"416":{"start":{"line":3,"column":16818},"end":{"line":3,"column":16980}},"417":{"start":{"line":3,"column":16862},"end":{"line":3,"column":16980}},"418":{"start":{"line":3,"column":16980},"end":{"line":3,"column":17117}},"419":{"start":{"line":3,"column":17279},"end":{"line":3,"column":17309}},"420":{"start":{"line":3,"column":17317},"end":{"line":3,"column":18046}},"421":{"start":{"line":3,"column":17328},"end":{"line":3,"column":18016}},"422":{"start":{"line":3,"column":17332},"end":{"line":3,"column":17549}},"423":{"start":{"line":3,"column":17373},"end":{"line":3,"column":17403}},"424":{"start":{"line":3,"column":17404},"end":{"line":3,"column":17548}},"425":{"start":{"line":3,"column":17457},"end":{"line":3,"column":17514}},"426":{"start":{"line":3,"column":17515},"end":{"line":3,"column":17547}},"427":{"start":{"line":3,"column":17549},"end":{"line":3,"column":17751}},"428":{"start":{"line":3,"column":17584},"end":{"line":3,"column":17608}},"429":{"start":{"line":3,"column":17609},"end":{"line":3,"column":17750}},"430":{"start":{"line":3,"column":17662},"end":{"line":3,"column":17704}},"431":{"start":{"line":3,"column":17705},"end":{"line":3,"column":17749}},"432":{"start":{"line":3,"column":17757},"end":{"line":3,"column":17792}},"433":{"start":{"line":3,"column":17793},"end":{"line":3,"column":18005}},"434":{"start":{"line":3,"column":17892},"end":{"line":3,"column":17927}},"435":{"start":{"line":3,"column":17928},"end":{"line":3,"column":18004}},"436":{"start":{"line":3,"column":18016},"end":{"line":3,"column":18043}},"437":{"start":{"line":3,"column":18034},"end":{"line":3,"column":18042}},"438":{"start":{"line":3,"column":18049},"end":{"line":3,"column":18281}},"439":{"start":{"line":3,"column":18060},"end":{"line":3,"column":18278}},"440":{"start":{"line":3,"column":18087},"end":{"line":3,"column":18131}},"441":{"start":{"line":3,"column":18160},"end":{"line":3,"column":18180}},"442":{"start":{"line":3,"column":18183},"end":{"line":3,"column":18194}},"443":{"start":{"line":3,"column":18195},"end":{"line":3,"column":18256}},"444":{"start":{"line":3,"column":18269},"end":{"line":3,"column":18277}},"445":{"start":{"line":3,"column":18284},"end":{"line":3,"column":18557}},"446":{"start":{"line":3,"column":18407},"end":{"line":3,"column":18432}},"447":{"start":{"line":3,"column":18456},"end":{"line":3,"column":18473}},"448":{"start":{"line":3,"column":18510},"end":{"line":3,"column":18536}},"449":{"start":{"line":3,"column":18561},"end":{"line":3,"column":18731}},"450":{"start":{"line":3,"column":18579},"end":{"line":3,"column":18581}},"451":{"start":{"line":3,"column":18582},"end":{"line":3,"column":18642}},"452":{"start":{"line":3,"column":18586},"end":{"line":3,"column":18611}},"453":{"start":{"line":3,"column":18621},"end":{"line":3,"column":18641}},"454":{"start":{"line":3,"column":18648},"end":{"line":3,"column":18650}},"455":{"start":{"line":3,"column":18651},"end":{"line":3,"column":18719}},"456":{"start":{"line":3,"column":18655},"end":{"line":3,"column":18688}},"457":{"start":{"line":3,"column":18698},"end":{"line":3,"column":18718}},"458":{"start":{"line":3,"column":18719},"end":{"line":3,"column":18730}},"459":{"start":{"line":3,"column":18732},"end":{"line":3,"column":19932}},"460":{"start":{"line":3,"column":18753},"end":{"line":3,"column":19006}},"461":{"start":{"line":3,"column":18901},"end":{"line":3,"column":18911}},"462":{"start":{"line":3,"column":18912},"end":{"line":3,"column":19005}},"463":{"start":{"line":3,"column":19006},"end":{"line":3,"column":19364}},"464":{"start":{"line":3,"column":19063},"end":{"line":3,"column":19158}},"465":{"start":{"line":3,"column":19086},"end":{"line":3,"column":19158}},"466":{"start":{"line":3,"column":19158},"end":{"line":3,"column":19363}},"467":{"start":{"line":3,"column":19364},"end":{"line":3,"column":19531}},"468":{"start":{"line":3,"column":19595},"end":{"line":3,"column":19624}},"469":{"start":{"line":3,"column":19599},"end":{"line":3,"column":19605}},"470":{"start":{"line":3,"column":19615},"end":{"line":3,"column":19623}},"471":{"start":{"line":3,"column":19939},"end":{"line":3,"column":19940}},"472":{"start":{"line":3,"column":19944},"end":{"line":3,"column":19964}},"473":{"start":{"line":3,"column":19955},"end":{"line":3,"column":19963}},"474":{"start":{"line":3,"column":19968},"end":{"line":3,"column":20007}},"475":{"start":{"line":3,"column":20008},"end":{"line":3,"column":20874}},"476":{"start":{"line":3,"column":20083},"end":{"line":3,"column":20095}},"477":{"start":{"line":3,"column":20096},"end":{"line":3,"column":20596}},"478":{"start":{"line":3,"column":20107},"end":{"line":3,"column":20173}},"479":{"start":{"line":3,"column":20151},"end":{"line":3,"column":20173}},"480":{"start":{"line":3,"column":20173},"end":{"line":3,"column":20190}},"481":{"start":{"line":3,"column":20190},"end":{"line":3,"column":20255}},"482":{"start":{"line":3,"column":20220},"end":{"line":3,"column":20230}},"483":{"start":{"line":3,"column":20231},"end":{"line":3,"column":20254}},"484":{"start":{"line":3,"column":20255},"end":{"line":3,"column":20595}},"485":{"start":{"line":3,"column":20282},"end":{"line":3,"column":20292}},"486":{"start":{"line":3,"column":20295},"end":{"line":3,"column":20299}},"487":{"start":{"line":3,"column":20300},"end":{"line":3,"column":20594}},"488":{"start":{"line":3,"column":20322},"end":{"line":3,"column":20403}},"489":{"start":{"line":3,"column":20409},"end":{"line":3,"column":20424}},"490":{"start":{"line":3,"column":20425},"end":{"line":3,"column":20531}},"491":{"start":{"line":3,"column":20531},"end":{"line":3,"column":20587}},"492":{"start":{"line":3,"column":20568},"end":{"line":3,"column":20587}},"493":{"start":{"line":3,"column":20587},"end":{"line":3,"column":20593}},"494":{"start":{"line":3,"column":20639},"end":{"line":3,"column":20872}},"495":{"start":{"line":3,"column":20663},"end":{"line":3,"column":20678}},"496":{"start":{"line":3,"column":20678},"end":{"line":3,"column":20779}},"497":{"start":{"line":3,"column":20736},"end":{"line":3,"column":20779}},"498":{"start":{"line":3,"column":20779},"end":{"line":3,"column":20871}},"499":{"start":{"line":3,"column":20881},"end":{"line":3,"column":21809}},"500":{"start":{"line":3,"column":20898},"end":{"line":3,"column":20909}},"501":{"start":{"line":3,"column":20912},"end":{"line":3,"column":21007}},"502":{"start":{"line":3,"column":20926},"end":{"line":3,"column":21006}},"503":{"start":{"line":3,"column":21008},"end":{"line":3,"column":21270}},"504":{"start":{"line":3,"column":21095},"end":{"line":3,"column":21128}},"505":{"start":{"line":3,"column":21134},"end":{"line":3,"column":21157}},"506":{"start":{"line":3,"column":21158},"end":{"line":3,"column":21269}},"507":{"start":{"line":3,"column":21180},"end":{"line":3,"column":21196}},"508":{"start":{"line":3,"column":21212},"end":{"line":3,"column":21268}},"509":{"start":{"line":3,"column":21276},"end":{"line":3,"column":21285}},"510":{"start":{"line":3,"column":21286},"end":{"line":3,"column":21429}},"511":{"start":{"line":3,"column":21368},"end":{"line":3,"column":21429}},"512":{"start":{"line":3,"column":21402},"end":{"line":3,"column":21427}},"513":{"start":{"line":3,"column":21435},"end":{"line":3,"column":21478}},"514":{"start":{"line":3,"column":21439},"end":{"line":3,"column":21454}},"515":{"start":{"line":3,"column":21464},"end":{"line":3,"column":21477}},"516":{"start":{"line":3,"column":21478},"end":{"line":3,"column":21804}},"517":{"start":{"line":3,"column":21557},"end":{"line":3,"column":21679}},"518":{"start":{"line":3,"column":21708},"end":{"line":3,"column":21733}},"519":{"start":{"line":3,"column":21733},"end":{"line":3,"column":21778}},"520":{"start":{"line":3,"column":21737},"end":{"line":3,"column":21752}},"521":{"start":{"line":3,"column":21762},"end":{"line":3,"column":21777}},"522":{"start":{"line":3,"column":21778},"end":{"line":3,"column":21802}},"523":{"start":{"line":3,"column":21810},"end":{"line":3,"column":22125}},"524":{"start":{"line":3,"column":21888},"end":{"line":3,"column":21903}},"525":{"start":{"line":3,"column":21958},"end":{"line":3,"column":21975}},"526":{"start":{"line":3,"column":21976},"end":{"line":3,"column":22002}},"527":{"start":{"line":3,"column":22066},"end":{"line":3,"column":22121}},"528":{"start":{"line":3,"column":22132},"end":{"line":3,"column":22193}},"529":{"start":{"line":3,"column":22194},"end":{"line":3,"column":22600}},"530":{"start":{"line":3,"column":22252},"end":{"line":3,"column":22277}},"531":{"start":{"line":3,"column":22299},"end":{"line":3,"column":22317}},"532":{"start":{"line":3,"column":22343},"end":{"line":3,"column":22365}},"533":{"start":{"line":3,"column":22389},"end":{"line":3,"column":22409}},"534":{"start":{"line":3,"column":22444},"end":{"line":3,"column":22453}},"535":{"start":{"line":3,"column":22485},"end":{"line":3,"column":22493}},"536":{"start":{"line":3,"column":22665},"end":{"line":3,"column":23471}},"537":{"start":{"line":3,"column":22700},"end":{"line":3,"column":22717}},"538":{"start":{"line":3,"column":22731},"end":{"line":3,"column":22748}},"539":{"start":{"line":3,"column":22749},"end":{"line":3,"column":23470}},"540":{"start":{"line":3,"column":22806},"end":{"line":3,"column":22905}},"541":{"start":{"line":3,"column":22962},"end":{"line":3,"column":23014}},"542":{"start":{"line":3,"column":23051},"end":{"line":3,"column":23127}},"543":{"start":{"line":3,"column":23074},"end":{"line":3,"column":23127}},"544":{"start":{"line":3,"column":23133},"end":{"line":3,"column":23145}},"545":{"start":{"line":3,"column":23148},"end":{"line":3,"column":23167}},"546":{"start":{"line":3,"column":23159},"end":{"line":3,"column":23166}},"547":{"start":{"line":3,"column":23168},"end":{"line":3,"column":23191}},"548":{"start":{"line":3,"column":23229},"end":{"line":3,"column":23352}},"549":{"start":{"line":3,"column":23252},"end":{"line":3,"column":23352}},"550":{"start":{"line":3,"column":23358},"end":{"line":3,"column":23370}},"551":{"start":{"line":3,"column":23371},"end":{"line":3,"column":23419}},"552":{"start":{"line":3,"column":23425},"end":{"line":3,"column":23445}},"553":{"start":{"line":3,"column":23436},"end":{"line":3,"column":23444}},"554":{"start":{"line":3,"column":23446},"end":{"line":3,"column":23469}},"555":{"start":{"line":3,"column":23510},"end":{"line":3,"column":23847}},"556":{"start":{"line":3,"column":23547},"end":{"line":3,"column":23561}},"557":{"start":{"line":3,"column":23578},"end":{"line":3,"column":23595}},"558":{"start":{"line":3,"column":23602},"end":{"line":3,"column":23610}},"559":{"start":{"line":3,"column":23613},"end":{"line":3,"column":23618}},"560":{"start":{"line":3,"column":23619},"end":{"line":3,"column":23846}},"561":{"start":{"line":3,"column":23648},"end":{"line":3,"column":23703}},"562":{"start":{"line":3,"column":23739},"end":{"line":3,"column":23759}},"563":{"start":{"line":3,"column":23782},"end":{"line":3,"column":23831}},"564":{"start":{"line":3,"column":23916},"end":{"line":3,"column":24103}},"565":{"start":{"line":3,"column":24104},"end":{"line":3,"column":24123}},"566":{"start":{"line":3,"column":24138},"end":{"line":3,"column":24413}},"567":{"start":{"line":3,"column":24424},"end":{"line":3,"column":24434}},"568":{"start":{"line":3,"column":24437},"end":{"line":3,"column":24445}},"569":{"start":{"line":3,"column":24448},"end":{"line":3,"column":24459}},"570":{"start":{"line":3,"column":24462},"end":{"line":3,"column":24472}},"571":{"start":{"line":3,"column":24475},"end":{"line":3,"column":24494}},"572":{"start":{"line":3,"column":24497},"end":{"line":3,"column":24519}},"573":{"start":{"line":3,"column":24522},"end":{"line":3,"column":24565}},"574":{"start":{"line":3,"column":24568},"end":{"line":3,"column":24601}},"575":{"start":{"line":3,"column":24604},"end":{"line":3,"column":24641}},"576":{"start":{"line":3,"column":24642},"end":{"line":3,"column":24742}},"577":{"start":{"line":3,"column":24646},"end":{"line":3,"column":24670}},"578":{"start":{"line":3,"column":24680},"end":{"line":3,"column":24741}},"579":{"start":{"line":3,"column":24742},"end":{"line":3,"column":24984}},"580":{"start":{"line":3,"column":24900},"end":{"line":3,"column":24984}},"581":{"start":{"line":3,"column":24984},"end":{"line":3,"column":25104}},"582":{"start":{"line":3,"column":25110},"end":{"line":3,"column":25111}},"583":{"start":{"line":3,"column":25112},"end":{"line":3,"column":25426}},"584":{"start":{"line":3,"column":25150},"end":{"line":3,"column":25172}},"585":{"start":{"line":3,"column":25175},"end":{"line":3,"column":25204}},"586":{"start":{"line":3,"column":25205},"end":{"line":3,"column":25234}},"587":{"start":{"line":3,"column":25234},"end":{"line":3,"column":25401}},"588":{"start":{"line":3,"column":25265},"end":{"line":3,"column":25376}},"589":{"start":{"line":3,"column":25364},"end":{"line":3,"column":25376}},"590":{"start":{"line":3,"column":25376},"end":{"line":3,"column":25400}},"591":{"start":{"line":3,"column":25401},"end":{"line":3,"column":25413}},"592":{"start":{"line":3,"column":25432},"end":{"line":3,"column":25460}},"593":{"start":{"line":3,"column":25461},"end":{"line":3,"column":25854}},"594":{"start":{"line":3,"column":25908},"end":{"line":3,"column":25955}},"595":{"start":{"line":3,"column":25932},"end":{"line":3,"column":25952}},"596":{"start":{"line":3,"column":25956},"end":{"line":3,"column":26839}},"597":{"start":{"line":3,"column":25961},"end":{"line":3,"column":26303}},"598":{"start":{"line":3,"column":26232},"end":{"line":3,"column":26268}},"599":{"start":{"line":3,"column":26269},"end":{"line":3,"column":26300}},"600":{"start":{"line":3,"column":26314},"end":{"line":3,"column":26331}},"601":{"start":{"line":3,"column":26334},"end":{"line":3,"column":26345}},"602":{"start":{"line":3,"column":26348},"end":{"line":3,"column":26372}},"603":{"start":{"line":3,"column":26375},"end":{"line":3,"column":26443}},"604":{"start":{"line":3,"column":26393},"end":{"line":3,"column":26395}},"605":{"start":{"line":3,"column":26396},"end":{"line":3,"column":26434}},"606":{"start":{"line":3,"column":26411},"end":{"line":3,"column":26434}},"607":{"start":{"line":3,"column":26434},"end":{"line":3,"column":26442}},"608":{"start":{"line":3,"column":26446},"end":{"line":3,"column":26479}},"609":{"start":{"line":3,"column":26460},"end":{"line":3,"column":26478}},"610":{"start":{"line":3,"column":26482},"end":{"line":3,"column":26520}},"611":{"start":{"line":3,"column":26498},"end":{"line":3,"column":26519}},"612":{"start":{"line":3,"column":26523},"end":{"line":3,"column":26544}},"613":{"start":{"line":3,"column":26535},"end":{"line":3,"column":26543}},"614":{"start":{"line":3,"column":26547},"end":{"line":3,"column":26621}},"615":{"start":{"line":3,"column":26559},"end":{"line":3,"column":26620}},"616":{"start":{"line":3,"column":26563},"end":{"line":3,"column":26601}},"617":{"start":{"line":3,"column":26611},"end":{"line":3,"column":26619}},"618":{"start":{"line":3,"column":26624},"end":{"line":3,"column":26694}},"619":{"start":{"line":3,"column":26636},"end":{"line":3,"column":26693}},"620":{"start":{"line":3,"column":26640},"end":{"line":3,"column":26674}},"621":{"start":{"line":3,"column":26684},"end":{"line":3,"column":26692}},"622":{"start":{"line":3,"column":26695},"end":{"line":3,"column":26838}},"623":{"start":{"line":3,"column":26828},"end":{"line":3,"column":26836}},"624":{"start":{"line":3,"column":26878},"end":{"line":3,"column":27013}},"625":{"start":{"line":3,"column":26908},"end":{"line":3,"column":26913}},"626":{"start":{"line":3,"column":26914},"end":{"line":3,"column":27012}},"627":{"start":{"line":3,"column":26947},"end":{"line":3,"column":26967}},"628":{"start":{"line":3,"column":26994},"end":{"line":3,"column":27011}},"629":{"start":{"line":3,"column":27052},"end":{"line":3,"column":28461}},"630":{"start":{"line":3,"column":27094},"end":{"line":3,"column":27174}},"631":{"start":{"line":3,"column":27189},"end":{"line":3,"column":27210}},"632":{"start":{"line":3,"column":27227},"end":{"line":3,"column":27356}},"633":{"start":{"line":3,"column":27370},"end":{"line":3,"column":27428}},"634":{"start":{"line":3,"column":27443},"end":{"line":3,"column":27476}},"635":{"start":{"line":3,"column":27497},"end":{"line":3,"column":27509}},"636":{"start":{"line":3,"column":27512},"end":{"line":3,"column":27524}},"637":{"start":{"line":3,"column":27525},"end":{"line":3,"column":27942}},"638":{"start":{"line":3,"column":27542},"end":{"line":3,"column":27557}},"639":{"start":{"line":3,"column":27563},"end":{"line":3,"column":27636}},"640":{"start":{"line":3,"column":27637},"end":{"line":3,"column":27941}},"641":{"start":{"line":3,"column":27652},"end":{"line":3,"column":27681}},"642":{"start":{"line":3,"column":27687},"end":{"line":3,"column":27693}},"643":{"start":{"line":3,"column":27694},"end":{"line":3,"column":27940}},"644":{"start":{"line":3,"column":27713},"end":{"line":3,"column":27901}},"645":{"start":{"line":3,"column":27742},"end":{"line":3,"column":27843}},"646":{"start":{"line":3,"column":27769},"end":{"line":3,"column":27804}},"647":{"start":{"line":3,"column":27805},"end":{"line":3,"column":27842}},"648":{"start":{"line":3,"column":27843},"end":{"line":3,"column":27900}},"649":{"start":{"line":3,"column":27901},"end":{"line":3,"column":27939}},"650":{"start":{"line":3,"column":27942},"end":{"line":3,"column":27993}},"651":{"start":{"line":3,"column":28000},"end":{"line":3,"column":28011}},"652":{"start":{"line":3,"column":28014},"end":{"line":3,"column":28033}},"653":{"start":{"line":3,"column":28036},"end":{"line":3,"column":28046}},"654":{"start":{"line":3,"column":28047},"end":{"line":3,"column":28460}},"655":{"start":{"line":3,"column":28094},"end":{"line":3,"column":28114}},"656":{"start":{"line":3,"column":28156},"end":{"line":3,"column":28178}},"657":{"start":{"line":3,"column":28223},"end":{"line":3,"column":28307}},"658":{"start":{"line":3,"column":28363},"end":{"line":3,"column":28396}},"659":{"start":{"line":3,"column":28426},"end":{"line":3,"column":28457}},"660":{"start":{"line":3,"column":28511},"end":{"line":4,"column":418}},"661":{"start":{"line":3,"column":28561},"end":{"line":3,"column":28751}},"662":{"start":{"line":3,"column":28589},"end":{"line":3,"column":28606}},"663":{"start":{"line":3,"column":28612},"end":{"line":3,"column":28622}},"664":{"start":{"line":3,"column":28623},"end":{"line":3,"column":28711}},"665":{"start":{"line":3,"column":28649},"end":{"line":3,"column":28666}},"666":{"start":{"line":3,"column":28672},"end":{"line":3,"column":28685}},"667":{"start":{"line":3,"column":28686},"end":{"line":3,"column":28710}},"668":{"start":{"line":3,"column":28717},"end":{"line":3,"column":28723}},"669":{"start":{"line":3,"column":28724},"end":{"line":3,"column":28750}},"670":{"start":{"line":3,"column":28742},"end":{"line":3,"column":28750}},"671":{"start":{"line":3,"column":28751},"end":{"line":3,"column":28762}},"672":{"start":{"line":3,"column":28783},"end":{"line":3,"column":28997}},"673":{"start":{"line":3,"column":28810},"end":{"line":3,"column":28818}},"674":{"start":{"line":3,"column":28821},"end":{"line":3,"column":28850}},"675":{"start":{"line":3,"column":28851},"end":{"line":3,"column":28939}},"676":{"start":{"line":3,"column":28885},"end":{"line":3,"column":28893}},"677":{"start":{"line":3,"column":28951},"end":{"line":3,"column":28973}},"678":{"start":{"line":3,"column":28974},"end":{"line":3,"column":28996}},"679":{"start":{"line":3,"column":28997},"end":{"line":3,"column":29186}},"680":{"start":{"line":3,"column":29193},"end":{"line":3,"column":29206}},"681":{"start":{"line":3,"column":29209},"end":{"line":3,"column":29220}},"682":{"start":{"line":3,"column":29223},"end":{"line":3,"column":29234}},"683":{"start":{"line":3,"column":29237},"end":{"line":3,"column":29247}},"684":{"start":{"line":3,"column":29250},"end":{"line":3,"column":29260}},"685":{"start":{"line":3,"column":29263},"end":{"line":3,"column":29265}},"686":{"start":{"line":3,"column":29266},"end":{"line":4,"column":417}},"687":{"start":{"line":3,"column":29317},"end":{"line":3,"column":29344}},"688":{"start":{"line":3,"column":29378},"end":{"line":3,"column":29519}},"689":{"start":{"line":3,"column":29562},"end":{"line":3,"column":30075}},"690":{"start":{"line":3,"column":29594},"end":{"line":3,"column":29639}},"691":{"start":{"line":3,"column":29640},"end":{"line":3,"column":30004}},"692":{"start":{"line":3,"column":29645},"end":{"line":3,"column":29762}},"693":{"start":{"line":3,"column":29773},"end":{"line":3,"column":29828}},"694":{"start":{"line":3,"column":29829},"end":{"line":3,"column":30003}},"695":{"start":{"line":3,"column":30004},"end":{"line":3,"column":30074}},"696":{"start":{"line":3,"column":30119},"end":{"line":3,"column":30174}},"697":{"start":{"line":3,"column":30180},"end":{"line":3,"column":30227}},"698":{"start":{"line":3,"column":30228},"end":{"line":3,"column":30273}},"699":{"start":{"line":3,"column":30316},"end":{"line":3,"column":30406}},"700":{"start":{"line":3,"column":30412},"end":{"line":3,"column":30463}},"701":{"start":{"line":3,"column":30464},"end":{"line":3,"column":30509}},"702":{"start":{"line":3,"column":30551},"end":{"line":3,"column":30653}},"703":{"start":{"line":3,"column":30595},"end":{"line":3,"column":30615}},"704":{"start":{"line":3,"column":30616},"end":{"line":3,"column":30652}},"705":{"start":{"line":3,"column":30686},"end":{"line":3,"column":30706}},"706":{"start":{"line":3,"column":30736},"end":{"line":3,"column":30873}},"707":{"start":{"line":3,"column":30915},"end":{"line":3,"column":30928}},"708":{"start":{"line":3,"column":30929},"end":{"line":3,"column":31022}},"709":{"start":{"line":3,"column":30938},"end":{"line":3,"column":31022}},"710":{"start":{"line":3,"column":31028},"end":{"line":3,"column":31035}},"711":{"start":{"line":3,"column":31036},"end":{"line":3,"column":31131}},"712":{"start":{"line":3,"column":31051},"end":{"line":3,"column":31131}},"713":{"start":{"line":3,"column":31137},"end":{"line":3,"column":31155}},"714":{"start":{"line":3,"column":31156},"end":{"line":3,"column":31455}},"715":{"start":{"line":3,"column":31230},"end":{"line":3,"column":31455}},"716":{"start":{"line":3,"column":31455},"end":{"line":3,"column":31469}},"717":{"start":{"line":3,"column":31475},"end":{"line":3,"column":31486}},"718":{"start":{"line":3,"column":31487},"end":{"line":3,"column":31719}},"719":{"start":{"line":3,"column":31747},"end":{"line":3,"column":31857}},"720":{"start":{"line":3,"column":31771},"end":{"line":3,"column":31857}},"721":{"start":{"line":3,"column":31863},"end":{"line":3,"column":31885}},"722":{"start":{"line":3,"column":31888},"end":{"line":3,"column":31889}},"723":{"start":{"line":3,"column":31892},"end":{"line":3,"column":31909}},"724":{"start":{"line":3,"column":31910},"end":{"line":4,"column":38}},"725":{"start":{"line":3,"column":31934},"end":{"line":3,"column":31957}},"726":{"start":{"line":3,"column":31960},"end":{"line":3,"column":31984}},"727":{"start":{"line":3,"column":31987},"end":{"line":3,"column":31998}},"728":{"start":{"line":3,"column":31999},"end":{"line":4,"column":37}},"729":{"start":{"line":4,"column":80},"end":{"line":4,"column":166}},"730":{"start":{"line":4,"column":104},"end":{"line":4,"column":166}},"731":{"start":{"line":4,"column":166},"end":{"line":4,"column":175}},"732":{"start":{"line":4,"column":197},"end":{"line":4,"column":358}},"733":{"start":{"line":4,"column":275},"end":{"line":4,"column":358}},"734":{"start":{"line":4,"column":364},"end":{"line":4,"column":377}},"735":{"start":{"line":4,"column":380},"end":{"line":4,"column":391}},"736":{"start":{"line":4,"column":392},"end":{"line":4,"column":416}},"737":{"start":{"line":4,"column":482},"end":{"line":4,"column":775}},"738":{"start":{"line":4,"column":520},"end":{"line":4,"column":531}},"739":{"start":{"line":4,"column":532},"end":{"line":4,"column":568}},"740":{"start":{"line":4,"column":568},"end":{"line":4,"column":774}},"741":{"start":{"line":4,"column":594},"end":{"line":4,"column":612}},"742":{"start":{"line":4,"column":613},"end":{"line":4,"column":675}},"743":{"start":{"line":4,"column":654},"end":{"line":4,"column":669}},"744":{"start":{"line":4,"column":681},"end":{"line":4,"column":705}},"745":{"start":{"line":4,"column":706},"end":{"line":4,"column":717}},"746":{"start":{"line":4,"column":723},"end":{"line":4,"column":741}},"747":{"start":{"line":4,"column":742},"end":{"line":4,"column":773}},"748":{"start":{"line":4,"column":825},"end":{"line":4,"column":3178}},"749":{"start":{"line":4,"column":877},"end":{"line":4,"column":933}},"750":{"start":{"line":4,"column":939},"end":{"line":4,"column":942}},"751":{"start":{"line":4,"column":943},"end":{"line":4,"column":1128}},"752":{"start":{"line":4,"column":1149},"end":{"line":4,"column":1232}},"753":{"start":{"line":4,"column":1173},"end":{"line":4,"column":1232}},"754":{"start":{"line":4,"column":1238},"end":{"line":4,"column":1239}},"755":{"start":{"line":4,"column":1240},"end":{"line":4,"column":1539}},"756":{"start":{"line":4,"column":1255},"end":{"line":4,"column":1384}},"757":{"start":{"line":4,"column":1287},"end":{"line":4,"column":1384}},"758":{"start":{"line":4,"column":1384},"end":{"line":4,"column":1523}},"759":{"start":{"line":4,"column":1418},"end":{"line":4,"column":1523}},"760":{"start":{"line":4,"column":1523},"end":{"line":4,"column":1538}},"761":{"start":{"line":4,"column":1539},"end":{"line":4,"column":1614}},"762":{"start":{"line":4,"column":1621},"end":{"line":4,"column":1633}},"763":{"start":{"line":4,"column":1636},"end":{"line":4,"column":1647}},"764":{"start":{"line":4,"column":1650},"end":{"line":4,"column":1660}},"765":{"start":{"line":4,"column":1663},"end":{"line":4,"column":1673}},"766":{"start":{"line":4,"column":1676},"end":{"line":4,"column":1684}},"767":{"start":{"line":4,"column":1685},"end":{"line":4,"column":3177}},"768":{"start":{"line":4,"column":1735},"end":{"line":4,"column":1757}},"769":{"start":{"line":4,"column":1840},"end":{"line":4,"column":1852}},"770":{"start":{"line":4,"column":1855},"end":{"line":4,"column":1868}},"771":{"start":{"line":4,"column":1871},"end":{"line":4,"column":1892}},"772":{"start":{"line":4,"column":1895},"end":{"line":4,"column":1906}},"773":{"start":{"line":4,"column":1907},"end":{"line":4,"column":2592}},"774":{"start":{"line":4,"column":1915},"end":{"line":4,"column":2005}},"775":{"start":{"line":4,"column":1997},"end":{"line":4,"column":2005}},"776":{"start":{"line":4,"column":2011},"end":{"line":4,"column":2075}},"777":{"start":{"line":4,"column":2038},"end":{"line":4,"column":2075}},"778":{"start":{"line":4,"column":2075},"end":{"line":4,"column":2094}},"779":{"start":{"line":4,"column":2100},"end":{"line":4,"column":2113}},"780":{"start":{"line":4,"column":2116},"end":{"line":4,"column":2130}},"781":{"start":{"line":4,"column":2133},"end":{"line":4,"column":2148}},"782":{"start":{"line":4,"column":2149},"end":{"line":4,"column":2166}},"783":{"start":{"line":4,"column":2172},"end":{"line":4,"column":2190}},"784":{"start":{"line":4,"column":2193},"end":{"line":4,"column":2208}},"785":{"start":{"line":4,"column":2209},"end":{"line":4,"column":2317}},"786":{"start":{"line":4,"column":2289},"end":{"line":4,"column":2317}},"787":{"start":{"line":4,"column":2323},"end":{"line":4,"column":2341}},"788":{"start":{"line":4,"column":2342},"end":{"line":4,"column":2585}},"789":{"start":{"line":4,"column":2361},"end":{"line":4,"column":2375}},"790":{"start":{"line":4,"column":2381},"end":{"line":4,"column":2392}},"791":{"start":{"line":4,"column":2393},"end":{"line":4,"column":2477}},"792":{"start":{"line":4,"column":2413},"end":{"line":4,"column":2477}},"793":{"start":{"line":4,"column":2477},"end":{"line":4,"column":2572}},"794":{"start":{"line":4,"column":2497},"end":{"line":4,"column":2572}},"795":{"start":{"line":4,"column":2572},"end":{"line":4,"column":2584}},"796":{"start":{"line":4,"column":2585},"end":{"line":4,"column":2591}},"797":{"start":{"line":4,"column":2598},"end":{"line":4,"column":2619}},"798":{"start":{"line":4,"column":2620},"end":{"line":4,"column":2683}},"799":{"start":{"line":4,"column":2720},"end":{"line":4,"column":2876}},"800":{"start":{"line":4,"column":2802},"end":{"line":4,"column":2831}},"801":{"start":{"line":4,"column":2824},"end":{"line":4,"column":2831}},"802":{"start":{"line":4,"column":2837},"end":{"line":4,"column":2844}},"803":{"start":{"line":4,"column":2845},"end":{"line":4,"column":2875}},"804":{"start":{"line":4,"column":2912},"end":{"line":4,"column":2982}},"805":{"start":{"line":4,"column":2962},"end":{"line":4,"column":2982}},"806":{"start":{"line":4,"column":2982},"end":{"line":4,"column":3009}},"807":{"start":{"line":4,"column":3050},"end":{"line":4,"column":3078}},"808":{"start":{"line":4,"column":3110},"end":{"line":4,"column":3133}},"809":{"start":{"line":4,"column":3159},"end":{"line":4,"column":3176}},"810":{"start":{"line":4,"column":3228},"end":{"line":4,"column":4193}},"811":{"start":{"line":4,"column":3264},"end":{"line":4,"column":3275}},"812":{"start":{"line":4,"column":3278},"end":{"line":4,"column":3288}},"813":{"start":{"line":4,"column":3289},"end":{"line":4,"column":4192}},"814":{"start":{"line":4,"column":3310},"end":{"line":4,"column":3406}},"815":{"start":{"line":4,"column":3334},"end":{"line":4,"column":3406}},"816":{"start":{"line":4,"column":3406},"end":{"line":4,"column":3614}},"817":{"start":{"line":4,"column":3430},"end":{"line":4,"column":3438}},"818":{"start":{"line":4,"column":3439},"end":{"line":4,"column":3479}},"819":{"start":{"line":4,"column":3485},"end":{"line":4,"column":3511}},"820":{"start":{"line":4,"column":3514},"end":{"line":4,"column":3529}},"821":{"start":{"line":4,"column":3530},"end":{"line":4,"column":3613}},"822":{"start":{"line":4,"column":3647},"end":{"line":4,"column":3730}},"823":{"start":{"line":4,"column":3671},"end":{"line":4,"column":3730}},"824":{"start":{"line":4,"column":3736},"end":{"line":4,"column":3744}},"825":{"start":{"line":4,"column":3745},"end":{"line":4,"column":3785}},"826":{"start":{"line":4,"column":3791},"end":{"line":4,"column":3970}},"827":{"start":{"line":4,"column":3814},"end":{"line":4,"column":3876}},"828":{"start":{"line":4,"column":3882},"end":{"line":4,"column":3894}},"829":{"start":{"line":4,"column":3897},"end":{"line":4,"column":3909}},"830":{"start":{"line":4,"column":3910},"end":{"line":4,"column":3955}},"831":{"start":{"line":4,"column":3961},"end":{"line":4,"column":3970}},"832":{"start":{"line":4,"column":3976},"end":{"line":4,"column":3991}},"833":{"start":{"line":4,"column":3992},"end":{"line":4,"column":4072}},"834":{"start":{"line":4,"column":4120},"end":{"line":4,"column":4191}},"835":{"start":{"line":4,"column":4257},"end":{"line":4,"column":4321}},"836":{"start":{"line":4,"column":4342},"end":{"line":4,"column":4495}},"837":{"start":{"line":4,"column":4351},"end":{"line":4,"column":4412}},"838":{"start":{"line":4,"column":4412},"end":{"line":4,"column":4486}},"839":{"start":{"line":4,"column":4458},"end":{"line":4,"column":4462}},"840":{"start":{"line":4,"column":4463},"end":{"line":4,"column":4485}},"841":{"start":{"line":4,"column":4486},"end":{"line":4,"column":4494}},"842":{"start":{"line":4,"column":4495},"end":{"line":4,"column":4539}},"843":{"start":{"line":4,"column":4556},"end":{"line":4,"column":4731}},"844":{"start":{"line":4,"column":4577},"end":{"line":4,"column":4730}},"845":{"start":{"line":4,"column":4590},"end":{"line":4,"column":4723}},"846":{"start":{"line":4,"column":4602},"end":{"line":4,"column":4609}},"847":{"start":{"line":4,"column":4610},"end":{"line":4,"column":4645}},"848":{"start":{"line":4,"column":4651},"end":{"line":4,"column":4723}},"849":{"start":{"line":4,"column":4663},"end":{"line":4,"column":4689}},"850":{"start":{"line":4,"column":4690},"end":{"line":4,"column":4703}},"851":{"start":{"line":4,"column":4709},"end":{"line":4,"column":4723}},"852":{"start":{"line":4,"column":4723},"end":{"line":4,"column":4729}},"853":{"start":{"line":4,"column":4738},"end":{"line":4,"column":4749}},"854":{"start":{"line":4,"column":4752},"end":{"line":4,"column":4770}},"855":{"start":{"line":4,"column":4773},"end":{"line":4,"column":4786}},"856":{"start":{"line":4,"column":4789},"end":{"line":4,"column":4807}},"857":{"start":{"line":4,"column":4810},"end":{"line":4,"column":4820}},"858":{"start":{"line":4,"column":4823},"end":{"line":4,"column":4855}},"859":{"start":{"line":4,"column":4856},"end":{"line":4,"column":4867}},"860":{"start":{"line":4,"column":4942},"end":{"line":4,"column":5580}},"861":{"start":{"line":4,"column":4986},"end":{"line":4,"column":4990}},"862":{"start":{"line":4,"column":4991},"end":{"line":4,"column":5029}},"863":{"start":{"line":4,"column":5008},"end":{"line":4,"column":5029}},"864":{"start":{"line":4,"column":5035},"end":{"line":4,"column":5079}},"865":{"start":{"line":4,"column":5080},"end":{"line":4,"column":5104}},"866":{"start":{"line":4,"column":5127},"end":{"line":4,"column":5131}},"867":{"start":{"line":4,"column":5134},"end":{"line":4,"column":5149}},"868":{"start":{"line":4,"column":5152},"end":{"line":4,"column":5200}},"869":{"start":{"line":4,"column":5201},"end":{"line":4,"column":5225}},"870":{"start":{"line":4,"column":5248},"end":{"line":4,"column":5252}},"871":{"start":{"line":4,"column":5253},"end":{"line":4,"column":5296}},"872":{"start":{"line":4,"column":5266},"end":{"line":4,"column":5281}},"873":{"start":{"line":4,"column":5282},"end":{"line":4,"column":5295}},"874":{"start":{"line":4,"column":5302},"end":{"line":4,"column":5330}},"875":{"start":{"line":4,"column":5331},"end":{"line":4,"column":5355}},"876":{"start":{"line":4,"column":5362},"end":{"line":4,"column":5373}},"877":{"start":{"line":4,"column":5376},"end":{"line":4,"column":5384}},"878":{"start":{"line":4,"column":5387},"end":{"line":4,"column":5397}},"879":{"start":{"line":4,"column":5400},"end":{"line":4,"column":5410}},"880":{"start":{"line":4,"column":5411},"end":{"line":4,"column":5579}},"881":{"start":{"line":4,"column":5468},"end":{"line":4,"column":5567}},"882":{"start":{"line":4,"column":5499},"end":{"line":4,"column":5500}},"883":{"start":{"line":4,"column":5501},"end":{"line":4,"column":5566}},"884":{"start":{"line":4,"column":5567},"end":{"line":4,"column":5578}},"885":{"start":{"line":4,"column":5630},"end":{"line":4,"column":18271}},"886":{"start":{"line":4,"column":5681},"end":{"line":4,"column":5767}},"887":{"start":{"line":4,"column":5705},"end":{"line":4,"column":5767}},"888":{"start":{"line":4,"column":5767},"end":{"line":4,"column":5887}},"889":{"start":{"line":4,"column":5788},"end":{"line":4,"column":5887}},"890":{"start":{"line":4,"column":5902},"end":{"line":4,"column":6137}},"891":{"start":{"line":4,"column":6152},"end":{"line":4,"column":6184}},"892":{"start":{"line":4,"column":6199},"end":{"line":4,"column":6233}},"893":{"start":{"line":4,"column":6254},"end":{"line":4,"column":6262}},"894":{"start":{"line":4,"column":6263},"end":{"line":4,"column":6339}},"895":{"start":{"line":4,"column":6348},"end":{"line":4,"column":6443}},"896":{"start":{"line":4,"column":6359},"end":{"line":4,"column":6442}},"897":{"start":{"line":4,"column":6446},"end":{"line":4,"column":6504}},"898":{"start":{"line":4,"column":6457},"end":{"line":4,"column":6503}},"899":{"start":{"line":4,"column":6507},"end":{"line":4,"column":6545}},"900":{"start":{"line":4,"column":6519},"end":{"line":4,"column":6544}},"901":{"start":{"line":4,"column":6548},"end":{"line":4,"column":6550}},"902":{"start":{"line":4,"column":6553},"end":{"line":4,"column":6564}},"903":{"start":{"line":4,"column":6565},"end":{"line":4,"column":6701}},"904":{"start":{"line":4,"column":6593},"end":{"line":4,"column":6607}},"905":{"start":{"line":4,"column":6608},"end":{"line":4,"column":6637}},"906":{"start":{"line":4,"column":6650},"end":{"line":4,"column":6661}},"907":{"start":{"line":4,"column":6707},"end":{"line":4,"column":6717}},"908":{"start":{"line":4,"column":6720},"end":{"line":4,"column":6732}},"909":{"start":{"line":4,"column":6735},"end":{"line":4,"column":6740}},"910":{"start":{"line":4,"column":6741},"end":{"line":4,"column":6780}},"911":{"start":{"line":4,"column":6786},"end":{"line":4,"column":6799}},"912":{"start":{"line":4,"column":6802},"end":{"line":4,"column":6825}},"913":{"start":{"line":4,"column":6826},"end":{"line":4,"column":6852}},"914":{"start":{"line":4,"column":6858},"end":{"line":4,"column":6897}},"915":{"start":{"line":4,"column":6898},"end":{"line":4,"column":7036}},"916":{"start":{"line":4,"column":7042},"end":{"line":4,"column":7054}},"917":{"start":{"line":4,"column":7057},"end":{"line":4,"column":7059}},"918":{"start":{"line":4,"column":7062},"end":{"line":4,"column":7064}},"919":{"start":{"line":4,"column":7067},"end":{"line":4,"column":7088}},"920":{"start":{"line":4,"column":7091},"end":{"line":4,"column":7122}},"921":{"start":{"line":4,"column":7125},"end":{"line":4,"column":7142}},"922":{"start":{"line":4,"column":7145},"end":{"line":4,"column":7153}},"923":{"start":{"line":4,"column":7156},"end":{"line":4,"column":7181}},"924":{"start":{"line":4,"column":7185},"end":{"line":4,"column":7220}},"925":{"start":{"line":4,"column":7224},"end":{"line":4,"column":7246}},"926":{"start":{"line":4,"column":7249},"end":{"line":4,"column":7264}},"927":{"start":{"line":4,"column":7267},"end":{"line":4,"column":7277}},"928":{"start":{"line":4,"column":7280},"end":{"line":4,"column":7290}},"929":{"start":{"line":4,"column":7291},"end":{"line":4,"column":18270}},"930":{"start":{"line":4,"column":7330},"end":{"line":4,"column":7354}},"931":{"start":{"line":4,"column":7414},"end":{"line":4,"column":7430}},"932":{"start":{"line":4,"column":7431},"end":{"line":4,"column":7680}},"933":{"start":{"line":4,"column":7447},"end":{"line":4,"column":7461}},"934":{"start":{"line":4,"column":7464},"end":{"line":4,"column":7465}},"935":{"start":{"line":4,"column":7466},"end":{"line":4,"column":7617}},"936":{"start":{"line":4,"column":7491},"end":{"line":4,"column":7503}},"937":{"start":{"line":4,"column":7504},"end":{"line":4,"column":7608}},"938":{"start":{"line":4,"column":7522},"end":{"line":4,"column":7608}},"939":{"start":{"line":4,"column":7608},"end":{"line":4,"column":7616}},"940":{"start":{"line":4,"column":7617},"end":{"line":4,"column":7679}},"941":{"start":{"line":4,"column":7680},"end":{"line":4,"column":7706}},"942":{"start":{"line":4,"column":7739},"end":{"line":4,"column":7780}},"943":{"start":{"line":4,"column":7813},"end":{"line":4,"column":8028}},"944":{"start":{"line":4,"column":7900},"end":{"line":4,"column":7966}},"945":{"start":{"line":4,"column":7967},"end":{"line":4,"column":8027}},"946":{"start":{"line":4,"column":8028},"end":{"line":4,"column":8071}},"947":{"start":{"line":4,"column":8110},"end":{"line":4,"column":8146}},"948":{"start":{"line":4,"column":8147},"end":{"line":4,"column":8162}},"949":{"start":{"line":4,"column":8195},"end":{"line":4,"column":8316}},"950":{"start":{"line":4,"column":8354},"end":{"line":4,"column":8431}},"951":{"start":{"line":4,"column":8432},"end":{"line":4,"column":8579}},"952":{"start":{"line":4,"column":8608},"end":{"line":4,"column":8723}},"953":{"start":{"line":4,"column":8755},"end":{"line":4,"column":8802}},"954":{"start":{"line":4,"column":8851},"end":{"line":4,"column":8872}},"955":{"start":{"line":4,"column":8918},"end":{"line":4,"column":8926}},"956":{"start":{"line":4,"column":8927},"end":{"line":4,"column":8950}},"957":{"start":{"line":4,"column":8956},"end":{"line":4,"column":9010}},"958":{"start":{"line":4,"column":9013},"end":{"line":4,"column":9025}},"959":{"start":{"line":4,"column":9026},"end":{"line":4,"column":9110}},"960":{"start":{"line":4,"column":9130},"end":{"line":4,"column":9155}},"961":{"start":{"line":4,"column":9182},"end":{"line":4,"column":9186}},"962":{"start":{"line":4,"column":9187},"end":{"line":4,"column":9288}},"963":{"start":{"line":4,"column":9357},"end":{"line":4,"column":9365}},"964":{"start":{"line":4,"column":9366},"end":{"line":4,"column":9421}},"965":{"start":{"line":4,"column":9450},"end":{"line":4,"column":9536}},"966":{"start":{"line":4,"column":9474},"end":{"line":4,"column":9536}},"967":{"start":{"line":4,"column":9536},"end":{"line":4,"column":9560}},"968":{"start":{"line":4,"column":9606},"end":{"line":4,"column":9616}},"969":{"start":{"line":4,"column":9619},"end":{"line":4,"column":9631}},"970":{"start":{"line":4,"column":9634},"end":{"line":4,"column":9648}},"971":{"start":{"line":4,"column":9651},"end":{"line":4,"column":9662}},"972":{"start":{"line":4,"column":9663},"end":{"line":4,"column":9869}},"973":{"start":{"line":4,"column":9875},"end":{"line":4,"column":9878}},"974":{"start":{"line":4,"column":9879},"end":{"line":4,"column":10301}},"975":{"start":{"line":4,"column":9910},"end":{"line":4,"column":9929}},"976":{"start":{"line":4,"column":9930},"end":{"line":4,"column":10268}},"977":{"start":{"line":4,"column":10274},"end":{"line":4,"column":10301}},"978":{"start":{"line":4,"column":10301},"end":{"line":4,"column":10309}},"979":{"start":{"line":4,"column":10342},"end":{"line":4,"column":10369}},"980":{"start":{"line":4,"column":10408},"end":{"line":4,"column":10445}},"981":{"start":{"line":4,"column":10483},"end":{"line":4,"column":10526}},"982":{"start":{"line":4,"column":10563},"end":{"line":4,"column":10607}},"983":{"start":{"line":4,"column":10646},"end":{"line":4,"column":10725}},"984":{"start":{"line":4,"column":10763},"end":{"line":4,"column":10841}},"985":{"start":{"line":4,"column":10880},"end":{"line":4,"column":10958}},"986":{"start":{"line":4,"column":10995},"end":{"line":4,"column":11032}},"987":{"start":{"line":4,"column":11066},"end":{"line":4,"column":11098}},"988":{"start":{"line":4,"column":11139},"end":{"line":4,"column":11175}},"989":{"start":{"line":4,"column":11214},"end":{"line":4,"column":11290}},"990":{"start":{"line":4,"column":11335},"end":{"line":4,"column":11372}},"991":{"start":{"line":4,"column":11417},"end":{"line":4,"column":11482}},"992":{"start":{"line":4,"column":11526},"end":{"line":4,"column":11561}},"993":{"start":{"line":4,"column":11562},"end":{"line":4,"column":11630}},"994":{"start":{"line":4,"column":11667},"end":{"line":4,"column":11687}},"995":{"start":{"line":4,"column":11735},"end":{"line":4,"column":11755}},"996":{"start":{"line":4,"column":11801},"end":{"line":4,"column":11821}},"997":{"start":{"line":4,"column":11909},"end":{"line":4,"column":11943}},"998":{"start":{"line":4,"column":11947},"end":{"line":4,"column":11967}},"999":{"start":{"line":4,"column":11970},"end":{"line":4,"column":11981}},"1000":{"start":{"line":4,"column":11984},"end":{"line":4,"column":12000}},"1001":{"start":{"line":4,"column":12001},"end":{"line":4,"column":12051}},"1002":{"start":{"line":4,"column":12104},"end":{"line":4,"column":12130}},"1003":{"start":{"line":4,"column":12133},"end":{"line":4,"column":12157}},"1004":{"start":{"line":4,"column":12160},"end":{"line":4,"column":12175}},"1005":{"start":{"line":4,"column":12178},"end":{"line":4,"column":12194}},"1006":{"start":{"line":4,"column":12195},"end":{"line":4,"column":12245}},"1007":{"start":{"line":4,"column":12299},"end":{"line":4,"column":12313}},"1008":{"start":{"line":4,"column":12314},"end":{"line":4,"column":12716}},"1009":{"start":{"line":4,"column":12358},"end":{"line":4,"column":12549}},"1010":{"start":{"line":4,"column":12560},"end":{"line":4,"column":12565}},"1011":{"start":{"line":4,"column":12566},"end":{"line":4,"column":12715}},"1012":{"start":{"line":4,"column":12716},"end":{"line":4,"column":12745}},"1013":{"start":{"line":4,"column":12780},"end":{"line":4,"column":12822}},"1014":{"start":{"line":4,"column":12867},"end":{"line":4,"column":13489}},"1015":{"start":{"line":4,"column":12902},"end":{"line":4,"column":12950}},"1016":{"start":{"line":4,"column":12914},"end":{"line":4,"column":12950}},"1017":{"start":{"line":4,"column":12956},"end":{"line":4,"column":12965}},"1018":{"start":{"line":4,"column":12966},"end":{"line":4,"column":13011}},"1019":{"start":{"line":4,"column":12987},"end":{"line":4,"column":13011}},"1020":{"start":{"line":4,"column":13011},"end":{"line":4,"column":13039}},"1021":{"start":{"line":4,"column":13045},"end":{"line":4,"column":13056}},"1022":{"start":{"line":4,"column":13057},"end":{"line":4,"column":13099}},"1023":{"start":{"line":4,"column":13069},"end":{"line":4,"column":13099}},"1024":{"start":{"line":4,"column":13105},"end":{"line":4,"column":13116}},"1025":{"start":{"line":4,"column":13117},"end":{"line":4,"column":13488}},"1026":{"start":{"line":4,"column":13144},"end":{"line":4,"column":13158}},"1027":{"start":{"line":4,"column":13159},"end":{"line":4,"column":13190}},"1028":{"start":{"line":4,"column":13190},"end":{"line":4,"column":13239}},"1029":{"start":{"line":4,"column":13210},"end":{"line":4,"column":13239}},"1030":{"start":{"line":4,"column":13239},"end":{"line":4,"column":13299}},"1031":{"start":{"line":4,"column":13305},"end":{"line":4,"column":13488}},"1032":{"start":{"line":4,"column":13325},"end":{"line":4,"column":13351}},"1033":{"start":{"line":4,"column":13356},"end":{"line":4,"column":13488}},"1034":{"start":{"line":4,"column":13376},"end":{"line":4,"column":13402}},"1035":{"start":{"line":4,"column":13413},"end":{"line":4,"column":13448}},"1036":{"start":{"line":4,"column":13449},"end":{"line":4,"column":13487}},"1037":{"start":{"line":4,"column":13541},"end":{"line":4,"column":13563}},"1038":{"start":{"line":4,"column":13566},"end":{"line":4,"column":13571}},"1039":{"start":{"line":4,"column":13572},"end":{"line":4,"column":13681}},"1040":{"start":{"line":4,"column":13603},"end":{"line":4,"column":13663}},"1041":{"start":{"line":4,"column":13664},"end":{"line":4,"column":13680}},"1042":{"start":{"line":4,"column":13681},"end":{"line":4,"column":13729}},"1043":{"start":{"line":4,"column":13782},"end":{"line":4,"column":13786}},"1044":{"start":{"line":4,"column":13787},"end":{"line":4,"column":13833}},"1045":{"start":{"line":4,"column":13839},"end":{"line":4,"column":13841}},"1046":{"start":{"line":4,"column":13844},"end":{"line":4,"column":13931}},"1047":{"start":{"line":4,"column":13872},"end":{"line":4,"column":13893}},"1048":{"start":{"line":4,"column":13907},"end":{"line":4,"column":13929}},"1049":{"start":{"line":4,"column":13932},"end":{"line":4,"column":13991}},"1050":{"start":{"line":4,"column":14055},"end":{"line":4,"column":14066}},"1051":{"start":{"line":4,"column":14067},"end":{"line":4,"column":14429}},"1052":{"start":{"line":4,"column":14085},"end":{"line":4,"column":14102}},"1053":{"start":{"line":4,"column":14108},"end":{"line":4,"column":14262}},"1054":{"start":{"line":4,"column":14268},"end":{"line":4,"column":14283}},"1055":{"start":{"line":4,"column":14284},"end":{"line":4,"column":14428}},"1056":{"start":{"line":4,"column":14462},"end":{"line":4,"column":14511}},"1057":{"start":{"line":4,"column":14495},"end":{"line":4,"column":14511}},"1058":{"start":{"line":4,"column":14511},"end":{"line":4,"column":14519}},"1059":{"start":{"line":4,"column":14554},"end":{"line":4,"column":14584}},"1060":{"start":{"line":4,"column":14623},"end":{"line":4,"column":14648}},"1061":{"start":{"line":4,"column":14701},"end":{"line":4,"column":14715}},"1062":{"start":{"line":4,"column":14718},"end":{"line":4,"column":14732}},"1063":{"start":{"line":4,"column":14735},"end":{"line":4,"column":14752}},"1064":{"start":{"line":4,"column":14753},"end":{"line":4,"column":15280}},"1065":{"start":{"line":4,"column":15351},"end":{"line":4,"column":15360}},"1066":{"start":{"line":4,"column":15363},"end":{"line":4,"column":15372}},"1067":{"start":{"line":4,"column":15375},"end":{"line":4,"column":15385}},"1068":{"start":{"line":4,"column":15388},"end":{"line":4,"column":15395}},"1069":{"start":{"line":4,"column":15396},"end":{"line":4,"column":15514}},"1070":{"start":{"line":4,"column":15558},"end":{"line":4,"column":15617}},"1071":{"start":{"line":4,"column":15669},"end":{"line":4,"column":15683}},"1072":{"start":{"line":4,"column":15686},"end":{"line":4,"column":15705}},"1073":{"start":{"line":4,"column":15706},"end":{"line":4,"column":15779}},"1074":{"start":{"line":4,"column":15837},"end":{"line":4,"column":15842}},"1075":{"start":{"line":4,"column":15843},"end":{"line":4,"column":15889}},"1076":{"start":{"line":4,"column":15930},"end":{"line":4,"column":15944}},"1077":{"start":{"line":4,"column":15945},"end":{"line":4,"column":16169}},"1078":{"start":{"line":4,"column":15971},"end":{"line":4,"column":16043}},"1079":{"start":{"line":4,"column":15990},"end":{"line":4,"column":15993}},"1080":{"start":{"line":4,"column":15994},"end":{"line":4,"column":16042}},"1081":{"start":{"line":4,"column":16043},"end":{"line":4,"column":16168}},"1082":{"start":{"line":4,"column":16209},"end":{"line":4,"column":16223}},"1083":{"start":{"line":4,"column":16224},"end":{"line":4,"column":16424}},"1084":{"start":{"line":4,"column":16249},"end":{"line":4,"column":16424}},"1085":{"start":{"line":4,"column":16469},"end":{"line":4,"column":16632}},"1086":{"start":{"line":4,"column":16496},"end":{"line":4,"column":16525}},"1087":{"start":{"line":4,"column":16528},"end":{"line":4,"column":16546}},"1088":{"start":{"line":4,"column":16549},"end":{"line":4,"column":16568}},"1089":{"start":{"line":4,"column":16569},"end":{"line":4,"column":16631}},"1090":{"start":{"line":4,"column":16676},"end":{"line":4,"column":16837}},"1091":{"start":{"line":4,"column":16703},"end":{"line":4,"column":16730}},"1092":{"start":{"line":4,"column":16733},"end":{"line":4
[...]
":0,"68":0,"69":0,"70":0,"71":0,"72":0,"73":0,"74":0,"75":0,"76":0,"77":0,"78":0,"79":0,"80":0,"81":0,"82":0,"83":0,"84":0,"85":0,"86":0,"87":0,"88":0,"89":0,"90":0,"91":0,"92":0,"93":0,"94":0,"95":0,"96":0,"97":0,"98":0,"99":0,"100":0,"101":0,"102":0,"103":0,"104":0,"105":0,"106":0,"107":0,"108":0,"109":0,"110":0,"111":0,"112":0,"113":0,"114":0,"115":0,"116":0,"117":0,"118":0,"119":0,"120":0,"121":0,"122":0,"123":0,"124":0,"125":0,"126":0,"127":0,"128":0,"129":0,"130":0,"131":0,"132":0,"133":0,"134":0,"135":0,"136":0,"137":0,"138":0,"139":0,"140":0,"141":0,"142":0,"143":0,"144":0,"145":0,"146":0,"147":0,"148":0,"149":0,"150":0,"151":0,"152":0,"153":0,"154":0,"155":0,"156":0,"157":0,"158":0,"159":0,"160":0,"161":0,"162":0,"163":0,"164":0,"165":0,"166":0,"167":0,"168":0,"169":0,"170":0,"171":0,"172":0,"173":0,"174":0,"175":0,"176":0,"177":0,"178":0,"179":0,"180":0,"181":0,"182":0,"183":0,"184":0,"185":0,"186":0,"187":0,"188":0,"189":0,"190":0,"191":0,"192":0,"193":0,"194":0,"195":0,"196":0,"197":0,"198":0,"199":0,"200":0,"201":0,"202":0,"203":0,"204":0,"205":0,"206":0,"207":0,"208":0,"209":0,"210":0,"211":0,"212":0,"213":0,"214":0,"215":0,"216":0,"217":0,"218":0,"219":0,"220":0,"221":0,"222":0,"223":0,"224":0,"225":0,"226":0,"227":0,"228":0,"229":0,"230":0,"231":0,"232":0,"233":0,"234":0,"235":0,"236":0,"237":0,"238":0,"239":0,"240":0,"241":0,"242":0,"243":0,"244":0,"245":0,"246":0,"247":0,"248":0,"249":0,"250":0,"251":0,"252":0,"253":0,"254":0,"255":0,"256":0,"257":0,"258":0,"259":0,"260":0,"261":0,"262":0,"263":0,"264":0,"265":0,"266":0,"267":0,"268":0,"269":0,"270":0,"271":0,"272":0,"273":0,"274":0,"275":0,"276":0,"277":0,"278":0,"279":0,"280":0,"281":0,"282":0,"283":0,"284":0,"285":0,"286":0,"287":0,"288":0,"289":0,"290":0,"291":0,"292":0,"293":0,"294":0,"295":0,"296":0,"297":0,"298":0,"299":0,"300":0,"301":0,"302":0,"303":0,"304":0,"305":0,"306":0,"307":0,"308":0,"309":0,"310":0,"311":0,"312":0,"313":0,"314":0,"315":0,"316":0,"317":0,"318":0,"319":0,"320":0,"321":0,"322":0,"323":0,"324":0,"325":0,"326":0,"327":0,"328":0,"329":0,"330":0,"331":0,"332":0,"333":0,"334":0,"335":0,"336":0,"337":0,"338":0,"339":0,"340":0,"341":0,"342":0,"343":0,"344":0,"345":0,"346":0,"347":0,"348":0,"349":0,"350":0,"351":0,"352":0,"353":0,"354":0,"355":0,"356":0,"357":0,"358":0,"359":0,"360":0,"361":0,"362":0,"363":0,"364":0,"365":0,"366":0,"367":0,"368":0,"369":0,"370":0,"371":0,"372":0,"373":0,"374":0,"375":0,"376":0,"377":0,"378":0,"379":0,"380":0,"381":0,"382":0,"383":0,"384":0,"385":0,"386":0,"387":0,"388":0,"389":0,"390":0,"391":0,"392":0,"393":0,"394":0,"395":0,"396":0,"397":0,"398":0,"399":0,"400":0,"401":0,"402":0,"403":0,"404":0,"405":0,"406":0,"407":0,"408":0,"409":0,"410":0,"411":0,"412":0,"413":0,"414":0,"415":0,"416":0,"417":0,"418":0,"419":0,"420":0,"421":0,"422":0,"423":0,"424":0,"425":0,"426":0,"427":0,"428":0,"429":0,"430":0,"431":0,"432":0,"433":0,"434":0,"435":0,"436":0,"437":0,"438":0,"439":0,"440":0,"441":0,"442":0,"443":0,"444":0,"445":0,"446":0,"447":0,"448":0,"449":0,"450":0,"451":0,"452":0,"453":0,"454":0,"455":0,"456":0,"457":0,"458":0,"459":0,"460":0,"461":0,"462":0,"463":0,"464":0,"465":0,"466":0,"467":0,"468":0,"469":0,"470":0,"471":0,"472":0,"473":0,"474":0,"475":0,"476":0,"477":0,"478":0,"479":0,"480":0,"481":0,"482":0,"483":0,"484":0,"485":0,"486":0,"487":0,"488":0,"489":0,"490":0,"491":0,"492":0,"493":0,"494":0,"495":0,"496":0,"497":0,"498":0,"499":0,"500":0,"501":0,"502":0,"503":0,"504":0,"505":0,"506":0,"507":0,"508":0,"509":0,"510":0,"511":0,"512":0,"513":0,"514":0,"515":0,"516":0,"517":0,"518":0,"519":0,"520":0,"521":0,"522":0,"523":0,"524":0,"525":0,"526":0,"527":0,"528":0,"529":0,"530":0,"531":0,"532":0,"533":0,"534":0,"535":0,"536":0,"537":0,"538":0,"539":0,"540":0,"541":0,"542":0,"543":0,"544":0,"545":0,"546":0,"547":0,"548":0,"549":0,"550":0,"551":0,"552":0,"553":0,"554":0,"555":0,"556":0,"557":0,"558":0,"559":0,"560":0,"561":0,"562":0,"563":0,"564":0,"565":0,"566":0,"567":0,"568":0,"569":0,"570":0,"571":0,"572":0,"573":0,"574":0,"575":0,"576":0,"577":0,"578":0,"579":0,"580":0,"581":0,"582":0,"583":0,"584":0,"585":0,"586":0,"587":0,"588":0,"589":0,"590":0,"591":0,"592":0,"593":0,"594":0,"595":0,"596":0,"597":2,"598":534,"599":1,"600":6,"601":4,"602":13,"603":11,"604":2,"605":6,"606":4,"607":3,"608":3,"609":2,"610":6,"611":3,"612":5,"613":2,"614":5,"615":5,"616":1,"617":85,"618":6,"619":1,"620":264,"621":20,"622":5,"623":2,"624":2,"625":7,"626":6,"627":2,"628":38,"629":0,"630":4,"631":1,"632":12,"633":2,"634":5,"635":2,"636":2,"637":2,"638":7,"639":1,"640":5,"641":1,"642":9,"643":3,"644":0,"645":1,"646":13,"647":2,"648":2,"649":2,"650":1,"651":4,"652":0,"653":6,"654":2,"655":5,"656":0,"657":6,"658":3,"659":3,"660":0,"661":1,"662":0,"663":0,"664":0,"665":0,"666":0,"667":0,"668":0,"669":3,"670":8,"671":5,"672":10,"673":2,"674":0,"675":0,"676":0,"677":0,"678":2,"679":50,"680":5,"681":1,"682":0,"683":1,"684":6,"685":1,"686":4,"687":8,"688":0,"689":1,"690":0,"691":1,"692":1,"693":1,"694":0,"695":0,"696":7,"697":11,"698":24,"699":4,"700":0,"701":0,"702":4,"703":7,"704":4,"705":2,"706":2,"707":0,"708":0,"709":47,"710":3,"711":3,"712":3,"713":2,"714":2,"715":11,"716":3,"717":2,"718":2,"719":1,"720":3,"721":1,"722":2,"723":2,"724":1,"725":1,"726":0,"727":0,"728":0,"729":0,"730":0,"731":0,"732":0,"733":0,"734":0,"735":0,"736":0,"737":2,"738":0,"739":2,"740":5,"741":1,"742":4,"743":1,"744":10,"745":1,"746":1,"747":0,"748":1,"749":4,"750":2,"751":5,"752":3,"753":30,"754":0,"755":0,"756":0,"757":38,"758":2,"759":0,"760":0,"761":0,"762":0,"763":0,"764":0,"765":1,"766":3,"767":1,"768":3,"769":3,"770":1,"771":4,"772":1,"773":1,"774":11,"775":1,"776":1,"777":0,"778":0,"779":4,"780":2,"781":1,"782":1,"783":0,"784":0,"785":0,"786":0,"787":0,"788":0,"789":0,"790":0,"791":0,"792":0,"793":0,"794":2,"795":0,"796":1,"797":3,"798":1,"799":2,"800":1,"801":1,"802":0,"803":0,"804":0,"805":0,"806":0,"807":0,"808":0,"809":0,"810":0,"811":0,"812":0,"813":0,"814":0,"815":0,"816":0,"817":1,"818":1,"819":0,"820":3,"821":14,"822":12,"823":4,"824":1,"825":12,"826":12,"827":0,"828":6,"829":4,"830":2,"831":1,"832":1,"833":0,"834":0,"835":0,"836":0,"837":0,"838":0,"839":0,"840":0,"841":0,"842":0,"843":0,"844":2,"845":0,"846":1,"847":3,"848":1,"849":2,"850":1,"851":12,"852":1,"853":0,"854":120,"855":0,"856":0,"857":1,"858":0,"859":3,"860":1},"b":{"0":[0,1],"1":[1,1],"2":[0,0],"3":[0,0],"4":[0,0],"5":[0,0],"6":[0,0],"7":[0,0],"8":[0,0],"9":[0,0],"10":[0,0],"11":[0,0],"12":[0,0],"13":[0,0],"14":[0,0],"15":[0,0],"16":[0,0],"17":[0,0],"18":[0,0],"19":[0,0],"20":[0,0],"21":[0,0],"22":[0,0],"23":[0,0],"24":[0,0],"25":[0,0],"26":[0,0],"27":[0,0],"28":[0,0],"29":[0,0],"30":[0,0],"31":[0,0],"32":[0,0],"33":[0,0],"34":[0,0],"35":[0,0],"36":[0,0],"37":[0,0],"38":[0,0],"39":[0,0],"40":[0,0],"41":[0,0],"42":[0,0],"43":[0,0],"44":[0,0],"45":[0,0],"46":[0,0],"47":[0,0],"48":[0,0],"49":[0,0],"50":[0,0],"51":[0,0],"52":[0,0],"53":[0,0],"54":[0,0],"55":[0,0],"56":[0,0],"57":[0,0],"58":[0,0],"59":[0,0],"60":[0,0],"61":[0,0],"62":[0,0],"63":[0,0],"64":[0,0,0],"65":[0,0],"66":[0,0],"67":[0,0],"68":[0,0],"69":[0,0],"70":[0,0],"71":[0,0],"72":[0,0],"73":[0,0],"74":[0,0],"75":[0,0,0],"76":[0,0],"77":[0,0],"78":[0,0],"79":[0,0],"80":[0,0],"81":[0,0],"82":[0,0,0],"83":[0,0,0],"84":[0,0],"85":[0,0],"86":[0,0],"87":[0,0],"88":[0,0],"89":[0,0,0],"90":[0,0],"91":[0,0],"92":[0,0,0],"93":[0,0],"94":[0,0],"95":[0,0],"96":[0,0],"97":[0,0],"98":[0,0],"99":[0,0],"100":[0,0],"101":[0,0],"102":[0,0],"103":[0,0],"104":[0,0],"105":[0,0],"106":[0,0],"107":[0,0],"108":[0,0],"109":[0,0],"110":[0,0,0,0],"111":[0,0],"112":[0,0],"113":[0,0],"114":[0,0],"115":[0,0,0],"116":[0,0,0],"117":[0,0],"118":[0,0],"119":[0,0],"120":[0,0],"121":[0,0],"122":[0,0],"123":[0,0],"124":[0,0],"125":[0,0,0],"126":[0,0],"127":[0,0],"128":[0,0],"129":[0,0,0],"130":[0,0],"131":[0,0],"132":[0,0],"133":[0,0],"134":[0,0],"135":[0,0],"136":[0,0],"137":[0,0],"138":[0,0],"139":[0,0],"140":[0,0],"141":[0,0,0,0,0,0,0],"142":[0,0],"143":[0,0],"144":[0,0,0,0],"145":[0,0],"146":[0,0],"147":[0,0,0],"148":[0,0,0],"149":[0,0,0],"150":[0,0,0],"151":[0,0],"152":[0,0],"153":[0,0],"154":[0,0],"155":[0,0],"156":[0,0],"157":[0,0],"158":[0,0],"159":[0,0],"160":[0,0],"161":[0,0],"162":[0,0],"163":[0,0],"164":[0,0],"165":[0,0],"166":[0,0],"167":[0,0],"168":[0,0],"169":[0,0],"170":[0,0],"171":[0,0],"172":[0,0],"173":[0,0],"174":[0,0],"175":[0,0,0],"176":[0,0,0],"177":[0,0],"178":[0,0,0],"179":[0,0],"180":[0,0],"181":[0,0],"182":[0,0],"183":[0,0,0],"184":[0,0],"185":[0,0],"186":[0,0],"187":[0,0],"188":[0,0],"189":[0,0],"190":[0,0],"191":[0,0],"192":[0,0],"193":[0,0],"194":[0,0],"195":[0,0],"196":[0,0],"197":[0,0],"198":[0,0],"199":[0,0],"200":[0,0,0],"201":[0,0],"202":[0,0],"203":[0,0,0,0],"204":[0,0,0],"205":[0,0],"206":[0,0],"207":[0,0],"208":[0,0,0],"209":[0,0],"210":[0,0],"211":[0,0],"212":[0,0],"213":[0,0],"214":[0,0],"215":[0,0],"216":[0,0],"217":[0,0],"218":[0,0],"219":[0,0],"220":[0,0],"221":[0,0],"222":[0,0],"223":[0,0],"224":[0,0],"225":[0,0,0],"226":[0,0],"227":[0,0],"228":[0,0],"229":[0,0],"230":[0,0],"231":[0,0],"232":[0,0],"233":[0,0],"234":[0,0],"235":[0,0],"236":[0,0],"237":[0,0],"238":[0,0],"239":[0,0],"240":[0,0],"241":[0,0],"242":[0,0],"243":[0,0,0],"244":[0,0],"245":[0,0],"246":[0,0],"247":[0,0],"248":[0,0],"249":[0,0],"250":[0,0],"251":[0,0],"252":[0,0],"253":[0,0],"254":[0,0],"255":[0,0],"256":[0,0],"257":[0,0],"258":[0,0],"259":[0,0],"260":[0,0],"261":[0,0],"262":[0,0],"263":[0,0],"264":[0,0],"265":[0,0],"266":[0,0],"267":[0,0],"268":[0,0],"269":[0,0],"270":[0,0],"271":[0,0,0],"272":[0,0],"273":[0,0],"274":[0,0],"275":[0,0],"276":[0,0],"277":[0,0],"278":[0,0],"279":[0,0],"280":[0,0],"281":[0,0],"282":[0,0],"283":[0,0],"284":[0,0],"285":[0,0],"286":[0,0],"287":[0,0],"288":[0,0],"289":[0,0],"290":[0,0],"291":[0,0],"292":[0,0],"293":[0,0],"294":[0,0],"295":[0,0],"296":[0,0],"297":[0,0],"298":[0,0],"299":[0,0],"300":[0,0],"301":[0,0],"302":[0,0],"303":[0,0],"304":[0,0],"305":[0,0],"306":[0,0],"307":[0,0],"308":[0,0,0],"309":[0,0],"310":[0,0],"311":[0,0],"312":[0,0],"313":[0,0],"314":[0,0],"315":[0,0],"316":[0,0],"317":[0,0,0,0],"318":[0,0],"319":[0,0],"320":[0,0],"321":[0,0],"322":[0,0],"323":[0,0],"324":[0,0],"325":[0,0],"326":[0,0],"327":[0,0],"328":[0,0],"329":[0,0],"330":[0,0,0],"331":[0,0],"332":[0,0],"333":[0,0],"334":[0,0],"335":[0,0],"336":[0,0],"337":[0,0],"338":[0,0],"339":[0,0],"340":[0,0],"341":[0,0],"342":[0,0],"343":[0,0],"344":[0,0],"345":[0,0],"346":[0,0],"347":[0,0],"348":[0,0],"349":[0,0],"350":[0,0],"351":[0,0],"352":[0,0],"353":[0,0],"354":[0,0],"355":[0,0],"356":[0,0],"357":[0,0],"358":[0,0],"359":[0,0],"360":[0,0],"361":[0,0],"362":[0,0],"363":[0,0],"364":[0,0],"365":[0,0,0],"366":[0,0],"367":[0,0],"368":[0,0],"369":[0,0],"370":[0,0],"371":[0,0],"372":[0,0],"373":[0,0],"374":[0,0],"375":[0,0],"376":[0,0],"377":[0,0],"378":[0,0],"379":[0,0],"380":[0,0],"381":[0,0],"382":[0,0],"383":[0,0],"384":[0,0],"385":[0,0],"386":[0,0],"387":[0,0],"388":[0,0],"389":[0,0],"390":[0,0],"391":[0,0],"392":[0,0],"393":[0,0],"394":[0,0],"395":[0,0],"396":[0,0],"397":[0,0],"398":[0,0],"399":[0,0],"400":[0,0],"401":[0,0],"402":[0,0],"403":[0,0],"404":[0,0],"405":[0,0],"406":[0,0],"407":[0,0],"408":[0,0],"409":[0,0],"410":[0,0],"411":[0,0],"412":[0,0],"413":[0,0],"414":[0,0],"415":[0,0],"416":[0,0],"417":[0,0],"418":[0,0],"419":[0,0],"420":[0,0],"421":[0,0],"422":[0,0],"423":[0,0],"424":[0,0],"425":[0,0,0],"426":[0,0],"427":[0,0],"428":[0,0],"429":[0,0],"430":[0,0],"431":[0,0],"432":[0,0],"433":[0,0],"434":[0,0,0,0,0],"435":[0,0],"436":[0,0],"437":[0,0],"438":[0,0],"439":[0,0],"440":[0,0],"441":[0,0,0],"442":[0,0],"443":[0,0],"444":[0,0],"445":[0,0],"446":[0,0],"447":[0,0],"448":[0,0],"449":[0,0],"450":[0,0],"451":[0,0],"452":[0,0,0],"453":[0,0],"454":[0,0],"455":[0,0],"456":[0,0],"457":[0,0],"458":[0,0],"459":[0,0],"460":[0,0],"461":[0,0],"462":[0,0],"463":[0,0],"464":[0,0],"465":[0,0],"466":[0,0,0],"467":[0,0],"468":[0,0],"469":[0,0],"470":[0,0],"471":[0,0],"472":[0,0],"473":[0,0],"474":[0,0],"475":[0,0],"476":[0,0],"477":[0,0,0,0],"478":[0,0],"479":[0,0],"480":[0,0],"481":[0,0],"482":[0,0],"483":[0,0],"484":[0,0],"485":[0,0],"486":[0,0],"487":[0,0],"488":[0,0],"489":[0,0],"490":[0,0],"491":[0,0],"492":[0,0],"493":[0,0,0,0,0],"494":[0,0],"495":[0,0],"496":[0,0],"497":[0,0],"498":[0,0],"499":[0,0],"500":[0,0],"501":[0,0],"502":[0,0,0,0],"503":[0,0],"504":[0,0],"505":[0,0],"506":[0,0],"507":[0,0],"508":[0,0],"509":[0,0],"510":[0,0],"511":[0,0],"512":[0,0],"513":[0,0],"514":[0,0],"515":[0,0],"516":[0,0],"517":[0,0],"518":[0,0],"519":[0,0],"520":[0,0],"521":[0,0],"522":[0,0],"523":[0,0],"524":[0,0],"525":[0,0],"526":[0,0,0],"527":[0,0],"528":[0,0,0],"529":[0,0],"530":[0,0],"531":[0,0],"532":[0,0],"533":[0,0],"534":[0,0],"535":[0,0,0,0,0],"536":[0,0],"537":[0,0],"538":[0,0],"539":[0,0],"540":[0,0],"541":[0,0],"542":[0,0],"543":[0,0],"544":[0,0],"545":[0,0,0],"546":[0,0],"547":[0,0],"548":[0,0],"549":[0,0],"550":[0,0],"551":[0,0],"552":[0,0],"553":[0,0],"554":[0,0],"555":[0,0],"556":[0,0],"557":[0,0,0,0,0],"558":[0,0,0],"559":[0,0],"560":[0,0],"561":[0,0],"562":[0,0],"563":[0,0],"564":[0,0],"565":[0,0],"566":[0,0],"567":[0,0],"568":[0,0],"569":[0,0],"570":[0,0],"571":[0,0],"572":[0,0,0],"573":[0,0,0,0],"574":[0,0],"575":[0,0],"576":[0,0],"577":[0,0],"578":[0,0],"579":[0,0],"580":[0,0],"581":[0,0],"582":[0,0],"583":[0,0],"584":[0,0],"585":[0,0,0],"586":[0,0],"587":[0,0],"588":[0,0],"589":[0,0],"590":[0,0,0,0],"591":[0,0],"592":[0,0],"593":[0,0],"594":[0,0],"595":[0,0],"596":[0,0],"597":[0,0],"598":[0,0],"599":[0,0],"600":[0,0],"601":[0,0],"602":[0,0],"603":[0,0],"604":[0,0],"605":[0,0,0],"606":[0,0],"607":[0,0,0],"608":[0,0],"609":[0,0],"610":[0,0],"611":[0,0,0],"612":[4,1],"613":[13,7],"614":[1,3],"615":[2,1],"616":[221,43],"617":[264,43],"618":[16,27],"619":[6,214],"620":[2,18],"621":[2,0],"622":[2,0],"623":[2,2],"624":[16,2],"625":[2,18],"626":[1,19],"627":[20,0],"628":[2,3],"629":[1,2],"630":[2,0],"631":[2,2],"632":[2,0],"633":[2,12],"634":[3,3],"635":[6,6],"636":[2,1],"637":[2,0],"638":[2,2],"639":[2,0],"640":[0,0],"641":[0,0],"642":[1,1],"643":[1,0],"644":[1,0],"645":[1,0],"646":[2,0],"647":[2,0],"648":[1,2],"649":[0,3],"650":[0,2],"651":[5,2],"652":[2,3],"653":[1,4],"654":[0,2],"655":[12,0],"656":[11,1],"657":[11,0],"658":[10,1],"659":[11,10,1,0],"660":[2,1],"661":[13,9],"662":[1,4],"663":[1,1],"664":[1,0],"665":[1,1],"666":[1,0],"667":[1,0],"668":[1,0],"669":[4,1],"670":[4,5],"671":[11,2],"672":[3,8],"673":[3,5],"674":[13,0],"675":[12,1],"676":[10,2],"677":[1,1],"678":[1,1],"679":[1,1],"680":[1,1],"681":[0,1],"682":[3,1],"683":[1,5],"684":[1,1],"685":[1,0],"686":[4,1],"687":[0,0],"688":[4,2],"689":[2,4],"690":[0,12],"691":[3,0],"692":[0,0],"693":[0,0],"694":[0,0],"695":[0,0],"696":[0,0],"697":[0,0],"698":[0,0],"699":[0,0],"700":[0,0],"701":[0,0],"702":[0,0],"703":[0,0],"704":[2,1],"705":[2,1],"706":[2,6],"707":[8,7,6],"708":[1,4],"709":[5,5],"710":[1,5],"711":[4,1],"712":[1,4],"713":[4,0],"714":[0,0],"715":[0,0],"716":[0,0],"717":[0,0],"718":[0,0],"719":[0,0],"720":[0],"721":[0,0],"722":[50,0],"723":[50,50],"724":[3,2],"725":[5,5],"726":[1,2],"727":[0,0],"728":[1,5],"729":[0,1],"730":[0,0],"731":[1,3],"732":[4,0],"733":[10,38],"734":[2,6],"735":[8,8],"736":[0,2],"737":[0,0],"738":[0,0],"739":[0,0],"740":[0,2],"741":[1,0],"742":[0,0],"743":[0,0],"744":[0,0],"745":[0,0],"746":[0,0],"747":[0,0,0],"748":[1,6],"749":[0,1],"750":[0,0],"751":[0,0],"752":[0,0],"753":[0,0],"754":[0,0],"755":[0,0],"756":[0,0],"757":[0],"758":[2],"759":[11],"760":[11,0],"761":[11,0],"762":[0,11],"763":[3,1],"764":[4,4],"765":[0,0],"766":[0,0],"767":[0,0],"768":[0,0],"769":[0,7],"770":[0,0,0,0],"771":[0,0],"772":[2,2],"773":[1,1],"774":[1,1],"775":[1,1],"776":[1,3],"777":[9,38],"778":[9,38],"779":[1,46],"780":[1,46],"781":[1,46],"782":[2,1],"783":[2,10],"784":[3,9],"785":[1,10],"786":[2,1],"787":[0,0],"788":[0,0],"789":[0,0],"790":[0,0],"791":[0,0],"792":[0,0],"793":[0,1],"794":[1,1],"795":[1,1],"796":[1,0],"797":[1,0],"798":[1,0],"799":[1,0],"800":[1,0],"801":[1,0],"802":[1,0],"803":[1,0],"804":[1,0],"805":[1,0],"806":[0,1],"807":[0,1],"808":[0,1],"809":[1,0],"810":[1,0],"811":[0,1],"812":[1,0],"813":[1,1],"814":[1,0],"815":[1,0],"816":[1,0],"817":[1,0],"818":[0,0],"819":[1,1,0],"820":[2,0],"821":[2,0],"822":[4,1],"823":[3,1],"824":[0],"825":[0],"826":[1],"827":[1,0],"828":[1,0],"829":[0,1],"830":[0,0],"831":[1,3],"832":[1,1],"833":[2,2],"834":[1,2],"835":[1,1],"836":[1,1],"837":[1,0],"838":[4,1],"839":[5,5],"840":[3,1],"841":[1,2],"842":[1,0],"843":[3,0],"844":[3,3],"845":[3,0],"846":[3,0],"847":[3,27],"848":[5,25],"849":[2,1],"850":[3,3,3],"851":[0,2],"852":[0,0],"853":[0,0],"854":[1,0],"855":[1,0],"856":[1,1],"857":[0,1],"858":[1,1],"859":[1,0],"860":[1,1],"861":[1,0],"862":[1,0],"863":[1,6],"864":[7,1],"865":[0,11],"866":[66,11],"867":[77,0],"868":[77,0],"869":[0,77],"870":[77,0],"871":[0,0],"872":[0,0],"873":[0,0],"874":[0,0],"875":[0,0],"876":[0,0],"877":[0,77],"878":[38,0],"879":[0,40],"880":[40,38,0],"881":[0,0],"882":[0,0],"883":[0,0],"884":[0,0],"885":[0,0],"886":[0,0],"887":[0,0],"888":[0,0,0],"889":[0,0],"890":[0,0],"891":[0,0],"892":[0,2],"893":[2,0],"894":[2,2],"895":[0,2],"896":[2,2],"897":[2,0],"898":[2,2],"899":[2,0],"900":[2,0],"901":[2,12],"902":[14,2],"903":[0,22],"904":[132,22],"905":[154,0],"906":[154,0],"907":[0,154],"908":[154,0],"909":[0,0],"910":[0,0],"911":[0,0],"912":[0,0],"913":[0,0],"914":[0,0],"915":[0,154],"916":[0,1],"917":[3,15],"918":[2,1],"919":[1,0],"920":[1,0],"921":[1,0],"922":[1,0],"923":[1,0],"924":[1,0],"925":[1,0],"926":[1,0],"927":[1,0],"928":[1,0],"929":[0,1],"930":[0,1],"931":[0,1],"932":[1,0],"933":[1,0],"934":[0,1],"935":[0],"936":[0],"937":[1],"938":[1,0],"939":[1,0],"940":[0,1],"941":[0,0],"942":[1,3],"943":[1,1],"944":[2,2],"945":[1,2],"946":[1,1],"947":[1,1],"948":[1,0],"949":[0,0],"950":[1,1,0],"951":[1,0],"952":[1,0],"953":[2,1],"954":[2,0],"955":[0,1],"956":[1,1],"957":[0,0],"958":[0,0],"959":[0,0],"960":[0,0],"961":[0,0],"962":[0,0],"963":[0,0],"964":[0,0],"965":[0,0],"966":[0,0],"967":[0,0],"968":[0,0],"969":[0,0],"970":[0,0],"971":[0,0],"972":[0,0],"973":[0,0],"974":[0,0],"975":[0,0],"976":[0,0],"977":[0,0],"978":[0,0],"979":[0,0],"980":[0,0],"981":[0,0],"982":[0,0],"983":[0,0],"984":[0,0],"985":[0,0],"986":[0,0],"987":[0,0],"988":[0,0],"989":[0,0],"990":[0,0],"991":[0,0],"992":[0,0],"993":[0,0],"994":[0,0],"995":[0,0],"996":[0,0],"997":[0,0],"998":[0,0],"999":[0,0],"1000":[0,0],"1001":[0,0,0],"1002":[0,0],"1003":[0,0],"1004":[0,0],"1005":[0,0],"1006":[0,0],"1007":[0,0],"1008":[0,0],"1009":[0,0],"1010":[0,0],"1011":[0,0],"1012":[0,0],"1013":[0,0],"1014":[0,0],"1015":[0,0],"1016":[0,0],"1017":[0,0],"1018":[0,0],"1019":[0,0],"1020":[0,0],"1021":[0,0],"1022":[0,0],"1023":[0,0],"1024":[0,0],"1025":[0,0],"1026":[0,0],"1027":[0,0],"1028":[0,0],"1029":[0,0],"1030":[0,0],"1031":[0,0],"1032":[0,0],"1033":[0,0],"1034":[0,0],"1035":[0,0],"1036":[0,0],"1037":[0,1],"1038":[1,0],"1039":[1,0],"1040":[1,0],"1041":[0,0],"1042":[0,1],"1043":[0,1],"1044":[1,5],"1045":[3,3],"1046":[0,0,0,0,0,1],"1047":[2,1],"1048":[1,0],"1049":[1,0],"1050":[12,0],"1051":[12,0],"1052":[12,0],"1053":[12,0],"1054":[12,0],"1055":[0,12],"1056":[0,12],"1057":[0,12],"1058":[12,0],"1059":[12,0],"1060":[0,12],"1061":[0,0],"1062":[1,3],"1063":[1,1],"1064":[2,2],"1065":[1,2],"1066":[1,1],"1067":[1,1],"1068":[1,0],"1069":[0,0],"1070":[1,1,0],"1071":[1,0],"1072":[1,0],"1073":[2,1],"1074":[2,0],"1075":[1,1],"1076":[1,0],"1077":[1,0],"1078":[0,0],"1079":[0,0],"1080":[9,3],"1081":[0,12],"1082":[0,0],"1083":[0,0],"1084":[0,0],"1085":[0,0],"1086":[0,0],"1087":[0,0],"1088":[0,0],"1089":[0,0],"1090":[0,0],"1091":[0,0],"1092":[12,0],"1093":[12,0],"1094":[11,1],"1095":[12,12],"1096":[12,0],"1097":[0,0],"1098":[0,0],"1099":[0,0],"1100":[0,0],"1101":[0,0],"1102":[0,0],"1103":[2,1],"1104":[1,0],"1105":[1,0],"1106":[1,0]},"_coverageSchema":"332fd63041d2c1bcb487cc26dd0d5f7d97098a6c","hash":"31ce11061f44ff12b93a94906441b2dcb297568c"}
}
