TN:
SF:c:\Work\Tm\ticketmaster-api-staging.github.io\products-and-docs\widgets\calendar\1.0.0\src\main-widget.es6
FN:1,(anonymous_0)
FN:3,(anonymous_1)
FN:3,(anonymous_2)
FN:3,r
FN:3,i
FN:3,(anonymous_5)
FN:3,(anonymous_6)
FN:3,(anonymous_7)
FN:3,e
FN:3,(anonymous_9)
FN:3,(anonymous_10)
FN:3,(anonymous_11)
FN:3,r
FN:3,(anonymous_13)
FN:3,i
FN:3,o
FN:3,s
FN:3,(anonymous_17)
FN:3,(anonymous_18)
FN:3,(anonymous_19)
FN:3,(anonymous_20)
FN:3,(anonymous_21)
FN:3,(anonymous_22)
FN:3,(anonymous_23)
FN:3,(anonymous_24)
FN:3,(anonymous_25)
FN:3,(anonymous_26)
FN:3,(anonymous_27)
FN:3,(anonymous_28)
FN:3,(anonymous_29)
FN:3,(anonymous_30)
FN:3,(anonymous_31)
FN:3,(anonymous_32)
FN:3,(anonymous_33)
FN:3,(anonymous_34)
FN:3,(anonymous_35)
FN:3,(anonymous_36)
FN:3,(anonymous_37)
FN:3,(anonymous_38)
FN:3,(anonymous_39)
FN:3,(anonymous_40)
FN:3,(anonymous_41)
FN:3,(anonymous_42)
FN:3,(anonymous_43)
FN:3,(anonymous_44)
FN:3,(anonymous_45)
FN:3,(anonymous_46)
FN:3,(anonymous_47)
FN:3,(anonymous_48)
FN:3,(anonymous_49)
FN:3,r
FN:3,(anonymous_51)
FN:3,(anonymous_52)
FN:3,n
FN:3,r
FN:3,i
FN:3,o
FN:3,(anonymous_57)
FN:3,(anonymous_58)
FN:3,(anonymous_59)
FN:3,(anonymous_60)
FN:3,(anonymous_61)
FN:3,(anonymous_62)
FN:3,(anonymous_63)
FN:3,(anonymous_64)
FN:3,(anonymous_65)
FN:3,(anonymous_66)
FN:3,(anonymous_67)
FN:3,(anonymous_68)
FN:3,(anonymous_69)
FN:3,(anonymous_70)
FN:3,(anonymous_71)
FN:3,(anonymous_72)
FN:3,(anonymous_73)
FN:3,(anonymous_74)
FN:3,(anonymous_75)
FN:3,(anonymous_76)
FN:3,n
FN:3,(anonymous_78)
FN:3,(anonymous_79)
FN:3,(anonymous_80)
FN:3,e
FN:3,n
FN:3,r
FN:3,(anonymous_84)
FN:3,(anonymous_85)
FN:3,(anonymous_86)
FN:3,(anonymous_87)
FN:3,(anonymous_88)
FN:3,(anonymous_89)
FN:3,(anonymous_90)
FN:3,(anonymous_91)
FN:3,(anonymous_92)
FN:3,(anonymous_93)
FN:3,(anonymous_94)
FN:3,(anonymous_95)
FN:3,r
FN:3,i
FN:3,o
FN:3,(anonymous_99)
FN:3,s
FN:3,a
FN:3,c
FN:3,l
FN:3,u
FN:3,p
FN:3,h
FN:3,f
FN:3,_
FN:3,d
FN:3,v
FN:3,y
FN:3,m
FN:3,g
FN:3,b
FN:3,w
FN:3,C
FN:3,j
FN:3,k
FN:3,E
FN:3,F
FN:3,x
FN:3,T
FN:3,P
FN:3,R
FN:3,(anonymous_125)
FN:3,S
FN:3,(anonymous_127)
FN:3,(anonymous_128)
FN:3,(anonymous_129)
FN:3,(anonymous_130)
FN:3,(anonymous_131)
FN:3,(anonymous_132)
FN:3,(anonymous_133)
FN:3,(anonymous_134)
FN:3,(anonymous_135)
FN:3,(anonymous_136)
FN:3,(anonymous_137)
FN:3,(anonymous_138)
FN:3,(anonymous_139)
FN:3,(anonymous_140)
FN:3,(anonymous_141)
FN:3,(anonymous_142)
FN:3,(anonymous_143)
FN:3,(anonymous_144)
FN:3,(anonymous_145)
FN:3,(anonymous_146)
FN:3,(anonymous_147)
FN:3,(anonymous_148)
FN:3,(anonymous_149)
FN:3,(anonymous_150)
FN:3,(anonymous_151)
FN:3,(anonymous_152)
FN:3,(anonymous_153)
FN:3,(anonymous_154)
FN:3,(anonymous_155)
FN:3,(anonymous_156)
FN:3,(anonymous_157)
FN:3,(anonymous_158)
FN:3,(anonymous_159)
FN:3,(anonymous_160)
FN:3,(anonymous_161)
FN:3,(anonymous_162)
FN:3,(anonymous_163)
FN:3,(anonymous_164)
FN:3,(anonymous_165)
FN:3,(anonymous_166)
FN:3,(anonymous_167)
FN:3,(anonymous_168)
FN:3,(anonymous_169)
FN:3,(anonymous_170)
FN:3,(anonymous_171)
FN:3,(anonymous_172)
FN:3,(anonymous_173)
FN:3,(anonymous_174)
FN:3,(anonymous_175)
FN:3,(anonymous_176)
FN:3,(anonymous_177)
FN:3,(anonymous_178)
FN:3,(anonymous_179)
FN:3,(anonymous_180)
FN:3,(anonymous_181)
FN:3,(anonymous_182)
FN:3,(anonymous_183)
FN:3,(anonymous_184)
FN:3,(anonymous_185)
FN:3,(anonymous_186)
FN:3,(anonymous_187)
FN:3,(anonymous_188)
FN:3,e
FN:3,n
FN:3,(anonymous_191)
FN:3,(anonymous_192)
FN:3,(anonymous_193)
FN:3,(anonymous_194)
FN:3,(anonymous_195)
FN:3,(anonymous_196)
FN:3,(anonymous_197)
FN:3,(anonymous_198)
FN:3,n
FN:3,r
FN:3,(anonymous_201)
FN:3,(anonymous_202)
FN:3,(anonymous_203)
FN:3,(anonymous_204)
FN:3,r
FN:3,n
FN:3,i
FN:3,(anonymous_208)
FN:3,(anonymous_209)
FN:3,(anonymous_210)
FN:3,(anonymous_211)
FN:3,(anonymous_212)
FN:3,(anonymous_213)
FN:3,(anonymous_214)
FN:3,(anonymous_215)
FN:3,(anonymous_216)
FN:3,(anonymous_217)
FN:3,(anonymous_218)
FN:3,(anonymous_219)
FN:3,(anonymous_220)
FN:3,(anonymous_221)
FN:3,(anonymous_222)
FN:3,(anonymous_223)
FN:3,(anonymous_224)
FN:3,r
FN:3,i
FN:3,o
FN:3,s
FN:3,a
FN:3,c
FN:3,(anonymous_231)
FN:3,(anonymous_232)
FN:3,(anonymous_233)
FN:3,(anonymous_234)
FN:3,(anonymous_235)
FN:3,(anonymous_236)
FN:3,(anonymous_237)
FN:3,a
FN:3,c
FN:3,(anonymous_240)
FN:3,(anonymous_241)
FN:3,(anonymous_242)
FN:3,(anonymous_243)
FN:3,(anonymous_244)
FN:3,(anonymous_245)
FN:3,(anonymous_246)
FN:3,(anonymous_247)
FN:3,(anonymous_248)
FN:3,(anonymous_249)
FN:3,(anonymous_250)
FN:3,(anonymous_251)
FN:4,(anonymous_252)
FN:4,(anonymous_253)
FN:4,(anonymous_254)
FN:4,(anonymous_255)
FN:4,(anonymous_256)
FN:4,(anonymous_257)
FN:4,(anonymous_258)
FN:4,a
FN:4,c
FN:4,(anonymous_261)
FN:4,(anonymous_262)
FN:4,(anonymous_263)
FN:4,(anonymous_264)
FN:4,(anonymous_265)
FN:4,(anonymous_266)
FN:4,(anonymous_267)
FN:4,(anonymous_268)
FN:4,(anonymous_269)
FN:4,(anonymous_270)
FN:4,(anonymous_271)
FN:4,(anonymous_272)
FN:4,(anonymous_273)
FN:4,(anonymous_274)
FN:4,(anonymous_275)
FN:4,r
FN:4,i
FN:4,o
FN:4,(anonymous_279)
FN:4,(anonymous_280)
FN:4,(anonymous_281)
FN:4,n
FN:4,r
FN:4,i
FN:4,(anonymous_285)
FN:4,(anonymous_286)
FN:4,(anonymous_287)
FN:4,n
FN:4,r
FN:4,i
FN:4,o
FN:4,s
FN:4,a
FN:4,(anonymous_294)
FN:4,(anonymous_295)
FN:4,(anonymous_296)
FN:4,(anonymous_297)
FN:4,(anonymous_298)
FN:4,(anonymous_299)
FN:4,(anonymous_300)
FN:4,(anonymous_301)
FN:4,(anonymous_302)
FN:4,(anonymous_303)
FN:4,(anonymous_304)
FN:4,(anonymous_305)
FN:4,(anonymous_306)
FN:4,(anonymous_307)
FN:4,(anonymous_308)
FN:4,(anonymous_309)
FN:4,(anonymous_310)
FN:4,(anonymous_311)
FN:4,(anonymous_312)
FN:4,(anonymous_313)
FN:4,(anonymous_314)
FN:4,(anonymous_315)
FN:4,(anonymous_316)
FN:4,(anonymous_317)
FN:4,(anonymous_318)
FN:4,(anonymous_319)
FN:4,(anonymous_320)
FN:4,(anonymous_321)
FN:4,(anonymous_322)
FN:4,(anonymous_323)
FN:4,(anonymous_324)
FN:4,(anonymous_325)
FN:4,(anonymous_326)
FN:4,(anonymous_327)
FN:4,(anonymous_328)
FN:4,(anonymous_329)
FN:4,(anonymous_330)
FN:4,(anonymous_331)
FN:4,(anonymous_332)
FN:4,(anonymous_333)
FN:4,(anonymous_334)
FN:4,(anonymous_335)
FN:4,(anonymous_336)
FN:4,(anonymous_337)
FN:4,(anonymous_338)
FN:4,(anonymous_339)
FN:4,(anonymous_340)
FN:4,(anonymous_341)
FN:4,(anonymous_342)
FN:4,(anonymous_343)
FN:4,(anonymous_344)
FN:4,(anonymous_345)
FN:4,(anonymous_346)
FN:4,(anonymous_347)
FN:4,(anonymous_348)
FN:4,(anonymous_349)
FN:4,(anonymous_350)
FN:4,(anonymous_351)
FN:4,(anonymous_352)
FN:4,(anonymous_353)
FN:4,(anonymous_354)
FN:4,(anonymous_355)
FN:4,(anonymous_356)
FN:4,(anonymous_357)
FN:4,(anonymous_358)
FN:4,(anonymous_359)
FN:4,(anonymous_360)
FN:4,(anonymous_361)
FN:4,s
FN:4,a
FN:4,(anonymous_364)
FN:4,(anonymous_365)
FN:4,l
FN:4,(anonymous_367)
FN:4,(anonymous_368)
FN:4,(anonymous_369)
FN:4,(anonymous_370)
FN:4,(anonymous_371)
FN:4,(anonymous_372)
FN:4,(anonymous_373)
FN:4,(anonymous_374)
FN:4,(anonymous_375)
FN:4,(anonymous_376)
FN:4,(anonymous_377)
FN:4,(anonymous_378)
FN:4,(anonymous_379)
FN:4,r
FN:4,i
FN:4,o
FN:4,s
FN:4,a
FN:4,c
FN:4,c
FN:4,(anonymous_387)
FN:4,l
FN:4,(anonymous_389)
FN:4,u
FN:4,(anonymous_391)
FN:4,(anonymous_392)
FN:4,(anonymous_393)
FN:4,(anonymous_394)
FN:4,(anonymous_395)
FN:4,(anonymous_396)
FN:4,o
FN:4,s
FN:4,(anonymous_399)
FN:4,t
FN:4,(anonymous_401)
FN:4,(anonymous_402)
FN:4,(anonymous_403)
FN:4,(anonymous_404)
FN:4,(anonymous_405)
FN:4,(anonymous_406)
FN:4,(anonymous_407)
FN:4,(anonymous_408)
FN:4,(anonymous_409)
FN:4,r
FN:4,i
FN:4,(anonymous_412)
FN:4,(anonymous_413)
FN:4,(anonymous_414)
FN:4,(anonymous_415)
FN:4,(anonymous_416)
FN:4,(anonymous_417)
FN:4,(anonymous_418)
FN:4,(anonymous_419)
FN:4,(anonymous_420)
FN:4,(anonymous_421)
FN:4,(anonymous_422)
FN:4,o
FN:4,(anonymous_424)
FN:4,(anonymous_425)
FN:4,(anonymous_426)
FN:4,(anonymous_427)
FN:4,(anonymous_428)
FN:4,(anonymous_429)
FN:4,a
FN:4,c
FN:4,l
FN:4,u
FN:4,p
FN:4,(anonymous_435)
FN:4,(anonymous_436)
FN:4,(anonymous_437)
FN:4,(anonymous_438)
FN:4,(anonymous_439)
FN:4,(anonymous_440)
FN:4,(anonymous_441)
FN:4,(anonymous_442)
FN:4,(anonymous_443)
FN:4,(anonymous_444)
FN:4,(anonymous_445)
FN:4,(anonymous_446)
FN:4,(anonymous_447)
FN:4,(anonymous_448)
FN:4,(anonymous_449)
FN:4,(anonymous_450)
FN:4,(anonymous_451)
FN:4,(anonymous_452)
FN:4,(anonymous_453)
FN:4,(anonymous_454)
FN:4,(anonymous_455)
FN:4,(anonymous_456)
FN:4,(anonymous_457)
FN:4,(anonymous_458)
FN:4,i
FN:4,(anonymous_460)
FN:4,(anonymous_461)
FN:4,(anonymous_462)
FN:4,(anonymous_463)
FN:4,(anonymous_464)
FN:4,(anonymous_465)
FN:4,(anonymous_466)
FN:4,i
FN:4,o
FN:5,(anonymous_469)
FN:5,(anonymous_470)
FN:5,(anonymous_471)
FN:5,(anonymous_472)
FN:5,(anonymous_473)
FN:5,(anonymous_474)
FN:5,(anonymous_475)
FN:5,(anonymous_476)
FN:5,(anonymous_477)
FN:5,(anonymous_478)
FN:5,(anonymous_479)
FN:5,(anonymous_480)
FN:5,(anonymous_481)
FN:5,(anonymous_482)
FN:5,(anonymous_483)
FN:5,(anonymous_484)
FN:5,(anonymous_485)
FN:5,(anonymous_486)
FN:5,(anonymous_487)
FN:5,(anonymous_488)
FN:5,e
FN:5,(anonymous_490)
FN:5,(anonymous_491)
FN:5,(anonymous_492)
FN:5,(anonymous_493)
FN:5,(anonymous_494)
FN:5,(anonymous_495)
FN:5,(anonymous_496)
FN:5,(anonymous_497)
FN:5,(anonymous_498)
FN:5,(anonymous_499)
FN:5,(anonymous_500)
FN:5,(anonymous_501)
FN:5,(anonymous_502)
FN:5,(anonymous_503)
FN:5,(anonymous_504)
FN:5,(anonymous_505)
FN:5,(anonymous_506)
FN:5,(anonymous_507)
FN:5,(anonymous_508)
FN:5,(anonymous_509)
FN:5,(anonymous_510)
FN:5,r
FN:5,i
FN:5,o
FN:5,s
FN:5,a
FN:5,o
FN:5,s
FN:5,(anonymous_518)
FN:5,(anonymous_519)
FN:5,i
FN:5,o
FN:5,s
FN:5,(anonymous_523)
FN:5,(anonymous_524)
FN:5,(anonymous_525)
FN:5,(anonymous_526)
FN:5,(anonymous_527)
FN:5,(anonymous_528)
FN:5,(anonymous_529)
FN:5,(anonymous_530)
FN:5,(anonymous_531)
FN:5,(anonymous_532)
FN:5,a
FN:5,(anonymous_534)
FN:5,c
FN:5,l
FN:5,i
FN:5,u
FN:5,p
FN:5,h
FN:5,f
FN:5,(anonymous_542)
FN:5,(anonymous_543)
FN:5,(anonymous_544)
FN:5,(anonymous_545)
FN:5,(anonymous_546)
FN:5,(anonymous_547)
FN:5,(anonymous_548)
FN:5,(anonymous_549)
FN:5,(anonymous_550)
FN:5,(anonymous_551)
FN:5,(anonymous_552)
FN:5,(anonymous_553)
FN:5,(anonymous_554)
FN:5,(anonymous_555)
FN:5,(anonymous_556)
FN:5,(anonymous_557)
FN:5,r
FN:5,i
FN:5,o
FN:5,s
FN:5,a
FN:5,c
FN:5,l
FN:5,u
FN:5,p
FN:5,h
FN:5,f
FN:5,e
FN:5,_
FN:5,d
FN:5,v
FN:5,y
FN:5,m
FN:5,g
FN:5,b
FN:5,w
FN:5,C
FN:5,j
FN:5,k
FN:5,(anonymous_581)
FN:5,E
FN:5,(anonymous_583)
FN:5,n
FN:5,(anonymous_585)
FN:5,(anonymous_586)
FN:5,(anonymous_587)
FN:5,(anonymous_588)
FN:5,(anonymous_589)
FN:5,(anonymous_590)
FN:5,(anonymous_591)
FN:5,(anonymous_592)
FN:5,(anonymous_593)
FN:5,(anonymous_594)
FN:5,(anonymous_595)
FN:5,(anonymous_596)
FN:11,(anonymous_597)
FN:13,(anonymous_598)
FN:15,(anonymous_599)
FN:17,(anonymous_600)
FN:19,(anonymous_601)
FN:21,(anonymous_602)
FN:23,(anonymous_603)
FN:28,(anonymous_604)
FN:30,(anonymous_605)
FN:32,(anonymous_606)
FN:38,(anonymous_607)
FN:44,(anonymous_608)
FN:46,(anonymous_609)
FN:48,(anonymous_610)
FN:50,(anonymous_611)
FN:52,(anonymous_612)
FN:54,(anonymous_613)
FN:56,(anonymous_614)
FN:58,(anonymous_615)
FN:60,(anonymous_616)
FN:62,(anonymous_617)
FN:64,(anonymous_618)
FN:66,(anonymous_619)
FN:90,(anonymous_620)
FN:99,(anonymous_621)
FN:198,(anonymous_622)
FN:284,(anonymous_623)
FN:301,(anonymous_624)
FN:322,(anonymous_625)
FN:325,parseGoogleGeocodeResponse
FN:334,(anonymous_627)
FN:335,(anonymous_628)
FN:342,(anonymous_629)
FN:410,(anonymous_630)
FN:418,(anonymous_631)
FN:425,(anonymous_632)
FN:449,(anonymous_633)
FN:453,(anonymous_634)
FN:459,(anonymous_635)
FN:472,(anonymous_636)
FN:485,(anonymous_637)
FN:493,(anonymous_638)
FN:502,(anonymous_639)
FN:513,(anonymous_640)
FN:515,(anonymous_641)
FN:520,(anonymous_642)
FN:525,(anonymous_643)
FN:556,toolTipHandler
FN:562,(anonymous_645)
FN:569,(anonymous_646)
FN:604,(anonymous_647)
FN:610,(anonymous_648)
FN:616,(anonymous_649)
FN:622,(anonymous_650)
FN:628,(anonymous_651)
FN:630,(anonymous_652)
FN:639,(anonymous_653)
FN:649,(anonymous_654)
FN:661,(anonymous_655)
FN:663,(anonymous_656)
FN:671,(anonymous_657)
FN:676,(anonymous_658)
FN:715,whichTransitionEvent
FN:730,(anonymous_660)
FN:740,(anonymous_661)
FN:744,(anonymous_662)
FN:748,(anonymous_663)
FN:752,(anonymous_664)
FN:760,handleTouchStart
FN:765,handleTouchMove
FN:789,(anonymous_667)
FN:793,(anonymous_668)
FN:799,(anonymous_669)
FN:812,(anonymous_670)
FN:816,LZ
FN:846,(anonymous_672)
FN:850,(anonymous_673)
FN:861,(anonymous_674)
FN:890,(anonymous_675)
FN:906,(anonymous_676)
FN:907,(anonymous_677)
FN:914,(anonymous_678)
FN:916,(anonymous_679)
FN:924,(anonymous_680)
FN:939,(anonymous_681)
FN:941,(anonymous_682)
FN:952,(anonymous_683)
FN:958,(anonymous_684)
FN:972,(anonymous_685)
FN:976,(anonymous_686)
FN:1019,(anonymous_687)
FN:1035,(anonymous_688)
FN:1065,(anonymous_689)
FN:1080,(anonymous_690)
FN:1088,(anonymous_691)
FN:1094,(anonymous_692)
FN:1102,(anonymous_693)
FN:1106,(anonymous_694)
FN:1116,(anonymous_695)
FN:1124,(anonymous_696)
FN:1178,(anonymous_697)
FN:1179,(anonymous_698)
FN:1195,(anonymous_699)
FN:1199,(anonymous_700)
FN:1206,(anonymous_701)
FN:1217,(anonymous_702)
FN:1224,(anonymous_703)
FN:1238,(anonymous_704)
FN:1311,(anonymous_705)
FN:1326,(anonymous_706)
FN:1332,(anonymous_707)
FN:1336,(anonymous_708)
FN:1340,(anonymous_709)
FN:1350,(anonymous_710)
FN:1375,(anonymous_711)
FN:1394,(anonymous_712)
FN:1399,(anonymous_713)
FN:1407,(anonymous_714)
FN:1421,(anonymous_715)
FN:1434,(anonymous_716)
FN:1464,(anonymous_717)
FN:1476,(anonymous_718)
FN:1479,(anonymous_719)
FN:1492,(anonymous_720)
FN:1494,(anonymous_721)
FN:1654,(anonymous_722)
FN:1656,(anonymous_723)
FN:1658,(anonymous_724)
FN:1659,(anonymous_725)
FN:1659,u
FN:1659,e
FN:1659,f
FN:1659,(anonymous_729)
FN:1659,e
FN:1659,(anonymous_731)
FN:1659,i
FN:1659,f
FN:1659,(anonymous_734)
FN:1659,(anonymous_735)
FN:1659,(anonymous_736)
FN:1667,(anonymous_737)
FN:1678,(anonymous_738)
FN:1688,(anonymous_739)
FN:1700,(anonymous_740)
FN:1702,(anonymous_741)
FN:1707,(anonymous_742)
FN:1712,(anonymous_743)
FN:1713,(anonymous_744)
FN:1732,(anonymous_745)
FN:1733,(anonymous_746)
FN:1737,(anonymous_747)
FN:1745,(anonymous_748)
FN:1752,(anonymous_749)
FN:1756,LZ
FN:1786,(anonymous_751)
FN:1807,(anonymous_752)
FN:1828,(anonymous_753)
FN:2008,(anonymous_754)
FN:2021,(anonymous_755)
FN:2027,(anonymous_756)
FN:2041,(anonymous_757)
FN:2051,(anonymous_758)
FN:2056,(anonymous_759)
FN:2077,(anonymous_760)
FN:2254,(anonymous_761)
FN:2265,(anonymous_762)
FN:2269,(anonymous_763)
FN:2275,(anonymous_764)
FN:2291,(anonymous_765)
FN:2301,(anonymous_766)
FN:2329,(anonymous_767)
FN:2335,(anonymous_768)
FN:2355,(anonymous_769)
FN:2357,(anonymous_770)
FN:2503,(anonymous_771)
FN:2505,(anonymous_772)
FN:2507,(anonymous_773)
FN:2508,(anonymous_774)
FN:2527,(anonymous_775)
FN:2528,(anonymous_776)
FN:2532,(anonymous_777)
FN:2540,(anonymous_778)
FN:2547,(anonymous_779)
FN:2551,LZ
FN:2581,(anonymous_781)
FN:2582,(anonymous_782)
FN:2582,u
FN:2582,e
FN:2582,f
FN:2582,(anonymous_786)
FN:2582,e
FN:2582,(anonymous_788)
FN:2582,i
FN:2582,f
FN:2582,(anonymous_791)
FN:2582,(anonymous_792)
FN:2582,(anonymous_793)
FN:2590,(anonymous_794)
FN:2601,(anonymous_795)
FN:2611,(anonymous_796)
FN:2623,(anonymous_797)
FN:2625,(anonymous_798)
FN:2630,(anonymous_799)
FN:2635,(anonymous_800)
FN:2641,(anonymous_801)
FN:2671,(anonymous_802)
FN:2692,(anonymous_803)
FN:2887,(anonymous_804)
FN:2898,(anonymous_805)
FN:2915,(anonymous_806)
FN:2937,(anonymous_807)
FN:3113,(anonymous_808)
FN:3123,(anonymous_809)
FN:3125,(anonymous_810)
FN:3135,(anonymous_811)
FN:3140,(anonymous_812)
FN:3156,(anonymous_813)
FN:3166,(anonymous_814)
FN:3168,(anonymous_815)
FN:3178,(anonymous_816)
FN:3185,(anonymous_817)
FN:3233,(anonymous_818)
FN:3270,(anonymous_819)
FN:3287,(anonymous_820)
FN:3308,(anonymous_821)
FN:3310,(anonymous_822)
FN:3445,(anonymous_823)
FN:3447,(anonymous_824)
FN:3449,(anonymous_825)
FN:3450,(anonymous_826)
FN:3454,(anonymous_827)
FN:3462,(anonymous_828)
FN:3469,(anonymous_829)
FN:3473,LZ
FN:3503,(anonymous_831)
FN:3504,(anonymous_832)
FN:3504,u
FN:3504,e
FN:3504,f
FN:3504,(anonymous_836)
FN:3504,e
FN:3504,(anonymous_838)
FN:3504,i
FN:3504,f
FN:3504,(anonymous_841)
FN:3504,(anonymous_842)
FN:3504,(anonymous_843)
FN:3512,(anonymous_844)
FN:3523,(anonymous_845)
FN:3533,(anonymous_846)
FN:3545,(anonymous_847)
FN:3547,(anonymous_848)
FN:3552,(anonymous_849)
FN:3557,(anonymous_850)
FN:3571,(anonymous_851)
FN:3576,(anonymous_852)
FN:3597,(anonymous_853)
FN:3653,(anonymous_854)
FN:3665,(anonymous_855)
FN:3696,(anonymous_856)
FN:3704,(anonymous_857)
FN:3710,(anonymous_858)
FN:3722,(anonymous_859)
FN:3744,(anonymous_860)
FNF:861
FNH:171
FNDA:1,(anonymous_0)
FNDA:0,(anonymous_1)
FNDA:0,(anonymous_2)
FNDA:0,r
FNDA:0,i
FNDA:0,(anonymous_5)
FNDA:0,(anonymous_6)
FNDA:0,(anonymous_7)
FNDA:0,e
FNDA:0,(anonymous_9)
FNDA:0,(anonymous_10)
FNDA:0,(anonymous_11)
FNDA:0,r
FNDA:0,(anonymous_13)
FNDA:0,i
FNDA:0,o
FNDA:0,s
FNDA:0,(anonymous_17)
FNDA:0,(anonymous_18)
FNDA:0,(anonymous_19)
FNDA:0,(anonymous_20)
FNDA:0,(anonymous_21)
FNDA:0,(anonymous_22)
FNDA:0,(anonymous_23)
FNDA:0,(anonymous_24)
FNDA:0,(anonymous_25)
FNDA:0,(anonymous_26)
FNDA:0,(anonymous_27)
FNDA:0,(anonymous_28)
FNDA:0,(anonymous_29)
FNDA:0,(anonymous_30)
FNDA:0,(anonymous_31)
FNDA:0,(anonymous_32)
FNDA:0,(anonymous_33)
FNDA:0,(anonymous_34)
FNDA:0,(anonymous_35)
FNDA:0,(anonymous_36)
FNDA:0,(anonymous_37)
FNDA:0,(anonymous_38)
FNDA:0,(anonymous_39)
FNDA:0,(anonymous_40)
FNDA:0,(anonymous_41)
FNDA:0,(anonymous_42)
FNDA:0,(anonymous_43)
FNDA:0,(anonymous_44)
FNDA:0,(anonymous_45)
FNDA:0,(anonymous_46)
FNDA:0,(anonymous_47)
FNDA:0,(anonymous_48)
FNDA:0,(anonymous_49)
FNDA:0,r
FNDA:0,(anonymous_51)
FNDA:0,(anonymous_52)
FNDA:0,n
FNDA:0,r
FNDA:0,i
FNDA:0,o
FNDA:0,(anonymous_57)
FNDA:0,(anonymous_58)
FNDA:0,(anonymous_59)
FNDA:0,(anonymous_60)
FNDA:0,(anonymous_61)
FNDA:0,(anonymous_62)
FNDA:0,(anonymous_63)
FNDA:0,(anonymous_64)
FNDA:0,(anonymous_65)
FNDA:0,(anonymous_66)
FNDA:0,(anonymous_67)
FNDA:0,(anonymous_68)
FNDA:0,(anonymous_69)
FNDA:0,(anonymous_70)
FNDA:0,(anonymous_71)
FNDA:0,(anonymous_72)
FNDA:0,(anonymous_73)
FNDA:0,(anonymous_74)
FNDA:0,(anonymous_75)
FNDA:0,(anonymous_76)
FNDA:0,n
FNDA:0,(anonymous_78)
FNDA:0,(anonymous_79)
FNDA:0,(anonymous_80)
FNDA:0,e
FNDA:0,n
FNDA:0,r
FNDA:0,(anonymous_84)
FNDA:0,(anonymous_85)
FNDA:0,(anonymous_86)
FNDA:0,(anonymous_87)
FNDA:0,(anonymous_88)
FNDA:0,(anonymous_89)
FNDA:0,(anonymous_90)
FNDA:0,(anonymous_91)
FNDA:0,(anonymous_92)
FNDA:0,(anonymous_93)
FNDA:0,(anonymous_94)
FNDA:0,(anonymous_95)
FNDA:0,r
FNDA:0,i
FNDA:0,o
FNDA:0,(anonymous_99)
FNDA:0,s
FNDA:0,a
FNDA:0,c
FNDA:0,l
FNDA:0,u
FNDA:0,p
FNDA:0,h
FNDA:0,f
FNDA:0,_
FNDA:0,d
FNDA:0,v
FNDA:0,y
FNDA:0,m
FNDA:0,g
FNDA:0,b
FNDA:0,w
FNDA:0,C
FNDA:0,j
FNDA:0,k
FNDA:0,E
FNDA:0,F
FNDA:0,x
FNDA:0,T
FNDA:0,P
FNDA:0,R
FNDA:0,(anonymous_125)
FNDA:0,S
FNDA:0,(anonymous_127)
FNDA:0,(anonymous_128)
FNDA:0,(anonymous_129)
FNDA:0,(anonymous_130)
FNDA:0,(anonymous_131)
FNDA:0,(anonymous_132)
FNDA:0,(anonymous_133)
FNDA:0,(anonymous_134)
FNDA:0,(anonymous_135)
FNDA:0,(anonymous_136)
FNDA:0,(anonymous_137)
FNDA:0,(anonymous_138)
FNDA:0,(anonymous_139)
FNDA:0,(anonymous_140)
FNDA:0,(anonymous_141)
FNDA:0,(anonymous_142)
FNDA:0,(anonymous_143)
FNDA:0,(anonymous_144)
FNDA:0,(anonymous_145)
FNDA:0,(anonymous_146)
FNDA:0,(anonymous_147)
FNDA:0,(anonymous_148)
FNDA:0,(anonymous_149)
FNDA:0,(anonymous_150)
FNDA:0,(anonymous_151)
FNDA:0,(anonymous_152)
FNDA:0,(anonymous_153)
FNDA:0,(anonymous_154)
FNDA:0,(anonymous_155)
FNDA:0,(anonymous_156)
FNDA:0,(anonymous_157)
FNDA:0,(anonymous_158)
FNDA:0,(anonymous_159)
FNDA:0,(anonymous_160)
FNDA:0,(anonymous_161)
FNDA:0,(anonymous_162)
FNDA:0,(anonymous_163)
FNDA:0,(anonymous_164)
FNDA:0,(anonymous_165)
FNDA:0,(anonymous_166)
FNDA:0,(anonymous_167)
FNDA:0,(anonymous_168)
FNDA:0,(anonymous_169)
FNDA:0,(anonymous_170)
FNDA:0,(anonymous_171)
FNDA:0,(anonymous_172)
FNDA:0,(anonymous_173)
FNDA:0,(anonymous_174)
FNDA:0,(anonymous_175)
FNDA:0,(anonymous_176)
FNDA:0,(anonymous_177)
FNDA:0,(anonymous_178)
FNDA:0,(anonymous_179)
FNDA:0,(anonymous_180)
FNDA:0,(anonymous_181)
FNDA:0,(anonymous_182)
FNDA:0,(anonymous_183)
FNDA:0,(anonymous_184)
FNDA:0,(anonymous_185)
FNDA:0,(anonymous_186)
FNDA:0,(anonymous_187)
FNDA:0,(anonymous_188)
FNDA:0,e
FNDA:0,n
FNDA:0,(anonymous_191)
FNDA:0,(anonymous_192)
FNDA:0,(anonymous_193)
FNDA:0,(anonymous_194)
FNDA:0,(anonymous_195)
FNDA:0,(anonymous_196)
FNDA:0,(anonymous_197)
FNDA:0,(anonymous_198)
FNDA:0,n
FNDA:0,r
FNDA:0,(anonymous_201)
FNDA:0,(anonymous_202)
FNDA:0,(anonymous_203)
FNDA:0,(anonymous_204)
FNDA:0,r
FNDA:0,n
FNDA:0,i
FNDA:0,(anonymous_208)
FNDA:0,(anonymous_209)
FNDA:0,(anonymous_210)
FNDA:0,(anonymous_211)
FNDA:0,(anonymous_212)
FNDA:0,(anonymous_213)
FNDA:0,(anonymous_214)
FNDA:0,(anonymous_215)
FNDA:0,(anonymous_216)
FNDA:0,(anonymous_217)
FNDA:0,(anonymous_218)
FNDA:0,(anonymous_219)
FNDA:0,(anonymous_220)
FNDA:0,(anonymous_221)
FNDA:0,(anonymous_222)
FNDA:0,(anonymous_223)
FNDA:0,(anonymous_224)
FNDA:0,r
FNDA:0,i
FNDA:0,o
FNDA:0,s
FNDA:0,a
FNDA:0,c
FNDA:0,(anonymous_231)
FNDA:0,(anonymous_232)
FNDA:0,(anonymous_233)
FNDA:0,(anonymous_234)
FNDA:0,(anonymous_235)
FNDA:0,(anonymous_236)
FNDA:0,(anonymous_237)
FNDA:0,a
FNDA:0,c
FNDA:0,(anonymous_240)
FNDA:0,(anonymous_241)
FNDA:0,(anonymous_242)
FNDA:0,(anonymous_243)
FNDA:0,(anonymous_244)
FNDA:0,(anonymous_245)
FNDA:0,(anonymous_246)
FNDA:0,(anonymous_247)
FNDA:0,(anonymous_248)
FNDA:0,(anonymous_249)
FNDA:0,(anonymous_250)
FNDA:0,(anonymous_251)
FNDA:0,(anonymous_252)
FNDA:0,(anonymous_253)
FNDA:0,(anonymous_254)
FNDA:0,(anonymous_255)
FNDA:0,(anonymous_256)
FNDA:0,(anonymous_257)
FNDA:0,(anonymous_258)
FNDA:0,a
FNDA:0,c
FNDA:0,(anonymous_261)
FNDA:0,(anonymous_262)
FNDA:0,(anonymous_263)
FNDA:0,(anonymous_264)
FNDA:0,(anonymous_265)
FNDA:0,(anonymous_266)
FNDA:0,(anonymous_267)
FNDA:0,(anonymous_268)
FNDA:0,(anonymous_269)
FNDA:0,(anonymous_270)
FNDA:0,(anonymous_271)
FNDA:0,(anonymous_272)
FNDA:0,(anonymous_273)
FNDA:0,(anonymous_274)
FNDA:0,(anonymous_275)
FNDA:0,r
FNDA:0,i
FNDA:0,o
FNDA:0,(anonymous_279)
FNDA:0,(anonymous_280)
FNDA:0,(anonymous_281)
FNDA:0,n
FNDA:0,r
FNDA:0,i
FNDA:0,(anonymous_285)
FNDA:0,(anonymous_286)
FNDA:0,(anonymous_287)
FNDA:0,n
FNDA:0,r
FNDA:0,i
FNDA:0,o
FNDA:0,s
FNDA:0,a
FNDA:0,(anonymous_294)
FNDA:0,(anonymous_295)
FNDA:0,(anonymous_296)
FNDA:0,(anonymous_297)
FNDA:0,(anonymous_298)
FNDA:0,(anonymous_299)
FNDA:0,(anonymous_300)
FNDA:0,(anonymous_301)
FNDA:0,(anonymous_302)
FNDA:0,(anonymous_303)
FNDA:0,(anonymous_304)
FNDA:0,(anonymous_305)
FNDA:0,(anonymous_306)
FNDA:0,(anonymous_307)
FNDA:0,(anonymous_308)
FNDA:0,(anonymous_309)
FNDA:0,(anonymous_310)
FNDA:0,(anonymous_311)
FNDA:0,(anonymous_312)
FNDA:0,(anonymous_313)
FNDA:0,(anonymous_314)
FNDA:0,(anonymous_315)
FNDA:0,(anonymous_316)
FNDA:0,(anonymous_317)
FNDA:0,(anonymous_318)
FNDA:0,(anonymous_319)
FNDA:0,(anonymous_320)
FNDA:0,(anonymous_321)
FNDA:0,(anonymous_322)
FNDA:0,(anonymous_323)
FNDA:0,(anonymous_324)
FNDA:0,(anonymous_325)
FNDA:0,(anonymous_326)
FNDA:0,(anonymous_327)
FNDA:0,(anonymous_328)
FNDA:0,(anonymous_329)
FNDA:0,(anonymous_330)
FNDA:0,(anonymous_331)
FNDA:0,(anonymous_332)
FNDA:0,(anonymous_333)
FNDA:0,(anonymous_334)
FNDA:0,(anonymous_335)
FNDA:0,(anonymous_336)
FNDA:0,(anonymous_337)
FNDA:0,(anonymous_338)
FNDA:0,(anonymous_339)
FNDA:0,(anonymous_340)
FNDA:0,(anonymous_341)
FNDA:0,(anonymous_342)
FNDA:0,(anonymous_343)
FNDA:0,(anonymous_344)
FNDA:0,(anonymous_345)
FNDA:0,(anonymous_346)
FNDA:0,(anonymous_347)
FNDA:0,(anonymous_348)
FNDA:0,(anonymous_349)
FNDA:0,(anonymous_350)
FNDA:0,(anonymous_351)
FNDA:0,(anonymous_352)
FNDA:0,(anonymous_353)
FNDA:0,(anonymous_354)
FNDA:0,(anonymous_355)
FNDA:0,(anonymous_356)
FNDA:0,(anonymous_357)
FNDA:0,(anonymous_358)
FNDA:0,(anonymous_359)
FNDA:0,(anonymous_360)
FNDA:0,(anonymous_361)
FNDA:0,s
FNDA:0,a
FNDA:0,(anonymous_364)
FNDA:0,(anonymous_365)
FNDA:0,l
FNDA:0,(anonymous_367)
FNDA:0,(anonymous_368)
FNDA:0,(anonymous_369)
FNDA:0,(anonymous_370)
FNDA:0,(anonymous_371)
FNDA:0,(anonymous_372)
FNDA:0,(anonymous_373)
FNDA:0,(anonymous_374)
FNDA:0,(anonymous_375)
FNDA:0,(anonymous_376)
FNDA:0,(anonymous_377)
FNDA:0,(anonymous_378)
FNDA:0,(anonymous_379)
FNDA:0,r
FNDA:0,i
FNDA:0,o
FNDA:0,s
FNDA:0,a
FNDA:0,c
FNDA:0,c
FNDA:0,(anonymous_387)
FNDA:0,l
FNDA:0,(anonymous_389)
FNDA:0,u
FNDA:0,(anonymous_391)
FNDA:0,(anonymous_392)
FNDA:0,(anonymous_393)
FNDA:0,(anonymous_394)
FNDA:0,(anonymous_395)
FNDA:0,(anonymous_396)
FNDA:0,o
FNDA:0,s
FNDA:0,(anonymous_399)
FNDA:0,t
FNDA:0,(anonymous_401)
FNDA:0,(anonymous_402)
FNDA:0,(anonymous_403)
FNDA:0,(anonymous_404)
FNDA:0,(anonymous_405)
FNDA:0,(anonymous_406)
FNDA:0,(anonymous_407)
FNDA:0,(anonymous_408)
FNDA:0,(anonymous_409)
FNDA:0,r
FNDA:0,i
FNDA:0,(anonymous_412)
FNDA:0,(anonymous_413)
FNDA:0,(anonymous_414)
FNDA:0,(anonymous_415)
FNDA:0,(anonymous_416)
FNDA:0,(anonymous_417)
FNDA:0,(anonymous_418)
FNDA:0,(anonymous_419)
FNDA:0,(anonymous_420)
FNDA:0,(anonymous_421)
FNDA:0,(anonymous_422)
FNDA:0,o
FNDA:0,(anonymous_424)
FNDA:0,(anonymous_425)
FNDA:0,(anonymous_426)
FNDA:0,(anonymous_427)
FNDA:0,(anonymous_428)
FNDA:0,(anonymous_429)
FNDA:0,a
FNDA:0,c
FNDA:0,l
FNDA:0,u
FNDA:0,p
FNDA:0,(anonymous_435)
FNDA:0,(anonymous_436)
FNDA:0,(anonymous_437)
FNDA:0,(anonymous_438)
FNDA:0,(anonymous_439)
FNDA:0,(anonymous_440)
FNDA:0,(anonymous_441)
FNDA:0,(anonymous_442)
FNDA:0,(anonymous_443)
FNDA:0,(anonymous_444)
FNDA:0,(anonymous_445)
FNDA:0,(anonymous_446)
FNDA:0,(anonymous_447)
FNDA:0,(anonymous_448)
FNDA:0,(anonymous_449)
FNDA:0,(anonymous_450)
FNDA:0,(anonymous_451)
FNDA:0,(anonymous_452)
FNDA:0,(anonymous_453)
FNDA:0,(anonymous_454)
FNDA:0,(anonymous_455)
FNDA:0,(anonymous_456)
FNDA:0,(anonymous_457)
FNDA:0,(anonymous_458)
FNDA:0,i
FNDA:0,(anonymous_460)
FNDA:0,(anonymous_461)
FNDA:0,(anonymous_462)
FNDA:0,(anonymous_463)
FNDA:0,(anonymous_464)
FNDA:0,(anonymous_465)
FNDA:0,(anonymous_466)
FNDA:0,i
FNDA:0,o
FNDA:0,(anonymous_469)
FNDA:0,(anonymous_470)
FNDA:0,(anonymous_471)
FNDA:0,(anonymous_472)
FNDA:0,(anonymous_473)
FNDA:0,(anonymous_474)
FNDA:0,(anonymous_475)
FNDA:0,(anonymous_476)
FNDA:0,(anonymous_477)
FNDA:0,(anonymous_478)
FNDA:0,(anonymous_479)
FNDA:0,(anonymous_480)
FNDA:0,(anonymous_481)
FNDA:0,(anonymous_482)
FNDA:0,(anonymous_483)
FNDA:0,(anonymous_484)
FNDA:0,(anonymous_485)
FNDA:0,(anonymous_486)
FNDA:0,(anonymous_487)
FNDA:0,(anonymous_488)
FNDA:0,e
FNDA:0,(anonymous_490)
FNDA:0,(anonymous_491)
FNDA:0,(anonymous_492)
FNDA:0,(anonymous_493)
FNDA:0,(anonymous_494)
FNDA:0,(anonymous_495)
FNDA:0,(anonymous_496)
FNDA:0,(anonymous_497)
FNDA:0,(anonymous_498)
FNDA:0,(anonymous_499)
FNDA:0,(anonymous_500)
FNDA:0,(anonymous_501)
FNDA:0,(anonymous_502)
FNDA:0,(anonymous_503)
FNDA:0,(anonymous_504)
FNDA:0,(anonymous_505)
FNDA:0,(anonymous_506)
FNDA:0,(anonymous_507)
FNDA:0,(anonymous_508)
FNDA:0,(anonymous_509)
FNDA:0,(anonymous_510)
FNDA:0,r
FNDA:0,i
FNDA:0,o
FNDA:0,s
FNDA:0,a
FNDA:0,o
FNDA:0,s
FNDA:0,(anonymous_518)
FNDA:0,(anonymous_519)
FNDA:0,i
FNDA:0,o
FNDA:0,s
FNDA:0,(anonymous_523)
FNDA:0,(anonymous_524)
FNDA:0,(anonymous_525)
FNDA:0,(anonymous_526)
FNDA:0,(anonymous_527)
FNDA:0,(anonymous_528)
FNDA:0,(anonymous_529)
FNDA:0,(anonymous_530)
FNDA:0,(anonymous_531)
FNDA:0,(anonymous_532)
FNDA:0,a
FNDA:0,(anonymous_534)
FNDA:0,c
FNDA:0,l
FNDA:0,i
FNDA:0,u
FNDA:0,p
FNDA:0,h
FNDA:0,f
FNDA:0,(anonymous_542)
FNDA:0,(anonymous_543)
FNDA:0,(anonymous_544)
FNDA:0,(anonymous_545)
FNDA:0,(anonymous_546)
FNDA:0,(anonymous_547)
FNDA:0,(anonymous_548)
FNDA:0,(anonymous_549)
FNDA:0,(anonymous_550)
FNDA:0,(anonymous_551)
FNDA:0,(anonymous_552)
FNDA:0,(anonymous_553)
FNDA:0,(anonymous_554)
FNDA:0,(anonymous_555)
FNDA:0,(anonymous_556)
FNDA:0,(anonymous_557)
FNDA:0,r
FNDA:0,i
FNDA:0,o
FNDA:0,s
FNDA:0,a
FNDA:0,c
FNDA:0,l
FNDA:0,u
FNDA:0,p
FNDA:0,h
FNDA:0,f
FNDA:0,e
FNDA:0,_
FNDA:0,d
FNDA:0,v
FNDA:0,y
FNDA:0,m
FNDA:0,g
FNDA:0,b
FNDA:0,w
FNDA:0,C
FNDA:0,j
FNDA:0,k
FNDA:0,(anonymous_581)
FNDA:0,E
FNDA:0,(anonymous_583)
FNDA:0,n
FNDA:0,(anonymous_585)
FNDA:0,(anonymous_586)
FNDA:0,(anonymous_587)
FNDA:0,(anonymous_588)
FNDA:0,(anonymous_589)
FNDA:0,(anonymous_590)
FNDA:0,(anonymous_591)
FNDA:0,(anonymous_592)
FNDA:0,(anonymous_593)
FNDA:0,(anonymous_594)
FNDA:0,(anonymous_595)
FNDA:0,(anonymous_596)
FNDA:2,(anonymous_597)
FNDA:534,(anonymous_598)
FNDA:1,(anonymous_599)
FNDA:6,(anonymous_600)
FNDA:4,(anonymous_601)
FNDA:13,(anonymous_602)
FNDA:11,(anonymous_603)
FNDA:2,(anonymous_604)
FNDA:6,(anonymous_605)
FNDA:4,(anonymous_606)
FNDA:3,(anonymous_607)
FNDA:3,(anonymous_608)
FNDA:2,(anonymous_609)
FNDA:6,(anonymous_610)
FNDA:3,(anonymous_611)
FNDA:5,(anonymous_612)
FNDA:2,(anonymous_613)
FNDA:5,(anonymous_614)
FNDA:5,(anonymous_615)
FNDA:1,(anonymous_616)
FNDA:85,(anonymous_617)
FNDA:6,(anonymous_618)
FNDA:1,(anonymous_619)
FNDA:264,(anonymous_620)
FNDA:20,(anonymous_621)
FNDA:5,(anonymous_622)
FNDA:2,(anonymous_623)
FNDA:2,(anonymous_624)
FNDA:7,(anonymous_625)
FNDA:6,parseGoogleGeocodeResponse
FNDA:2,(anonymous_627)
FNDA:38,(anonymous_628)
FNDA:0,(anonymous_629)
FNDA:4,(anonymous_630)
FNDA:1,(anonymous_631)
FNDA:12,(anonymous_632)
FNDA:2,(anonymous_633)
FNDA:5,(anonymous_634)
FNDA:2,(anonymous_635)
FNDA:2,(anonymous_636)
FNDA:2,(anonymous_637)
FNDA:7,(anonymous_638)
FNDA:1,(anonymous_639)
FNDA:5,(anonymous_640)
FNDA:1,(anonymous_641)
FNDA:9,(anonymous_642)
FNDA:3,(anonymous_643)
FNDA:0,toolTipHandler
FNDA:1,(anonymous_645)
FNDA:13,(anonymous_646)
FNDA:2,(anonymous_647)
FNDA:2,(anonymous_648)
FNDA:2,(anonymous_649)
FNDA:1,(anonymous_650)
FNDA:4,(anonymous_651)
FNDA:0,(anonymous_652)
FNDA:6,(anonymous_653)
FNDA:2,(anonymous_654)
FNDA:5,(anonymous_655)
FNDA:0,(anonymous_656)
FNDA:6,(anonymous_657)
FNDA:3,(anonymous_658)
FNDA:3,whichTransitionEvent
FNDA:0,(anonymous_660)
FNDA:1,(anonymous_661)
FNDA:0,(anonymous_662)
FNDA:0,(anonymous_663)
FNDA:0,(anonymous_664)
FNDA:0,handleTouchStart
FNDA:0,handleTouchMove
FNDA:0,(anonymous_667)
FNDA:0,(anonymous_668)
FNDA:3,(anonymous_669)
FNDA:8,(anonymous_670)
FNDA:5,LZ
FNDA:10,(anonymous_672)
FNDA:2,(anonymous_673)
FNDA:0,(anonymous_674)
FNDA:0,(anonymous_675)
FNDA:0,(anonymous_676)
FNDA:0,(anonymous_677)
FNDA:2,(anonymous_678)
FNDA:50,(anonymous_679)
FNDA:5,(anonymous_680)
FNDA:1,(anonymous_681)
FNDA:0,(anonymous_682)
FNDA:1,(anonymous_683)
FNDA:6,(anonymous_684)
FNDA:1,(anonymous_685)
FNDA:4,(anonymous_686)
FNDA:8,(anonymous_687)
FNDA:0,(anonymous_688)
FNDA:1,(anonymous_689)
FNDA:0,(anonymous_690)
FNDA:1,(anonymous_691)
FNDA:1,(anonymous_692)
FNDA:1,(anonymous_693)
FNDA:0,(anonymous_694)
FNDA:0,(anonymous_695)
FNDA:7,(anonymous_696)
FNDA:11,(anonymous_697)
FNDA:24,(anonymous_698)
FNDA:4,(anonymous_699)
FNDA:0,(anonymous_700)
FNDA:0,(anonymous_701)
FNDA:4,(anonymous_702)
FNDA:7,(anonymous_703)
FNDA:4,(anonymous_704)
FNDA:2,(anonymous_705)
FNDA:2,(anonymous_706)
FNDA:0,(anonymous_707)
FNDA:0,(anonymous_708)
FNDA:47,(anonymous_709)
FNDA:3,(anonymous_710)
FNDA:3,(anonymous_711)
FNDA:3,(anonymous_712)
FNDA:2,(anonymous_713)
FNDA:2,(anonymous_714)
FNDA:11,(anonymous_715)
FNDA:3,(anonymous_716)
FNDA:2,(anonymous_717)
FNDA:2,(anonymous_718)
FNDA:1,(anonymous_719)
FNDA:3,(anonymous_720)
FNDA:1,(anonymous_721)
FNDA:2,(anonymous_722)
FNDA:2,(anonymous_723)
FNDA:1,(anonymous_724)
FNDA:1,(anonymous_725)
FNDA:0,u
FNDA:0,e
FNDA:0,f
FNDA:0,(anonymous_729)
FNDA:0,e
FNDA:0,(anonymous_731)
FNDA:0,i
FNDA:0,f
FNDA:0,(anonymous_734)
FNDA:0,(anonymous_735)
FNDA:0,(anonymous_736)
FNDA:2,(anonymous_737)
FNDA:0,(anonymous_738)
FNDA:2,(anonymous_739)
FNDA:5,(anonymous_740)
FNDA:1,(anonymous_741)
FNDA:4,(anonymous_742)
FNDA:1,(anonymous_743)
FNDA:10,(anonymous_744)
FNDA:1,(anonymous_745)
FNDA:1,(anonymous_746)
FNDA:0,(anonymous_747)
FNDA:1,(anonymous_748)
FNDA:4,(anonymous_749)
FNDA:2,LZ
FNDA:5,(anonymous_751)
FNDA:3,(anonymous_752)
FNDA:30,(anonymous_753)
FNDA:0,(anonymous_754)
FNDA:0,(anonymous_755)
FNDA:0,(anonymous_756)
FNDA:38,(anonymous_757)
FNDA:2,(anonymous_758)
FNDA:0,(anonymous_759)
FNDA:0,(anonymous_760)
FNDA:0,(anonymous_761)
FNDA:0,(anonymous_762)
FNDA:0,(anonymous_763)
FNDA:0,(anonymous_764)
FNDA:1,(anonymous_765)
FNDA:3,(anonymous_766)
FNDA:1,(anonymous_767)
FNDA:3,(anonymous_768)
FNDA:3,(anonymous_769)
FNDA:1,(anonymous_770)
FNDA:4,(anonymous_771)
FNDA:1,(anonymous_772)
FNDA:1,(anonymous_773)
FNDA:11,(anonymous_774)
FNDA:1,(anonymous_775)
FNDA:1,(anonymous_776)
FNDA:0,(anonymous_777)
FNDA:0,(anonymous_778)
FNDA:4,(anonymous_779)
FNDA:2,LZ
FNDA:1,(anonymous_781)
FNDA:1,(anonymous_782)
FNDA:0,u
FNDA:0,e
FNDA:0,f
FNDA:0,(anonymous_786)
FNDA:0,e
FNDA:0,(anonymous_788)
FNDA:0,i
FNDA:0,f
FNDA:0,(anonymous_791)
FNDA:0,(anonymous_792)
FNDA:0,(anonymous_793)
FNDA:2,(anonymous_794)
FNDA:0,(anonymous_795)
FNDA:1,(anonymous_796)
FNDA:3,(anonymous_797)
FNDA:1,(anonymous_798)
FNDA:2,(anonymous_799)
FNDA:1,(anonymous_800)
FNDA:1,(anonymous_801)
FNDA:0,(anonymous_802)
FNDA:0,(anonymous_803)
FNDA:0,(anonymous_804)
FNDA:0,(anonymous_805)
FNDA:0,(anonymous_806)
FNDA:0,(anonymous_807)
FNDA:0,(anonymous_808)
FNDA:0,(anonymous_809)
FNDA:0,(anonymous_810)
FNDA:0,(anonymous_811)
FNDA:0,(anonymous_812)
FNDA:0,(anonymous_813)
FNDA:0,(anonymous_814)
FNDA:0,(anonymous_815)
FNDA:0,(anonymous_816)
FNDA:1,(anonymous_817)
FNDA:1,(anonymous_818)
FNDA:0,(anonymous_819)
FNDA:3,(anonymous_820)
FNDA:14,(anonymous_821)
FNDA:12,(anonymous_822)
FNDA:4,(anonymous_823)
FNDA:1,(anonymous_824)
FNDA:12,(anonymous_825)
FNDA:12,(anonymous_826)
FNDA:0,(anonymous_827)
FNDA:6,(anonymous_828)
FNDA:4,(anonymous_829)
FNDA:2,LZ
FNDA:1,(anonymous_831)
FNDA:1,(anonymous_832)
FNDA:0,u
FNDA:0,e
FNDA:0,f
FNDA:0,(anonymous_836)
FNDA:0,e
FNDA:0,(anonymous_838)
FNDA:0,i
FNDA:0,f
FNDA:0,(anonymous_841)
FNDA:0,(anonymous_842)
FNDA:0,(anonymous_843)
FNDA:2,(anonymous_844)
FNDA:0,(anonymous_845)
FNDA:1,(anonymous_846)
FNDA:3,(anonymous_847)
FNDA:1,(anonymous_848)
FNDA:2,(anonymous_849)
FNDA:1,(anonymous_850)
FNDA:12,(anonymous_851)
FNDA:1,(anonymous_852)
FNDA:0,(anonymous_853)
FNDA:120,(anonymous_854)
FNDA:0,(anonymous_855)
FNDA:0,(anonymous_856)
FNDA:1,(anonymous_857)
FNDA:0,(anonymous_858)
FNDA:3,(anonymous_859)
FNDA:1,(anonymous_860)
DA:1,1
DA:2,1
DA:3,0
DA:4,0
DA:5,0
DA:11,2
DA:13,534
DA:15,1
DA:17,6
DA:19,4
DA:21,13
DA:25,11
DA:28,2
DA:30,6
DA:33,4
DA:39,3
DA:44,3
DA:46,2
DA:48,6
DA:50,3
DA:52,5
DA:54,2
DA:56,5
DA:58,5
DA:60,1
DA:62,85
DA:64,6
DA:67,1
DA:91,264
DA:92,221
DA:93,43
DA:94,16
DA:96,27
DA:100,20
DA:101,20
DA:148,20
DA:149,220
DA:150,220
DA:151,6
DA:155,20
DA:156,2
DA:157,2
DA:158,2
DA:160,2
DA:161,2
DA:162,2
DA:163,2
DA:166,18
DA:167,16
DA:170,20
DA:171,2
DA:172,2
DA:173,2
DA:176,20
DA:177,1
DA:178,1
DA:179,1
DA:182,20
DA:183,20
DA:184,20
DA:185,20
DA:186,20
DA:187,20
DA:188,20
DA:189,20
DA:190,20
DA:191,20
DA:192,20
DA:195,20
DA:199,5
DA:200,3
DA:202,3
DA:204,2
DA:205,2
DA:206,2
DA:207,2
DA:209,2
DA:210,2
DA:211,2
DA:213,2
DA:214,2
DA:215,2
DA:216,2
DA:218,2
DA:219,2
DA:223,2
DA:224,2
DA:225,2
DA:226,2
DA:227,2
DA:228,2
DA:229,2
DA:230,2
DA:233,2
DA:234,2
DA:235,2
DA:236,2
DA:237,2
DA:238,2
DA:239,2
DA:240,2
DA:242,2
DA:243,2
DA:244,2
DA:245,2
DA:246,2
DA:247,2
DA:248,2
DA:249,2
DA:251,2
DA:252,2
DA:253,2
DA:254,2
DA:256,2
DA:257,2
DA:258,2
DA:260,2
DA:262,2
DA:263,2
DA:266,2
DA:267,2
DA:268,2
DA:271,2
DA:272,2
DA:274,2
DA:275,2
DA:276,2
DA:277,2
DA:278,2
DA:282,2
DA:284,2
DA:285,2
DA:289,2
DA:290,2
DA:292,2
DA:294,2
DA:296,2
DA:302,2
DA:303,2
DA:304,2
DA:305,2
DA:306,2
DA:307,2
DA:308,2
DA:310,2
DA:311,14
DA:312,14
DA:313,12
DA:314,14
DA:315,14
DA:316,14
DA:318,2
DA:319,2
DA:323,7
DA:326,6
DA:327,3
DA:328,3
DA:329,3
DA:330,3
DA:331,2
DA:332,2
DA:334,2
DA:335,2
DA:336,38
DA:340,2
DA:342,2
DA:343,0
DA:344,0
DA:345,0
DA:346,0
DA:348,0
DA:349,0
DA:351,0
DA:355,2
DA:356,2
DA:359,2
DA:360,1
DA:361,1
DA:362,1
DA:363,1
DA:364,1
DA:365,1
DA:366,1
DA:367,1
DA:374,2
DA:375,2
DA:376,2
DA:380,0
DA:384,3
DA:385,3
DA:386,3
DA:387,3
DA:388,0
DA:389,0
DA:391,2
DA:392,2
DA:396,7
DA:397,5
DA:398,5
DA:399,5
DA:400,5
DA:403,2
DA:404,2
DA:405,2
DA:406,2
DA:411,4
DA:412,4
DA:413,4
DA:414,4
DA:415,4
DA:416,4
DA:417,4
DA:418,4
DA:419,1
DA:420,1
DA:422,4
DA:426,12
DA:427,12
DA:428,12
DA:429,12
DA:430,12
DA:431,11
DA:433,11
DA:434,10
DA:435,10
DA:436,10
DA:439,1
DA:440,1
DA:445,12
DA:450,2
DA:454,5
DA:455,5
DA:456,5
DA:460,2
DA:461,2
DA:462,1
DA:463,1
DA:464,1
DA:465,1
DA:466,1
DA:467,1
DA:469,2
DA:473,2
DA:474,2
DA:475,1
DA:476,1
DA:477,1
DA:478,1
DA:479,1
DA:480,1
DA:482,2
DA:486,2
DA:487,2
DA:488,2
DA:489,2
DA:491,2
DA:492,2
DA:493,2
DA:494,7
DA:497,2
DA:498,2
DA:499,2
DA:503,1
DA:504,1
DA:505,1
DA:506,1
DA:507,1
DA:508,1
DA:514,5
DA:515,5
DA:516,1
DA:521,9
DA:522,9
DA:526,3
DA:527,3
DA:528,3
DA:529,3
DA:530,3
DA:531,3
DA:533,3
DA:534,3
DA:535,3
DA:536,3
DA:538,3
DA:539,3
DA:540,3
DA:541,3
DA:542,3
DA:543,3
DA:545,3
DA:546,3
DA:551,3
DA:552,3
DA:553,3
DA:554,3
DA:557,0
DA:558,0
DA:563,1
DA:564,1
DA:565,1
DA:566,1
DA:571,13
DA:572,11
DA:573,11
DA:574,11
DA:575,3
DA:576,8
DA:577,3
DA:580,2
DA:581,2
DA:585,13
DA:586,13
DA:587,12
DA:588,12
DA:589,12
DA:590,10
DA:591,2
DA:592,1
DA:595,1
DA:596,1
DA:599,0
DA:600,0
DA:605,2
DA:606,1
DA:611,2
DA:612,1
DA:617,2
DA:618,1
DA:623,1
DA:624,0
DA:629,4
DA:630,4
DA:631,0
DA:633,4
DA:634,3
DA:636,1
DA:640,6
DA:641,5
DA:642,5
DA:643,5
DA:644,5
DA:645,5
DA:646,5
DA:650,2
DA:651,1
DA:652,1
DA:653,1
DA:654,1
DA:655,1
DA:656,1
DA:657,1
DA:662,5
DA:663,4
DA:664,0
DA:665,0
DA:666,0
DA:672,6
DA:673,6
DA:677,3
DA:678,3
DA:679,3
DA:680,3
DA:683,3
DA:684,3
DA:685,3
DA:686,12
DA:688,3
DA:691,3
DA:692,3
DA:693,3
DA:694,12
DA:696,3
DA:699,3
DA:700,3
DA:701,3
DA:702,12
DA:704,3
DA:707,3
DA:708,3
DA:709,3
DA:710,12
DA:712,3
DA:716,3
DA:717,3
DA:724,3
DA:725,12
DA:729,3
DA:730,3
DA:731,0
DA:732,0
DA:734,0
DA:735,0
DA:740,3
DA:741,1
DA:744,3
DA:745,0
DA:748,3
DA:749,0
DA:752,3
DA:753,0
DA:757,3
DA:758,3
DA:761,0
DA:762,0
DA:766,0
DA:768,0
DA:769,0
DA:770,0
DA:771,0
DA:773,0
DA:774,0
DA:775,0
DA:777,0
DA:779,0
DA:780,0
DA:782,0
DA:785,0
DA:786,0
DA:789,3
DA:790,0
DA:791,0
DA:793,3
DA:794,0
DA:795,0
DA:800,3
DA:801,3
DA:802,3
DA:803,3
DA:804,3
DA:805,3
DA:806,3
DA:807,3
DA:808,3
DA:809,3
DA:813,8
DA:814,8
DA:817,5
DA:819,6
DA:820,6
DA:821,6
DA:822,6
DA:823,6
DA:826,6
DA:827,6
DA:829,6
DA:831,5
DA:832,5
DA:833,5
DA:834,5
DA:836,5
DA:837,5
DA:838,1
DA:839,4
DA:840,4
DA:843,5
DA:847,10
DA:851,2
DA:852,2
DA:853,3
DA:854,3
DA:855,3
DA:858,2
DA:862,0
DA:863,0
DA:864,0
DA:865,0
DA:866,0
DA:867,0
DA:870,0
DA:872,0
DA:873,0
DA:874,0
DA:875,0
DA:877,0
DA:879,0
DA:881,0
DA:883,0
DA:884,0
DA:887,0
DA:888,0
DA:890,0
DA:891,0
DA:895,0
DA:896,0
DA:897,0
DA:898,0
DA:899,0
DA:902,0
DA:907,0
DA:908,0
DA:910,0
DA:915,2
DA:916,2
DA:917,50
DA:918,50
DA:921,2
DA:925,5
DA:926,3
DA:927,1
DA:928,1
DA:929,1
DA:930,1
DA:931,1
DA:934,2
DA:940,1
DA:941,1
DA:942,0
DA:943,0
DA:946,1
DA:947,1
DA:948,0
DA:953,1
DA:954,1
DA:955,1
DA:959,6
DA:960,1
DA:961,1
DA:962,0
DA:963,0
DA:965,0
DA:968,1
DA:973,1
DA:977,4
DA:978,4
DA:994,4
DA:995,12
DA:998,4
DA:999,4
DA:1000,4
DA:1001,48
DA:1002,10
DA:1003,18
DA:1009,4
DA:1010,4
DA:1013,0
DA:1014,0
DA:1015,0
DA:1020,8
DA:1022,8
DA:1024,8
DA:1025,8
DA:1026,2
DA:1028,0
DA:1030,0
DA:1032,0
DA:1033,0
DA:1035,0
DA:1036,0
DA:1037,0
DA:1039,0
DA:1042,0
DA:1043,0
DA:1044,0
DA:1045,0
DA:1046,0
DA:1048,0
DA:1051,0
DA:1054,2
DA:1055,0
DA:1056,0
DA:1059,2
DA:1060,2
DA:1066,1
DA:1067,1
DA:1068,1
DA:1073,1
DA:1074,1
DA:1076,1
DA:1077,1
DA:1078,1
DA:1080,1
DA:1081,0
DA:1084,1
DA:1085,1
DA:1089,1
DA:1090,1
DA:1091,1
DA:1095,1
DA:1096,0
DA:1097,0
DA:1103,1
DA:1104,1
DA:1106,1
DA:1107,0
DA:1108,0
DA:1109,0
DA:1110,0
DA:1112,0
DA:1115,1
DA:1116,1
DA:1117,0
DA:1118,0
DA:1121,1
DA:1125,7
DA:1126,1
DA:1127,0
DA:1129,1
DA:1131,6
DA:1133,6
DA:1134,6
DA:1135,0
DA:1136,0
DA:1138,0
DA:1139,0
DA:1140,0
DA:1142,0
DA:1147,0
DA:1148,0
DA:1149,0
DA:1150,0
DA:1151,0
DA:1153,0
DA:1154,0
DA:1155,0
DA:1169,0
DA:1171,0
DA:1175,6
DA:1179,11
DA:1180,24
DA:1182,11
DA:1183,11
DA:1184,11
DA:1185,11
DA:1186,11
DA:1187,0
DA:1189,11
DA:1190,11
DA:1191,11
DA:1192,11
DA:1196,4
DA:1197,3
DA:1198,3
DA:1199,3
DA:1200,0
DA:1201,0
DA:1202,0
DA:1203,0
DA:1206,3
DA:1207,0
DA:1208,0
DA:1209,0
DA:1210,0
DA:1214,4
DA:1218,4
DA:1219,4
DA:1220,4
DA:1221,4
DA:1225,7
DA:1226,0
DA:1227,0
DA:1228,0
DA:1229,0
DA:1230,0
DA:1231,0
DA:1232,0
DA:1233,0
DA:1234,0
DA:1239,4
DA:1240,4
DA:1242,4
DA:1243,4
DA:1249,4
DA:1250,4
DA:1252,4
DA:1254,4
DA:1255,4
DA:1256,4
DA:1257,4
DA:1258,4
DA:1259,4
DA:1261,4
DA:1263,4
DA:1265,4
DA:1266,4
DA:1267,4
DA:1268,4
DA:1270,4
DA:1271,4
DA:1272,4
DA:1273,4
DA:1275,4
DA:1276,2
DA:1277,2
DA:1279,2
DA:1280,1
DA:1281,1
DA:1282,1
DA:1283,1
DA:1284,1
DA:1285,1
DA:1288,2
DA:1289,1
DA:1290,1
DA:1291,1
DA:1292,1
DA:1293,1
DA:1296,2
DA:1297,1
DA:1298,1
DA:1299,1
DA:1300,1
DA:1301,1
DA:1304,2
DA:1307,4
DA:1308,1
DA:1309,1
DA:1311,1
DA:1312,2
DA:1313,2
DA:1314,2
DA:1315,2
DA:1316,2
DA:1318,1
DA:1321,4
DA:1323,4
DA:1327,2
DA:1333,0
DA:1337,0
DA:1341,47
DA:1351,3
DA:1352,3
DA:1353,3
DA:1355,3
DA:1356,2
DA:1357,2
DA:1358,2
DA:1359,2
DA:1360,2
DA:1361,2
DA:1362,2
DA:1365,3
DA:1366,3
DA:1368,3
DA:1376,3
DA:1377,3
DA:1378,3
DA:1380,12
DA:1381,12
DA:1384,3
DA:1385,3
DA:1386,3
DA:1388,12
DA:1389,12
DA:1395,3
DA:1396,3
DA:1400,2
DA:1401,2
DA:1402,2
DA:1403,2
DA:1404,2
DA:1406,16
DA:1407,16
DA:1408,2
DA:1409,2
DA:1410,2
DA:1411,2
DA:1412,2
DA:1422,11
DA:1423,10
DA:1424,10
DA:1425,10
DA:1426,10
DA:1427,10
DA:1428,10
DA:1429,10
DA:1431,10
DA:1432,10
DA:1434,10
DA:1435,3
DA:1436,2
DA:1437,2
DA:1438,2
DA:1439,2
DA:1440,0
DA:1441,0
DA:1442,0
DA:1445,0
DA:1446,0
DA:1447,0
DA:1448,0
DA:1453,0
DA:1456,1
DA:1457,1
DA:1458,0
DA:1459,0
DA:1464,10
DA:1465,2
DA:1466,2
DA:1467,1
DA:1468,1
DA:1471,1
DA:1473,2
DA:1476,10
DA:1477,2
DA:1478,2
DA:1479,1
DA:1480,1
DA:1481,1
DA:1492,3
DA:1495,1
DA:1496,1
DA:1497,1
DA:1500,1
DA:1501,1
DA:1553,1
DA:1554,1
DA:1555,1
DA:1556,1
DA:1557,1
DA:1558,1
DA:1560,1
DA:1561,1
DA:1562,1
DA:1564,1
DA:1565,1
DA:1566,1
DA:1567,1
DA:1568,1
DA:1569,1
DA:1570,1
DA:1571,1
DA:1572,1
DA:1574,1
DA:1575,1
DA:1576,1
DA:1577,1
DA:1578,1
DA:1579,1
DA:1580,1
DA:1581,1
DA:1582,1
DA:1583,1
DA:1586,1
DA:1587,1
DA:1595,1
DA:1596,0
DA:1601,1
DA:1602,0
DA:1605,1
DA:1606,0
DA:1609,1
DA:1610,1
DA:1613,1
DA:1614,1
DA:1615,1
DA:1618,1
DA:1619,0
DA:1620,0
DA:1623,1
DA:1624,1
DA:1625,1
DA:1626,1
DA:1628,1
DA:1629,1
DA:1630,1
DA:1631,1
DA:1632,1
DA:1633,1
DA:1634,1
DA:1635,1
DA:1636,1
DA:1639,1
DA:1654,2
DA:1656,2
DA:1659,1
DA:1660,1
DA:1661,1
DA:1662,1
DA:1663,0
DA:1668,2
DA:1669,2
DA:1670,2
DA:1671,2
DA:1672,2
DA:1673,2
DA:1674,2
DA:1676,2
DA:1677,2
DA:1678,2
DA:1679,0
DA:1682,2
DA:1683,2
DA:1684,2
DA:1685,2
DA:1690,2
DA:1691,2
DA:1692,2
DA:1693,2
DA:1694,2
DA:1695,2
DA:1701,5
DA:1702,5
DA:1703,1
DA:1708,4
DA:1709,4
DA:1713,1
DA:1714,10
DA:1717,1
DA:1718,1
DA:1719,1
DA:1720,1
DA:1722,1
DA:1723,1
DA:1724,0
DA:1726,1
DA:1727,1
DA:1728,1
DA:1729,1
DA:1733,1
DA:1734,1
DA:1735,1
DA:1737,1
DA:1738,0
DA:1739,0
DA:1740,0
DA:1742,0
DA:1745,1
DA:1746,1
DA:1748,1
DA:1753,4
DA:1754,4
DA:1757,2
DA:1759,3
DA:1760,3
DA:1761,3
DA:1762,3
DA:1763,3
DA:1766,3
DA:1767,3
DA:1769,3
DA:1771,2
DA:1772,2
DA:1773,2
DA:1774,2
DA:1776,2
DA:1777,2
DA:1778,1
DA:1779,1
DA:1780,1
DA:1783,2
DA:1790,5
DA:1791,5
DA:1792,5
DA:1793,5
DA:1794,5
DA:1795,5
DA:1796,5
DA:1798,5
DA:1800,4
DA:1802,3
DA:1804,3
DA:1805,1
DA:1806,1
DA:1807,1
DA:1808,3
DA:1809,3
DA:1810,3
DA:1813,0
DA:1815,3
DA:1816,3
DA:1818,0
DA:1822,0
DA:1823,0
DA:1828,3
DA:1829,30
DA:1830,30
DA:1831,5
DA:1832,5
DA:1836,3
DA:1837,2
DA:1838,0
DA:1856,0
DA:1860,0
DA:1861,0
DA:1862,0
DA:1865,1
DA:1866,1
DA:1870,1
DA:1871,1
DA:1872,1
DA:1875,1
DA:1876,1
DA:1877,1
DA:1878,1
DA:1879,1
DA:1881,1
DA:1882,1
DA:1883,1
DA:1884,1
DA:1885,1
DA:1887,1
DA:1888,0
DA:1889,0
DA:1891,0
DA:1892,0
DA:1893,0
DA:1895,1
DA:1896,1
DA:1897,1
DA:1899,1
DA:1900,1
DA:1901,1
DA:1902,1
DA:1906,1
DA:1908,1
DA:1909,1
DA:1910,1
DA:1913,0
DA:1914,0
DA:1917,1
DA:1918,1
DA:1919,1
DA:1920,1
DA:1923,1
DA:1924,1
DA:1925,1
DA:1926,1
DA:1927,1
DA:1928,1
DA:1929,7
DA:1930,7
DA:1931,7
DA:1933,1
DA:1934,1
DA:1935,1
DA:1936,1
DA:1937,1
DA:1939,1
DA:1940,11
DA:1941,0
DA:1942,0
DA:1944,11
DA:1945,11
DA:1947,11
DA:1949,11
DA:1951,11
DA:1952,77
DA:1953,77
DA:1954,77
DA:1955,77
DA:1956,77
DA:1959,0
DA:1961,77
DA:1963,77
DA:1964,77
DA:1965,0
DA:1966,0
DA:1967,0
DA:1968,0
DA:1969,0
DA:1970,0
DA:1971,0
DA:1972,0
DA:1975,0
DA:1976,0
DA:1977,0
DA:1978,0
DA:1979,0
DA:1981,0
DA:1983,0
DA:1984,0
DA:1985,0
DA:1986,0
DA:1987,0
DA:1988,0
DA:1989,0
DA:1990,0
DA:1991,0
DA:1992,0
DA:1993,0
DA:1994,0
DA:1997,77
DA:1998,77
DA:2000,11
DA:2002,1
DA:2003,1
DA:2004,1
DA:2005,1
DA:2006,1
DA:2007,1
DA:2008,0
DA:2009,0
DA:2010,0
DA:2011,0
DA:2012,0
DA:2013,0
DA:2014,0
DA:2015,0
DA:2019,1
DA:2020,1
DA:2021,0
DA:2022,0
DA:2023,0
DA:2024,0
DA:2025,0
DA:2026,0
DA:2027,0
DA:2028,0
DA:2029,0
DA:2035,2
DA:2036,2
DA:2037,2
DA:2038,2
DA:2039,38
DA:2040,38
DA:2041,38
DA:2042,38
DA:2045,38
DA:2046,38
DA:2047,38
DA:2048,38
DA:2049,38
DA:2051,2
DA:2052,2
DA:2053,2
DA:2054,2
DA:2055,40
DA:2056,0
DA:2057,0
DA:2058,0
DA:2059,0
DA:2062,0
DA:2064,0
DA:2065,0
DA:2067,0
DA:2071,0
DA:2072,0
DA:2077,0
DA:2078,0
DA:2079,0
DA:2080,0
DA:2081,0
DA:2085,0
DA:2086,0
DA:2087,0
DA:2104,40
DA:2111,2
DA:2112,2
DA:2114,2
DA:2115,0
DA:2116,0
DA:2117,0
DA:2120,2
DA:2121,2
DA:2122,2
DA:2123,2
DA:2124,2
DA:2126,2
DA:2127,2
DA:2128,2
DA:2129,2
DA:2130,2
DA:2132,2
DA:2133,0
DA:2134,0
DA:2136,0
DA:2137,0
DA:2138,0
DA:2140,2
DA:2141,2
DA:2142,2
DA:2144,2
DA:2145,2
DA:2146,2
DA:2147,2
DA:2151,2
DA:2153,2
DA:2154,2
DA:2155,2
DA:2158,0
DA:2159,0
DA:2162,2
DA:2163,2
DA:2164,2
DA:2165,2
DA:2168,2
DA:2169,2
DA:2170,2
DA:2171,2
DA:2172,2
DA:2173,2
DA:2174,14
DA:2175,14
DA:2176,14
DA:2178,2
DA:2179,2
DA:2180,2
DA:2181,2
DA:2182,2
DA:2184,2
DA:2185,22
DA:2186,0
DA:2187,0
DA:2189,22
DA:2190,22
DA:2192,22
DA:2194,22
DA:2196,22
DA:2197,154
DA:2198,154
DA:2199,154
DA:2200,154
DA:2201,154
DA:2204,0
DA:2206,154
DA:2208,154
DA:2209,154
DA:2210,0
DA:2211,0
DA:2212,0
DA:2213,0
DA:2214,0
DA:2215,0
DA:2216,0
DA:2217,0
DA:2220,0
DA:2221,0
DA:2222,0
DA:2223,0
DA:2224,0
DA:2226,0
DA:2228,0
DA:2229,0
DA:2230,0
DA:2231,0
DA:2232,0
DA:2233,0
DA:2234,0
DA:2235,0
DA:2236,0
DA:2237,0
DA:2238,0
DA:2239,0
DA:2242,154
DA:2243,154
DA:2245,22
DA:2247,2
DA:2248,2
DA:2249,2
DA:2250,2
DA:2252,2
DA:2253,2
DA:2254,0
DA:2255,0
DA:2256,0
DA:2257,0
DA:2258,0
DA:2259,0
DA:2263,2
DA:2264,2
DA:2265,0
DA:2266,0
DA:2267,0
DA:2268,0
DA:2269,0
DA:2270,0
DA:2271,0
DA:2276,0
DA:2281,1
DA:2282,0
DA:2285,1
DA:2292,1
DA:2293,1
DA:2294,1
DA:2295,1
DA:2296,1
DA:2297,1
DA:2298,1
DA:2302,3
DA:2303,3
DA:2304,3
DA:2305,3
DA:2306,3
DA:2310,3
DA:2311,3
DA:2312,3
DA:2313,3
DA:2314,3
DA:2316,3
DA:2317,18
DA:2318,18
DA:2319,18
DA:2320,18
DA:2321,18
DA:2322,18
DA:2323,18
DA:2325,3
DA:2326,3
DA:2330,1
DA:2331,1
DA:2332,1
DA:2336,3
DA:2337,1
DA:2338,1
DA:2339,1
DA:2340,1
DA:2341,1
DA:2343,1
DA:2344,1
DA:2345,1
DA:2346,1
DA:2347,1
DA:2348,1
DA:2355,3
DA:2358,1
DA:2359,1
DA:2360,1
DA:2361,1
DA:2363,1
DA:2364,1
DA:2415,1
DA:2417,1
DA:2418,1
DA:2419,1
DA:2420,1
DA:2421,1
DA:2423,1
DA:2424,1
DA:2425,1
DA:2426,1
DA:2427,1
DA:2428,1
DA:2430,1
DA:2431,1
DA:2432,1
DA:2433,1
DA:2436,0
DA:2437,0
DA:2438,0
DA:2439,0
DA:2441,1
DA:2442,1
DA:2443,1
DA:2444,1
DA:2446,1
DA:2447,1
DA:2450,1
DA:2451,1
DA:2460,1
DA:2461,0
DA:2466,1
DA:2467,0
DA:2470,1
DA:2471,0
DA:2474,1
DA:2475,1
DA:2478,1
DA:2479,1
DA:2480,1
DA:2483,1
DA:2484,0
DA:2485,0
DA:2488,1
DA:2503,4
DA:2505,1
DA:2508,1
DA:2509,11
DA:2512,1
DA:2513,1
DA:2514,1
DA:2515,1
DA:2517,1
DA:2518,1
DA:2519,0
DA:2521,1
DA:2522,1
DA:2523,1
DA:2524,1
DA:2528,1
DA:2529,1
DA:2530,1
DA:2532,1
DA:2533,0
DA:2534,0
DA:2535,0
DA:2537,0
DA:2540,1
DA:2541,0
DA:2543,1
DA:2548,4
DA:2549,4
DA:2552,2
DA:2554,3
DA:2555,3
DA:2556,3
DA:2557,3
DA:2558,3
DA:2561,3
DA:2562,3
DA:2564,3
DA:2566,2
DA:2567,2
DA:2568,2
DA:2569,2
DA:2571,2
DA:2572,2
DA:2573,1
DA:2574,1
DA:2575,1
DA:2578,2
DA:2582,1
DA:2583,1
DA:2584,1
DA:2585,1
DA:2586,0
DA:2591,2
DA:2592,2
DA:2593,2
DA:2594,2
DA:2595,2
DA:2596,2
DA:2597,2
DA:2599,2
DA:2600,2
DA:2601,2
DA:2602,0
DA:2605,2
DA:2606,2
DA:2607,2
DA:2608,2
DA:2613,1
DA:2614,1
DA:2615,1
DA:2616,1
DA:2617,1
DA:2618,1
DA:2624,3
DA:2625,3
DA:2626,1
DA:2631,2
DA:2632,2
DA:2636,1
DA:2637,1
DA:2638,1
DA:2645,1
DA:2646,1
DA:2647,1
DA:2648,1
DA:2649,1
DA:2650,1
DA:2651,1
DA:2653,1
DA:2655,0
DA:2656,0
DA:2658,0
DA:2660,0
DA:2662,0
DA:2663,0
DA:2664,0
DA:2665,0
DA:2666,0
DA:2667,0
DA:2668,0
DA:2669,0
DA:2671,0
DA:2672,0
DA:2673,0
DA:2674,0
DA:2677,0
DA:2679,0
DA:2680,0
DA:2682,0
DA:2686,0
DA:2687,0
DA:2692,0
DA:2693,0
DA:2694,0
DA:2695,0
DA:2696,0
DA:2699,0
DA:2700,0
DA:2701,0
DA:2719,0
DA:2723,0
DA:2724,0
DA:2727,0
DA:2728,0
DA:2729,0
DA:2731,0
DA:2732,0
DA:2735,0
DA:2738,0
DA:2739,0
DA:2740,0
DA:2741,0
DA:2742,0
DA:2743,0
DA:2746,0
DA:2747,0
DA:2748,0
DA:2749,0
DA:2750,0
DA:2752,0
DA:2754,0
DA:2755,0
DA:2756,0
DA:2757,0
DA:2761,0
DA:2762,0
DA:2763,0
DA:2766,0
DA:2767,0
DA:2768,0
DA:2769,0
DA:2773,0
DA:2774,0
DA:2775,0
DA:2776,0
DA:2777,0
DA:2778,0
DA:2779,0
DA:2780,0
DA:2781,0
DA:2783,0
DA:2784,0
DA:2785,0
DA:2786,0
DA:2787,0
DA:2788,0
DA:2790,0
DA:2791,0
DA:2792,0
DA:2793,0
DA:2794,0
DA:2795,0
DA:2796,0
DA:2797,0
DA:2798,0
DA:2799,0
DA:2801,0
DA:2802,0
DA:2803,0
DA:2804,0
DA:2806,0
DA:2810,0
DA:2811,0
DA:2813,0
DA:2814,0
DA:2815,0
DA:2816,0
DA:2817,0
DA:2818,0
DA:2819,0
DA:2822,0
DA:2823,0
DA:2824,0
DA:2825,0
DA:2826,0
DA:2828,0
DA:2829,0
DA:2830,0
DA:2831,0
DA:2832,0
DA:2833,0
DA:2834,0
DA:2835,0
DA:2836,0
DA:2837,0
DA:2838,0
DA:2839,0
DA:2840,0
DA:2843,0
DA:2844,0
DA:2847,0
DA:2849,0
DA:2851,0
DA:2852,0
DA:2853,0
DA:2854,0
DA:2855,0
DA:2857,0
DA:2860,0
DA:2862,0
DA:2863,0
DA:2864,0
DA:2865,0
DA:2866,0
DA:2869,0
DA:2871,0
DA:2872,0
DA:2874,0
DA:2875,0
DA:2876,0
DA:2881,0
DA:2882,0
DA:2883,0
DA:2884,0
DA:2885,0
DA:2886,0
DA:2887,0
DA:2888,0
DA:2891,0
DA:2892,0
DA:2893,0
DA:2894,0
DA:2895,0
DA:2898,0
DA:2899,0
DA:2900,0
DA:2902,0
DA:2903,0
DA:2906,0
DA:2907,0
DA:2910,0
DA:2913,0
DA:2914,0
DA:2915,0
DA:2916,0
DA:2917,0
DA:2918,0
DA:2921,0
DA:2923,0
DA:2924,0
DA:2926,0
DA:2930,0
DA:2931,0
DA:2936,0
DA:2937,0
DA:2938,0
DA:2939,0
DA:2940,0
DA:2941,0
DA:2945,0
DA:2946,0
DA:2947,0
DA:2948,0
DA:2965,0
DA:2966,0
DA:2968,0
DA:2969,0
DA:2970,0
DA:2971,0
DA:2972,0
DA:2975,0
DA:2978,0
DA:2979,0
DA:2980,0
DA:2981,0
DA:2982,0
DA:2983,0
DA:2986,0
DA:2987,0
DA:2988,0
DA:2989,0
DA:2990,0
DA:2992,0
DA:2994,0
DA:2995,0
DA:2996,0
DA:2997,0
DA:3001,0
DA:3002,0
DA:3003,0
DA:3006,0
DA:3007,0
DA:3008,0
DA:3009,0
DA:3013,0
DA:3014,0
DA:3015,0
DA:3016,0
DA:3017,0
DA:3018,0
DA:3019,0
DA:3020,0
DA:3021,0
DA:3023,0
DA:3024,0
DA:3025,0
DA:3026,0
DA:3027,0
DA:3029,0
DA:3030,0
DA:3031,0
DA:3032,0
DA:3033,0
DA:3034,0
DA:3035,0
DA:3036,0
DA:3037,0
DA:3038,0
DA:3039,0
DA:3040,0
DA:3041,0
DA:3042,0
DA:3044,0
DA:3048,0
DA:3049,0
DA:3051,0
DA:3052,0
DA:3053,0
DA:3054,0
DA:3055,0
DA:3056,0
DA:3057,0
DA:3060,0
DA:3061,0
DA:3062,0
DA:3063,0
DA:3064,0
DA:3066,0
DA:3067,0
DA:3068,0
DA:3069,0
DA:3070,0
DA:3071,0
DA:3072,0
DA:3073,0
DA:3074,0
DA:3075,0
DA:3076,0
DA:3077,0
DA:3080,0
DA:3081,0
DA:3084,0
DA:3086,0
DA:3088,0
DA:3089,0
DA:3090,0
DA:3091,0
DA:3092,0
DA:3094,0
DA:3097,0
DA:3099,0
DA:3100,0
DA:3101,0
DA:3102,0
DA:3103,0
DA:3106,0
DA:3107,0
DA:3108,0
DA:3111,0
DA:3112,0
DA:3113,0
DA:3114,0
DA:3115,0
DA:3116,0
DA:3117,0
DA:3121,0
DA:3122,0
DA:3123,0
DA:3124,0
DA:3125,0
DA:3126,0
DA:3127,0
DA:3128,0
DA:3133,0
DA:3134,0
DA:3135,0
DA:3136,0
DA:3141,0
DA:3146,0
DA:3147,0
DA:3150,0
DA:3154,1
DA:3155,1
DA:3156,0
DA:3157,0
DA:3158,0
DA:3159,0
DA:3160,0
DA:3164,1
DA:3165,1
DA:3166,0
DA:3167,0
DA:3168,0
DA:3169,0
DA:3170,0
DA:3171,0
DA:3176,1
DA:3177,1
DA:3178,0
DA:3179,0
DA:3186,1
DA:3187,1
DA:3188,1
DA:3189,1
DA:3190,1
DA:3191,1
DA:3193,1
DA:3195,1
DA:3196,1
DA:3197,1
DA:3198,1
DA:3199,1
DA:3202,0
DA:3203,0
DA:3204,0
DA:3205,0
DA:3206,0
DA:3208,1
DA:3209,1
DA:3210,0
DA:3213,1
DA:3217,1
DA:3218,1
DA:3219,1
DA:3221,1
DA:3222,1
DA:3223,1
DA:3224,6
DA:3225,6
DA:3226,6
DA:3227,6
DA:3229,1
DA:3230,1
DA:3234,1
DA:3235,1
DA:3236,1
DA:3237,1
DA:3239,0
DA:3240,0
DA:3242,0
DA:3243,0
DA:3245,0
DA:3246,0
DA:3248,0
DA:3249,0
DA:3251,0
DA:3252,0
DA:3254,1
DA:3256,1
DA:3257,1
DA:3258,1
DA:3259,1
DA:3260,1
DA:3261,1
DA:3262,1
DA:3263,1
DA:3264,1
DA:3265,1
DA:3266,1
DA:3267,1
DA:3271,0
DA:3272,0
DA:3273,0
DA:3274,0
DA:3275,0
DA:3277,0
DA:3278,0
DA:3279,0
DA:3280,0
DA:3281,0
DA:3282,0
DA:3283,0
DA:3284,0
DA:3288,3
DA:3289,1
DA:3290,1
DA:3291,1
DA:3292,1
DA:3294,1
DA:3295,1
DA:3296,1
DA:3297,1
DA:3298,1
DA:3299,1
DA:3308,14
DA:3311,12
DA:3312,12
DA:3313,12
DA:3315,12
DA:3316,12
DA:3363,12
DA:3365,12
DA:3366,12
DA:3367,12
DA:3368,12
DA:3369,12
DA:3370,12
DA:3372,12
DA:3373,12
DA:3374,12
DA:3375,12
DA:3376,12
DA:3377,12
DA:3379,12
DA:3381,12
DA:3382,12
DA:3383,12
DA:3386,0
DA:3387,0
DA:3389,12
DA:3390,12
DA:3393,12
DA:3394,12
DA:3403,12
DA:3404,0
DA:3409,12
DA:3410,0
DA:3413,12
DA:3414,0
DA:3417,12
DA:3418,12
DA:3421,12
DA:3422,12
DA:3423,12
DA:3426,12
DA:3427,0
DA:3428,0
DA:3431,12
DA:3445,4
DA:3447,1
DA:3450,12
DA:3451,12
DA:3452,12
DA:3454,12
DA:3455,0
DA:3456,0
DA:3457,0
DA:3459,0
DA:3462,12
DA:3463,6
DA:3465,12
DA:3470,4
DA:3471,4
DA:3474,2
DA:3476,3
DA:3477,3
DA:3478,3
DA:3479,3
DA:3480,3
DA:3483,3
DA:3484,3
DA:3486,3
DA:3488,2
DA:3489,2
DA:3490,2
DA:3491,2
DA:3493,2
DA:3494,2
DA:3495,1
DA:3496,1
DA:3497,1
DA:3500,2
DA:3504,1
DA:3505,1
DA:3506,1
DA:3507,1
DA:3508,0
DA:3513,2
DA:3514,2
DA:3515,2
DA:3516,2
DA:3517,2
DA:3518,2
DA:3519,2
DA:3521,2
DA:3522,2
DA:3523,2
DA:3524,0
DA:3527,2
DA:3528,2
DA:3529,2
DA:3530,2
DA:3535,1
DA:3536,1
DA:3537,1
DA:3538,1
DA:3539,1
DA:3540,1
DA:3546,3
DA:3547,3
DA:3548,1
DA:3553,2
DA:3554,2
DA:3558,1
DA:3559,1
DA:3560,1
DA:3561,1
DA:3562,1
DA:3563,2
DA:3564,2
DA:3565,2
DA:3567,1
DA:3568,1
DA:3572,12
DA:3573,12
DA:3577,1
DA:3578,1
DA:3580,1
DA:3581,1
DA:3582,1
DA:3585,0
DA:3588,1
DA:3590,1
DA:3594,1
DA:3595,1
DA:3596,1
DA:3597,1
DA:3598,0
DA:3599,0
DA:3600,0
DA:3603,1
DA:3606,0
DA:3609,1
DA:3611,1
DA:3613,12
DA:3614,12
DA:3616,12
DA:3617,0
DA:3618,0
DA:3619,0
DA:3620,0
DA:3621,0
DA:3622,0
DA:3623,0
DA:3624,0
DA:3625,0
DA:3626,0
DA:3627,0
DA:3628,0
DA:3629,0
DA:3630,0
DA:3631,0
DA:3632,0
DA:3633,0
DA:3634,0
DA:3635,0
DA:3636,0
DA:3637,0
DA:3638,0
DA:3639,0
DA:3640,0
DA:3641,0
DA:3642,0
DA:3645,12
DA:3646,12
DA:3647,12
DA:3648,12
DA:3649,12
DA:3650,12
DA:3651,12
DA:3653,12
DA:3654,120
DA:3657,12
DA:3658,12
DA:3659,12
DA:3660,12
DA:3661,12
DA:3665,1
DA:3666,0
DA:3667,0
DA:3669,0
DA:3670,0
DA:3671,0
DA:3672,0
DA:3674,0
DA:3675,0
DA:3676,0
DA:3677,0
DA:3678,0
DA:3679,0
DA:3680,0
DA:3681,0
DA:3682,0
DA:3684,0
DA:3685,0
DA:3687,0
DA:3689,0
DA:3690,0
DA:3691,0
DA:3694,0
DA:3695,0
DA:3696,0
DA:3697,0
DA:3698,0
DA:3699,0
DA:3705,1
DA:3711,0
DA:3712,0
DA:3713,0
DA:3714,0
DA:3715,0
DA:3716,0
DA:3717,0
DA:3718,0
DA:3719,0
DA:3723,3
DA:3724,1
DA:3725,1
DA:3726,1
DA:3727,1
DA:3729,1
DA:3730,1
DA:3731,1
DA:3732,1
DA:3733,1
DA:3734,1
DA:3739,1
DA:3740,1
DA:3741,1
DA:3742,1
DA:3744,1
DA:3745,1
DA:3746,1
DA:3747,1
DA:3748,1
DA:3749,1
DA:3750,1
DA:3755,1
DA:3757,1
DA:3758,1
LF:2103
LH:1345
BRDA:2,0,0,0
BRDA:2,0,1,1
BRDA:2,1,0,1
BRDA:2,1,1,1
BRDA:3,2,0,0
BRDA:3,2,1,0
BRDA:3,3,0,0
BRDA:3,3,1,0
BRDA:3,4,0,0
BRDA:3,4,1,0
BRDA:3,5,0,0
BRDA:3,5,1,0
BRDA:3,6,0,0
BRDA:3,6,1,0
BRDA:3,7,0,0
BRDA:3,7,1,0
BRDA:3,8,0,0
BRDA:3,8,1,0
BRDA:3,9,0,0
BRDA:3,9,1,0
BRDA:3,10,0,0
BRDA:3,10,1,0
BRDA:3,11,0,0
BRDA:3,11,1,0
BRDA:3,12,0,0
BRDA:3,12,1,0
BRDA:3,13,0,0
BRDA:3,13,1,0
BRDA:3,14,0,0
BRDA:3,14,1,0
BRDA:3,15,0,0
BRDA:3,15,1,0
BRDA:3,16,0,0
BRDA:3,16,1,0
BRDA:3,17,0,0
BRDA:3,17,1,0
BRDA:3,18,0,0
BRDA:3,18,1,0
BRDA:3,19,0,0
BRDA:3,19,1,0
BRDA:3,20,0,0
BRDA:3,20,1,0
BRDA:3,21,0,0
BRDA:3,21,1,0
BRDA:3,22,0,0
BRDA:3,22,1,0
BRDA:3,23,0,0
BRDA:3,23,1,0
BRDA:3,24,0,0
BRDA:3,24,1,0
BRDA:3,25,0,0
BRDA:3,25,1,0
BRDA:3,26,0,0
BRDA:3,26,1,0
BRDA:3,27,0,0
BRDA:3,27,1,0
BRDA:3,28,0,0
BRDA:3,28,1,0
BRDA:3,29,0,0
BRDA:3,29,1,0
BRDA:3,30,0,0
BRDA:3,30,1,0
BRDA:3,31,0,0
BRDA:3,31,1,0
BRDA:3,32,0,0
BRDA:3,32,1,0
BRDA:3,33,0,0
BRDA:3,33,1,0
BRDA:3,34,0,0
BRDA:3,34,1,0
BRDA:3,35,0,0
BRDA:3,35,1,0
BRDA:3,36,0,0
BRDA:3,36,1,0
BRDA:3,37,0,0
BRDA:3,37,1,0
BRDA:3,38,0,0
BRDA:3,38,1,0
BRDA:3,39,0,0
BRDA:3,39,1,0
BRDA:3,40,0,0
BRDA:3,40,1,0
BRDA:3,41,0,0
BRDA:3,41,1,0
BRDA:3,42,0,0
BRDA:3,42,1,0
BRDA:3,43,0,0
BRDA:3,43,1,0
BRDA:3,44,0,0
BRDA:3,44,1,0
BRDA:3,45,0,0
BRDA:3,45,1,0
BRDA:3,46,0,0
BRDA:3,46,1,0
BRDA:3,47,0,0
BRDA:3,47,1,0
BRDA:3,48,0,0
BRDA:3,48,1,0
BRDA:3,49,0,0
BRDA:3,49,1,0
BRDA:3,50,0,0
BRDA:3,50,1,0
BRDA:3,51,0,0
BRDA:3,51,1,0
BRDA:3,52,0,0
BRDA:3,52,1,0
BRDA:3,53,0,0
BRDA:3,53,1,0
BRDA:3,54,0,0
BRDA:3,54,1,0
BRDA:3,55,0,0
BRDA:3,55,1,0
BRDA:3,56,0,0
BRDA:3,56,1,0
BRDA:3,57,0,0
BRDA:3,57,1,0
BRDA:3,58,0,0
BRDA:3,58,1,0
BRDA:3,59,0,0
BRDA:3,59,1,0
BRDA:3,60,0,0
BRDA:3,60,1,0
BRDA:3,61,0,0
BRDA:3,61,1,0
BRDA:3,62,0,0
BRDA:3,62,1,0
BRDA:3,63,0,0
BRDA:3,63,1,0
BRDA:3,64,0,0
BRDA:3,64,1,0
BRDA:3,64,2,0
BRDA:3,65,0,0
BRDA:3,65,1,0
BRDA:3,66,0,0
BRDA:3,66,1,0
BRDA:3,67,0,0
BRDA:3,67,1,0
BRDA:3,68,0,0
BRDA:3,68,1,0
BRDA:3,69,0,0
BRDA:3,69,1,0
BRDA:3,70,0,0
BRDA:3,70,1,0
BRDA:3,71,0,0
BRDA:3,71,1,0
BRDA:3,72,0,0
BRDA:3,72,1,0
BRDA:3,73,0,0
BRDA:3,73,1,0
BRDA:3,74,0,0
BRDA:3,74,1,0
BRDA:3,75,0,0
BRDA:3,75,1,0
BRDA:3,75,2,0
BRDA:3,76,0,0
BRDA:3,76,1,0
BRDA:3,77,0,0
BRDA:3,77,1,0
BRDA:3,78,0,0
BRDA:3,78,1,0
BRDA:3,79,0,0
BRDA:3,79,1,0
BRDA:3,80,0,0
BRDA:3,80,1,0
BRDA:3,81,0,0
BRDA:3,81,1,0
BRDA:3,82,0,0
BRDA:3,82,1,0
BRDA:3,82,2,0
BRDA:3,83,0,0
BRDA:3,83,1,0
BRDA:3,83,2,0
BRDA:3,84,0,0
BRDA:3,84,1,0
BRDA:3,85,0,0
BRDA:3,85,1,0
BRDA:3,86,0,0
BRDA:3,86,1,0
BRDA:3,87,0,0
BRDA:3,87,1,0
BRDA:3,88,0,0
BRDA:3,88,1,0
BRDA:3,89,0,0
BRDA:3,89,1,0
BRDA:3,89,2,0
BRDA:3,90,0,0
BRDA:3,90,1,0
BRDA:3,91,0,0
BRDA:3,91,1,0
BRDA:3,92,0,0
BRDA:3,92,1,0
BRDA:3,92,2,0
BRDA:3,93,0,0
BRDA:3,93,1,0
BRDA:3,94,0,0
BRDA:3,94,1,0
BRDA:3,95,0,0
BRDA:3,95,1,0
BRDA:3,96,0,0
BRDA:3,96,1,0
BRDA:3,97,0,0
BRDA:3,97,1,0
BRDA:3,98,0,0
BRDA:3,98,1,0
BRDA:3,99,0,0
BRDA:3,99,1,0
BRDA:3,100,0,0
BRDA:3,100,1,0
BRDA:3,101,0,0
BRDA:3,101,1,0
BRDA:3,102,0,0
BRDA:3,102,1,0
BRDA:3,103,0,0
BRDA:3,103,1,0
BRDA:3,104,0,0
BRDA:3,104,1,0
BRDA:3,105,0,0
BRDA:3,105,1,0
BRDA:3,106,0,0
BRDA:3,106,1,0
BRDA:3,107,0,0
BRDA:3,107,1,0
BRDA:3,108,0,0
BRDA:3,108,1,0
BRDA:3,109,0,0
BRDA:3,109,1,0
BRDA:3,110,0,0
BRDA:3,110,1,0
BRDA:3,110,2,0
BRDA:3,110,3,0
BRDA:3,111,0,0
BRDA:3,111,1,0
BRDA:3,112,0,0
BRDA:3,112,1,0
BRDA:3,113,0,0
BRDA:3,113,1,0
BRDA:3,114,0,0
BRDA:3,114,1,0
BRDA:3,115,0,0
BRDA:3,115,1,0
BRDA:3,115,2,0
BRDA:3,116,0,0
BRDA:3,116,1,0
BRDA:3,116,2,0
BRDA:3,117,0,0
BRDA:3,117,1,0
BRDA:3,118,0,0
BRDA:3,118,1,0
BRDA:3,119,0,0
BRDA:3,119,1,0
BRDA:3,120,0,0
BRDA:3,120,1,0
BRDA:3,121,0,0
BRDA:3,121,1,0
BRDA:3,122,0,0
BRDA:3,122,1,0
BRDA:3,123,0,0
BRDA:3,123,1,0
BRDA:3,124,0,0
BRDA:3,124,1,0
BRDA:3,125,0,0
BRDA:3,125,1,0
BRDA:3,125,2,0
BRDA:3,126,0,0
BRDA:3,126,1,0
BRDA:3,127,0,0
BRDA:3,127,1,0
BRDA:3,128,0,0
BRDA:3,128,1,0
BRDA:3,129,0,0
BRDA:3,129,1,0
BRDA:3,129,2,0
BRDA:3,130,0,0
BRDA:3,130,1,0
BRDA:3,131,0,0
BRDA:3,131,1,0
BRDA:3,132,0,0
BRDA:3,132,1,0
BRDA:3,133,0,0
BRDA:3,133,1,0
BRDA:3,134,0,0
BRDA:3,134,1,0
BRDA:3,135,0,0
BRDA:3,135,1,0
BRDA:3,136,0,0
BRDA:3,136,1,0
BRDA:3,137,0,0
BRDA:3,137,1,0
BRDA:3,138,0,0
BRDA:3,138,1,0
BRDA:3,139,0,0
BRDA:3,139,1,0
BRDA:3,140,0,0
BRDA:3,140,1,0
BRDA:3,141,0,0
BRDA:3,141,1,0
BRDA:3,141,2,0
BRDA:3,141,3,0
BRDA:3,141,4,0
BRDA:3,141,5,0
BRDA:3,141,6,0
BRDA:3,142,0,0
BRDA:3,142,1,0
BRDA:3,143,0,0
BRDA:3,143,1,0
BRDA:3,144,0,0
BRDA:3,144,1,0
BRDA:3,144,2,0
BRDA:3,144,3,0
BRDA:3,145,0,0
BRDA:3,145,1,0
BRDA:3,146,0,0
BRDA:3,146,1,0
BRDA:3,147,0,0
BRDA:3,147,1,0
BRDA:3,147,2,0
BRDA:3,148,0,0
BRDA:3,148,1,0
BRDA:3,148,2,0
BRDA:3,149,0,0
BRDA:3,149,1,0
BRDA:3,149,2,0
BRDA:3,150,0,0
BRDA:3,150,1,0
BRDA:3,150,2,0
BRDA:3,151,0,0
BRDA:3,151,1,0
BRDA:3,152,0,0
BRDA:3,152,1,0
BRDA:3,153,0,0
BRDA:3,153,1,0
BRDA:3,154,0,0
BRDA:3,154,1,0
BRDA:3,155,0,0
BRDA:3,155,1,0
BRDA:3,156,0,0
BRDA:3,156,1,0
BRDA:3,157,0,0
BRDA:3,157,1,0
BRDA:3,158,0,0
BRDA:3,158,1,0
BRDA:3,159,0,0
BRDA:3,159,1,0
BRDA:3,160,0,0
BRDA:3,160,1,0
BRDA:3,161,0,0
BRDA:3,161,1,0
BRDA:3,162,0,0
BRDA:3,162,1,0
BRDA:3,163,0,0
BRDA:3,163,1,0
BRDA:3,164,0,0
BRDA:3,164,1,0
BRDA:3,165,0,0
BRDA:3,165,1,0
BRDA:3,166,0,0
BRDA:3,166,1,0
BRDA:3,167,0,0
BRDA:3,167,1,0
BRDA:3,168,0,0
BRDA:3,168,1,0
BRDA:3,169,0,0
BRDA:3,169,1,0
BRDA:3,170,0,0
BRDA:3,170,1,0
BRDA:3,171,0,0
BRDA:3,171,1,0
BRDA:3,172,0,0
BRDA:3,172,1,0
BRDA:3,173,0,0
BRDA:3,173,1,0
BRDA:3,174,0,0
BRDA:3,174,1,0
BRDA:3,175,0,0
BRDA:3,175,1,0
BRDA:3,175,2,0
BRDA:3,176,0,0
BRDA:3,176,1,0
BRDA:3,176,2,0
BRDA:3,177,0,0
BRDA:3,177,1,0
BRDA:3,178,0,0
BRDA:3,178,1,0
BRDA:3,178,2,0
BRDA:3,179,0,0
BRDA:3,179,1,0
BRDA:3,180,0,0
BRDA:3,180,1,0
BRDA:3,181,0,0
BRDA:3,181,1,0
BRDA:3,182,0,0
BRDA:3,182,1,0
BRDA:3,183,0,0
BRDA:3,183,1,0
BRDA:3,183,2,0
BRDA:3,184,0,0
BRDA:3,184,1,0
BRDA:3,185,0,0
BRDA:3,185,1,0
BRDA:3,186,0,0
BRDA:3,186,1,0
BRDA:3,187,0,0
BRDA:3,187,1,0
BRDA:3,188,0,0
BRDA:3,188,1,0
BRDA:3,189,0,0
BRDA:3,189,1,0
BRDA:3,190,0,0
BRDA:3,190,1,0
BRDA:3,191,0,0
BRDA:3,191,1,0
BRDA:3,192,0,0
BRDA:3,192,1,0
BRDA:3,193,0,0
BRDA:3,193,1,0
BRDA:3,194,0,0
BRDA:3,194,1,0
BRDA:3,195,0,0
BRDA:3,195,1,0
BRDA:3,196,0,0
BRDA:3,196,1,0
BRDA:3,197,0,0
BRDA:3,197,1,0
BRDA:3,198,0,0
BRDA:3,198,1,0
BRDA:3,199,0,0
BRDA:3,199,1,0
BRDA:3,200,0,0
BRDA:3,200,1,0
BRDA:3,200,2,0
BRDA:3,201,0,0
BRDA:3,201,1,0
BRDA:3,202,0,0
BRDA:3,202,1,0
BRDA:3,203,0,0
BRDA:3,203,1,0
BRDA:3,203,2,0
BRDA:3,203,3,0
BRDA:3,204,0,0
BRDA:3,204,1,0
BRDA:3,204,2,0
BRDA:3,205,0,0
BRDA:3,205,1,0
BRDA:3,206,0,0
BRDA:3,206,1,0
BRDA:3,207,0,0
BRDA:3,207,1,0
BRDA:3,208,0,0
BRDA:3,208,1,0
BRDA:3,208,2,0
BRDA:3,209,0,0
BRDA:3,209,1,0
BRDA:3,210,0,0
BRDA:3,210,1,0
BRDA:3,211,0,0
BRDA:3,211,1,0
BRDA:3,212,0,0
BRDA:3,212,1,0
BRDA:3,213,0,0
BRDA:3,213,1,0
BRDA:3,214,0,0
BRDA:3,214,1,0
BRDA:3,215,0,0
BRDA:3,215,1,0
BRDA:3,216,0,0
BRDA:3,216,1,0
BRDA:3,217,0,0
BRDA:3,217,1,0
BRDA:3,218,0,0
BRDA:3,218,1,0
BRDA:3,219,0,0
BRDA:3,219,1,0
BRDA:3,220,0,0
BRDA:3,220,1,0
BRDA:3,221,0,0
BRDA:3,221,1,0
BRDA:3,222,0,0
BRDA:3,222,1,0
BRDA:3,223,0,0
BRDA:3,223,1,0
BRDA:3,224,0,0
BRDA:3,224,1,0
BRDA:3,225,0,0
BRDA:3,225,1,0
BRDA:3,225,2,0
BRDA:3,226,0,0
BRDA:3,226,1,0
BRDA:3,227,0,0
BRDA:3,227,1,0
BRDA:3,228,0,0
BRDA:3,228,1,0
BRDA:3,229,0,0
BRDA:3,229,1,0
BRDA:3,230,0,0
BRDA:3,230,1,0
BRDA:3,231,0,0
BRDA:3,231,1,0
BRDA:3,232,0,0
BRDA:3,232,1,0
BRDA:3,233,0,0
BRDA:3,233,1,0
BRDA:3,234,0,0
BRDA:3,234,1,0
BRDA:3,235,0,0
BRDA:3,235,1,0
BRDA:3,236,0,0
BRDA:3,236,1,0
BRDA:3,237,0,0
BRDA:3,237,1,0
BRDA:3,238,0,0
BRDA:3,238,1,0
BRDA:3,239,0,0
BRDA:3,239,1,0
BRDA:3,240,0,0
BRDA:3,240,1,0
BRDA:3,241,0,0
BRDA:3,241,1,0
BRDA:3,242,0,0
BRDA:3,242,1,0
BRDA:3,243,0,0
BRDA:3,243,1,0
BRDA:3,243,2,0
BRDA:3,244,0,0
BRDA:3,244,1,0
BRDA:3,245,0,0
BRDA:3,245,1,0
BRDA:3,246,0,0
BRDA:3,246,1,0
BRDA:3,247,0,0
BRDA:3,247,1,0
BRDA:3,248,0,0
BRDA:3,248,1,0
BRDA:3,249,0,0
BRDA:3,249,1,0
BRDA:3,250,0,0
BRDA:3,250,1,0
BRDA:3,251,0,0
BRDA:3,251,1,0
BRDA:3,252,0,0
BRDA:3,252,1,0
BRDA:3,253,0,0
BRDA:3,253,1,0
BRDA:3,254,0,0
BRDA:3,254,1,0
BRDA:3,255,0,0
BRDA:3,255,1,0
BRDA:3,256,0,0
BRDA:3,256,1,0
BRDA:4,257,0,0
BRDA:4,257,1,0
BRDA:4,258,0,0
BRDA:4,258,1,0
BRDA:4,259,0,0
BRDA:4,259,1,0
BRDA:4,260,0,0
BRDA:4,260,1,0
BRDA:4,261,0,0
BRDA:4,261,1,0
BRDA:4,262,0,0
BRDA:4,262,1,0
BRDA:4,263,0,0
BRDA:4,263,1,0
BRDA:4,264,0,0
BRDA:4,264,1,0
BRDA:4,265,0,0
BRDA:4,265,1,0
BRDA:4,266,0,0
BRDA:4,266,1,0
BRDA:4,267,0,0
BRDA:4,267,1,0
BRDA:4,268,0,0
BRDA:4,268,1,0
BRDA:4,269,0,0
BRDA:4,269,1,0
BRDA:4,270,0,0
BRDA:4,270,1,0
BRDA:4,271,0,0
BRDA:4,271,1,0
BRDA:4,271,2,0
BRDA:4,272,0,0
BRDA:4,272,1,0
BRDA:4,273,0,0
BRDA:4,273,1,0
BRDA:4,274,0,0
BRDA:4,274,1,0
BRDA:4,275,0,0
BRDA:4,275,1,0
BRDA:4,276,0,0
BRDA:4,276,1,0
BRDA:4,277,0,0
BRDA:4,277,1,0
BRDA:4,278,0,0
BRDA:4,278,1,0
BRDA:4,279,0,0
BRDA:4,279,1,0
BRDA:4,280,0,0
BRDA:4,280,1,0
BRDA:4,281,0,0
BRDA:4,281,1,0
BRDA:4,282,0,0
BRDA:4,282,1,0
BRDA:4,283,0,0
BRDA:4,283,1,0
BRDA:4,284,0,0
BRDA:4,284,1,0
BRDA:4,285,0,0
BRDA:4,285,1,0
BRDA:4,286,0,0
BRDA:4,286,1,0
BRDA:4,287,0,0
BRDA:4,287,1,0
BRDA:4,288,0,0
BRDA:4,288,1,0
BRDA:4,289,0,0
BRDA:4,289,1,0
BRDA:4,290,0,0
BRDA:4,290,1,0
BRDA:4,291,0,0
BRDA:4,291,1,0
BRDA:4,292,0,0
BRDA:4,292,1,0
BRDA:4,293,0,0
BRDA:4,293,1,0
BRDA:4,294,0,0
BRDA:4,294,1,0
BRDA:4,295,0,0
BRDA:4,295,1,0
BRDA:4,296,0,0
BRDA:4,296,1,0
BRDA:4,297,0,0
BRDA:4,297,1,0
BRDA:4,298,0,0
BRDA:4,298,1,0
BRDA:4,299,0,0
BRDA:4,299,1,0
BRDA:4,300,0,0
BRDA:4,300,1,0
BRDA:4,301,0,0
BRDA:4,301,1,0
BRDA:4,302,0,0
BRDA:4,302,1,0
BRDA:4,303,0,0
BRDA:4,303,1,0
BRDA:4,304,0,0
BRDA:4,304,1,0
BRDA:4,305,0,0
BRDA:4,305,1,0
BRDA:4,306,0,0
BRDA:4,306,1,0
BRDA:4,307,0,0
BRDA:4,307,1,0
BRDA:4,308,0,0
BRDA:4,308,1,0
BRDA:4,308,2,0
BRDA:4,309,0,0
BRDA:4,309,1,0
BRDA:4,310,0,0
BRDA:4,310,1,0
BRDA:4,311,0,0
BRDA:4,311,1,0
BRDA:4,312,0,0
BRDA:4,312,1,0
BRDA:4,313,0,0
BRDA:4,313,1,0
BRDA:4,314,0,0
BRDA:4,314,1,0
BRDA:4,315,0,0
BRDA:4,315,1,0
BRDA:4,316,0,0
BRDA:4,316,1,0
BRDA:4,317,0,0
BRDA:4,317,1,0
BRDA:4,317,2,0
BRDA:4,317,3,0
BRDA:4,318,0,0
BRDA:4,318,1,0
BRDA:4,319,0,0
BRDA:4,319,1,0
BRDA:4,320,0,0
BRDA:4,320,1,0
BRDA:4,321,0,0
BRDA:4,321,1,0
BRDA:4,322,0,0
BRDA:4,322,1,0
BRDA:4,323,0,0
BRDA:4,323,1,0
BRDA:4,324,0,0
BRDA:4,324,1,0
BRDA:4,325,0,0
BRDA:4,325,1,0
BRDA:4,326,0,0
BRDA:4,326,1,0
BRDA:4,327,0,0
BRDA:4,327,1,0
BRDA:4,328,0,0
BRDA:4,328,1,0
BRDA:4,329,0,0
BRDA:4,329,1,0
BRDA:4,330,0,0
BRDA:4,330,1,0
BRDA:4,330,2,0
BRDA:4,331,0,0
BRDA:4,331,1,0
BRDA:4,332,0,0
BRDA:4,332,1,0
BRDA:4,333,0,0
BRDA:4,333,1,0
BRDA:4,334,0,0
BRDA:4,334,1,0
BRDA:4,335,0,0
BRDA:4,335,1,0
BRDA:4,336,0,0
BRDA:4,336,1,0
BRDA:4,337,0,0
BRDA:4,337,1,0
BRDA:4,338,0,0
BRDA:4,338,1,0
BRDA:4,339,0,0
BRDA:4,339,1,0
BRDA:4,340,0,0
BRDA:4,340,1,0
BRDA:4,341,0,0
BRDA:4,341,1,0
BRDA:4,342,0,0
BRDA:4,342,1,0
BRDA:4,343,0,0
BRDA:4,343,1,0
BRDA:4,344,0,0
BRDA:4,344,1,0
BRDA:4,345,0,0
BRDA:4,345,1,0
BRDA:4,346,0,0
BRDA:4,346,1,0
BRDA:4,347,0,0
BRDA:4,347,1,0
BRDA:4,348,0,0
BRDA:4,348,1,0
BRDA:4,349,0,0
BRDA:4,349,1,0
BRDA:4,350,0,0
BRDA:4,350,1,0
BRDA:4,351,0,0
BRDA:4,351,1,0
BRDA:4,352,0,0
BRDA:4,352,1,0
BRDA:4,353,0,0
BRDA:4,353,1,0
BRDA:4,354,0,0
BRDA:4,354,1,0
BRDA:4,355,0,0
BRDA:4,355,1,0
BRDA:4,356,0,0
BRDA:4,356,1,0
BRDA:4,357,0,0
BRDA:4,357,1,0
BRDA:4,358,0,0
BRDA:4,358,1,0
BRDA:4,359,0,0
BRDA:4,359,1,0
BRDA:4,360,0,0
BRDA:4,360,1,0
BRDA:4,361,0,0
BRDA:4,361,1,0
BRDA:4,362,0,0
BRDA:4,362,1,0
BRDA:4,363,0,0
BRDA:4,363,1,0
BRDA:4,364,0,0
BRDA:4,364,1,0
BRDA:4,365,0,0
BRDA:4,365,1,0
BRDA:4,365,2,0
BRDA:4,366,0,0
BRDA:4,366,1,0
BRDA:4,367,0,0
BRDA:4,367,1,0
BRDA:4,368,0,0
BRDA:4,368,1,0
BRDA:4,369,0,0
BRDA:4,369,1,0
BRDA:4,370,0,0
BRDA:4,370,1,0
BRDA:4,371,0,0
BRDA:4,371,1,0
BRDA:4,372,0,0
BRDA:4,372,1,0
BRDA:4,373,0,0
BRDA:4,373,1,0
BRDA:4,374,0,0
BRDA:4,374,1,0
BRDA:4,375,0,0
BRDA:4,375,1,0
BRDA:4,376,0,0
BRDA:4,376,1,0
BRDA:4,377,0,0
BRDA:4,377,1,0
BRDA:4,378,0,0
BRDA:4,378,1,0
BRDA:4,379,0,0
BRDA:4,379,1,0
BRDA:4,380,0,0
BRDA:4,380,1,0
BRDA:4,381,0,0
BRDA:4,381,1,0
BRDA:4,382,0,0
BRDA:4,382,1,0
BRDA:4,383,0,0
BRDA:4,383,1,0
BRDA:4,384,0,0
BRDA:4,384,1,0
BRDA:4,385,0,0
BRDA:4,385,1,0
BRDA:4,386,0,0
BRDA:4,386,1,0
BRDA:4,387,0,0
BRDA:4,387,1,0
BRDA:4,388,0,0
BRDA:4,388,1,0
BRDA:4,389,0,0
BRDA:4,389,1,0
BRDA:4,390,0,0
BRDA:4,390,1,0
BRDA:4,391,0,0
BRDA:4,391,1,0
BRDA:4,392,0,0
BRDA:4,392,1,0
BRDA:4,393,0,0
BRDA:4,393,1,0
BRDA:4,394,0,0
BRDA:4,394,1,0
BRDA:4,395,0,0
BRDA:4,395,1,0
BRDA:4,396,0,0
BRDA:4,396,1,0
BRDA:4,397,0,0
BRDA:4,397,1,0
BRDA:4,398,0,0
BRDA:4,398,1,0
BRDA:4,399,0,0
BRDA:4,399,1,0
BRDA:4,400,0,0
BRDA:4,400,1,0
BRDA:4,401,0,0
BRDA:4,401,1,0
BRDA:4,402,0,0
BRDA:4,402,1,0
BRDA:4,403,0,0
BRDA:4,403,1,0
BRDA:4,404,0,0
BRDA:4,404,1,0
BRDA:4,405,0,0
BRDA:4,405,1,0
BRDA:4,406,0,0
BRDA:4,406,1,0
BRDA:4,407,0,0
BRDA:4,407,1,0
BRDA:4,408,0,0
BRDA:4,408,1,0
BRDA:4,409,0,0
BRDA:4,409,1,0
BRDA:4,410,0,0
BRDA:4,410,1,0
BRDA:4,411,0,0
BRDA:4,411,1,0
BRDA:4,412,0,0
BRDA:4,412,1,0
BRDA:4,413,0,0
BRDA:4,413,1,0
BRDA:4,414,0,0
BRDA:4,414,1,0
BRDA:4,415,0,0
BRDA:4,415,1,0
BRDA:4,416,0,0
BRDA:4,416,1,0
BRDA:4,417,0,0
BRDA:4,417,1,0
BRDA:4,418,0,0
BRDA:4,418,1,0
BRDA:4,419,0,0
BRDA:4,419,1,0
BRDA:4,420,0,0
BRDA:4,420,1,0
BRDA:4,421,0,0
BRDA:4,421,1,0
BRDA:4,422,0,0
BRDA:4,422,1,0
BRDA:4,423,0,0
BRDA:4,423,1,0
BRDA:4,424,0,0
BRDA:4,424,1,0
BRDA:4,425,0,0
BRDA:4,425,1,0
BRDA:4,425,2,0
BRDA:4,426,0,0
BRDA:4,426,1,0
BRDA:4,427,0,0
BRDA:4,427,1,0
BRDA:4,428,0,0
BRDA:4,428,1,0
BRDA:4,429,0,0
BRDA:4,429,1,0
BRDA:4,430,0,0
BRDA:4,430,1,0
BRDA:4,431,0,0
BRDA:4,431,1,0
BRDA:4,432,0,0
BRDA:4,432,1,0
BRDA:4,433,0,0
BRDA:4,433,1,0
BRDA:4,434,0,0
BRDA:4,434,1,0
BRDA:4,434,2,0
BRDA:4,434,3,0
BRDA:4,434,4,0
BRDA:4,435,0,0
BRDA:4,435,1,0
BRDA:4,436,0,0
BRDA:4,436,1,0
BRDA:4,437,0,0
BRDA:4,437,1,0
BRDA:4,438,0,0
BRDA:4,438,1,0
BRDA:4,439,0,0
BRDA:4,439,1,0
BRDA:4,440,0,0
BRDA:4,440,1,0
BRDA:4,441,0,0
BRDA:4,441,1,0
BRDA:4,441,2,0
BRDA:4,442,0,0
BRDA:4,442,1,0
BRDA:4,443,0,0
BRDA:4,443,1,0
BRDA:4,444,0,0
BRDA:4,444,1,0
BRDA:4,445,0,0
BRDA:4,445,1,0
BRDA:4,446,0,0
BRDA:4,446,1,0
BRDA:4,447,0,0
BRDA:4,447,1,0
BRDA:4,448,0,0
BRDA:4,448,1,0
BRDA:4,449,0,0
BRDA:4,449,1,0
BRDA:4,450,0,0
BRDA:4,450,1,0
BRDA:4,451,0,0
BRDA:4,451,1,0
BRDA:4,452,0,0
BRDA:4,452,1,0
BRDA:4,452,2,0
BRDA:4,453,0,0
BRDA:4,453,1,0
BRDA:4,454,0,0
BRDA:4,454,1,0
BRDA:4,455,0,0
BRDA:4,455,1,0
BRDA:4,456,0,0
BRDA:4,456,1,0
BRDA:4,457,0,0
BRDA:4,457,1,0
BRDA:4,458,0,0
BRDA:4,458,1,0
BRDA:4,459,0,0
BRDA:4,459,1,0
BRDA:4,460,0,0
BRDA:4,460,1,0
BRDA:4,461,0,0
BRDA:4,461,1,0
BRDA:4,462,0,0
BRDA:4,462,1,0
BRDA:4,463,0,0
BRDA:4,463,1,0
BRDA:4,464,0,0
BRDA:4,464,1,0
BRDA:4,465,0,0
BRDA:4,465,1,0
BRDA:4,466,0,0
BRDA:4,466,1,0
BRDA:4,466,2,0
BRDA:4,467,0,0
BRDA:4,467,1,0
BRDA:4,468,0,0
BRDA:4,468,1,0
BRDA:4,469,0,0
BRDA:4,469,1,0
BRDA:4,470,0,0
BRDA:4,470,1,0
BRDA:4,471,0,0
BRDA:4,471,1,0
BRDA:4,472,0,0
BRDA:4,472,1,0
BRDA:4,473,0,0
BRDA:4,473,1,0
BRDA:4,474,0,0
BRDA:4,474,1,0
BRDA:4,475,0,0
BRDA:4,475,1,0
BRDA:4,476,0,0
BRDA:4,476,1,0
BRDA:4,477,0,0
BRDA:4,477,1,0
BRDA:4,477,2,0
BRDA:4,477,3,0
BRDA:4,478,0,0
BRDA:4,478,1,0
BRDA:4,479,0,0
BRDA:4,479,1,0
BRDA:4,480,0,0
BRDA:4,480,1,0
BRDA:4,481,0,0
BRDA:4,481,1,0
BRDA:4,482,0,0
BRDA:4,482,1,0
BRDA:4,483,0,0
BRDA:4,483,1,0
BRDA:4,484,0,0
BRDA:4,484,1,0
BRDA:4,485,0,0
BRDA:4,485,1,0
BRDA:4,486,0,0
BRDA:4,486,1,0
BRDA:4,487,0,0
BRDA:4,487,1,0
BRDA:4,488,0,0
BRDA:4,488,1,0
BRDA:4,489,0,0
BRDA:4,489,1,0
BRDA:4,490,0,0
BRDA:4,490,1,0
BRDA:4,491,0,0
BRDA:4,491,1,0
BRDA:4,492,0,0
BRDA:4,492,1,0
BRDA:4,493,0,0
BRDA:4,493,1,0
BRDA:4,493,2,0
BRDA:4,493,3,0
BRDA:4,493,4,0
BRDA:4,494,0,0
BRDA:4,494,1,0
BRDA:4,495,0,0
BRDA:4,495,1,0
BRDA:4,496,0,0
BRDA:4,496,1,0
BRDA:4,497,0,0
BRDA:4,497,1,0
BRDA:5,498,0,0
BRDA:5,498,1,0
BRDA:5,499,0,0
BRDA:5,499,1,0
BRDA:5,500,0,0
BRDA:5,500,1,0
BRDA:5,501,0,0
BRDA:5,501,1,0
BRDA:5,502,0,0
BRDA:5,502,1,0
BRDA:5,502,2,0
BRDA:5,502,3,0
BRDA:5,503,0,0
BRDA:5,503,1,0
BRDA:5,504,0,0
BRDA:5,504,1,0
BRDA:5,505,0,0
BRDA:5,505,1,0
BRDA:5,506,0,0
BRDA:5,506,1,0
BRDA:5,507,0,0
BRDA:5,507,1,0
BRDA:5,508,0,0
BRDA:5,508,1,0
BRDA:5,509,0,0
BRDA:5,509,1,0
BRDA:5,510,0,0
BRDA:5,510,1,0
BRDA:5,511,0,0
BRDA:5,511,1,0
BRDA:5,512,0,0
BRDA:5,512,1,0
BRDA:5,513,0,0
BRDA:5,513,1,0
BRDA:5,514,0,0
BRDA:5,514,1,0
BRDA:5,515,0,0
BRDA:5,515,1,0
BRDA:5,516,0,0
BRDA:5,516,1,0
BRDA:5,517,0,0
BRDA:5,517,1,0
BRDA:5,518,0,0
BRDA:5,518,1,0
BRDA:5,519,0,0
BRDA:5,519,1,0
BRDA:5,520,0,0
BRDA:5,520,1,0
BRDA:5,521,0,0
BRDA:5,521,1,0
BRDA:5,522,0,0
BRDA:5,522,1,0
BRDA:5,523,0,0
BRDA:5,523,1,0
BRDA:5,524,0,0
BRDA:5,524,1,0
BRDA:5,525,0,0
BRDA:5,525,1,0
BRDA:5,526,0,0
BRDA:5,526,1,0
BRDA:5,526,2,0
BRDA:5,527,0,0
BRDA:5,527,1,0
BRDA:5,528,0,0
BRDA:5,528,1,0
BRDA:5,528,2,0
BRDA:5,529,0,0
BRDA:5,529,1,0
BRDA:5,530,0,0
BRDA:5,530,1,0
BRDA:5,531,0,0
BRDA:5,531,1,0
BRDA:5,532,0,0
BRDA:5,532,1,0
BRDA:5,533,0,0
BRDA:5,533,1,0
BRDA:5,534,0,0
BRDA:5,534,1,0
BRDA:5,535,0,0
BRDA:5,535,1,0
BRDA:5,535,2,0
BRDA:5,535,3,0
BRDA:5,535,4,0
BRDA:5,536,0,0
BRDA:5,536,1,0
BRDA:5,537,0,0
BRDA:5,537,1,0
BRDA:5,538,0,0
BRDA:5,538,1,0
BRDA:5,539,0,0
BRDA:5,539,1,0
BRDA:5,540,0,0
BRDA:5,540,1,0
BRDA:5,541,0,0
BRDA:5,541,1,0
BRDA:5,542,0,0
BRDA:5,542,1,0
BRDA:5,543,0,0
BRDA:5,543,1,0
BRDA:5,544,0,0
BRDA:5,544,1,0
BRDA:5,545,0,0
BRDA:5,545,1,0
BRDA:5,545,2,0
BRDA:5,546,0,0
BRDA:5,546,1,0
BRDA:5,547,0,0
BRDA:5,547,1,0
BRDA:5,548,0,0
BRDA:5,548,1,0
BRDA:5,549,0,0
BRDA:5,549,1,0
BRDA:5,550,0,0
BRDA:5,550,1,0
BRDA:5,551,0,0
BRDA:5,551,1,0
BRDA:5,552,0,0
BRDA:5,552,1,0
BRDA:5,553,0,0
BRDA:5,553,1,0
BRDA:5,554,0,0
BRDA:5,554,1,0
BRDA:5,555,0,0
BRDA:5,555,1,0
BRDA:5,556,0,0
BRDA:5,556,1,0
BRDA:5,557,0,0
BRDA:5,557,1,0
BRDA:5,557,2,0
BRDA:5,557,3,0
BRDA:5,557,4,0
BRDA:5,558,0,0
BRDA:5,558,1,0
BRDA:5,558,2,0
BRDA:5,559,0,0
BRDA:5,559,1,0
BRDA:5,560,0,0
BRDA:5,560,1,0
BRDA:5,561,0,0
BRDA:5,561,1,0
BRDA:5,562,0,0
BRDA:5,562,1,0
BRDA:5,563,0,0
BRDA:5,563,1,0
BRDA:5,564,0,0
BRDA:5,564,1,0
BRDA:5,565,0,0
BRDA:5,565,1,0
BRDA:5,566,0,0
BRDA:5,566,1,0
BRDA:5,567,0,0
BRDA:5,567,1,0
BRDA:5,568,0,0
BRDA:5,568,1,0
BRDA:5,569,0,0
BRDA:5,569,1,0
BRDA:5,570,0,0
BRDA:5,570,1,0
BRDA:5,571,0,0
BRDA:5,571,1,0
BRDA:5,572,0,0
BRDA:5,572,1,0
BRDA:5,572,2,0
BRDA:5,573,0,0
BRDA:5,573,1,0
BRDA:5,573,2,0
BRDA:5,573,3,0
BRDA:5,574,0,0
BRDA:5,574,1,0
BRDA:5,575,0,0
BRDA:5,575,1,0
BRDA:5,576,0,0
BRDA:5,576,1,0
BRDA:5,577,0,0
BRDA:5,577,1,0
BRDA:5,578,0,0
BRDA:5,578,1,0
BRDA:5,579,0,0
BRDA:5,579,1,0
BRDA:5,580,0,0
BRDA:5,580,1,0
BRDA:5,581,0,0
BRDA:5,581,1,0
BRDA:5,582,0,0
BRDA:5,582,1,0
BRDA:5,583,0,0
BRDA:5,583,1,0
BRDA:5,584,0,0
BRDA:5,584,1,0
BRDA:5,585,0,0
BRDA:5,585,1,0
BRDA:5,585,2,0
BRDA:5,586,0,0
BRDA:5,586,1,0
BRDA:5,587,0,0
BRDA:5,587,1,0
BRDA:5,588,0,0
BRDA:5,588,1,0
BRDA:5,589,0,0
BRDA:5,589,1,0
BRDA:5,590,0,0
BRDA:5,590,1,0
BRDA:5,590,2,0
BRDA:5,590,3,0
BRDA:5,591,0,0
BRDA:5,591,1,0
BRDA:5,592,0,0
BRDA:5,592,1,0
BRDA:5,593,0,0
BRDA:5,593,1,0
BRDA:5,594,0,0
BRDA:5,594,1,0
BRDA:5,595,0,0
BRDA:5,595,1,0
BRDA:5,596,0,0
BRDA:5,596,1,0
BRDA:5,597,0,0
BRDA:5,597,1,0
BRDA:5,598,0,0
BRDA:5,598,1,0
BRDA:5,599,0,0
BRDA:5,599,1,0
BRDA:5,600,0,0
BRDA:5,600,1,0
BRDA:5,601,0,0
BRDA:5,601,1,0
BRDA:5,602,0,0
BRDA:5,602,1,0
BRDA:5,603,0,0
BRDA:5,603,1,0
BRDA:5,604,0,0
BRDA:5,604,1,0
BRDA:5,605,0,0
BRDA:5,605,1,0
BRDA:5,605,2,0
BRDA:5,606,0,0
BRDA:5,606,1,0
BRDA:5,607,0,0
BRDA:5,607,1,0
BRDA:5,607,2,0
BRDA:5,608,0,0
BRDA:5,608,1,0
BRDA:5,609,0,0
BRDA:5,609,1,0
BRDA:5,610,0,0
BRDA:5,610,1,0
BRDA:5,611,0,0
BRDA:5,611,1,0
BRDA:5,611,2,0
BRDA:19,612,0,4
BRDA:19,612,1,1
BRDA:21,613,0,13
BRDA:21,613,1,7
BRDA:33,614,0,1
BRDA:33,614,1,3
BRDA:39,615,0,2
BRDA:39,615,1,1
BRDA:91,616,0,221
BRDA:91,616,1,43
BRDA:91,617,0,264
BRDA:91,617,1,43
BRDA:93,618,0,16
BRDA:93,618,1,27
BRDA:150,619,0,6
BRDA:150,619,1,214
BRDA:155,620,0,2
BRDA:155,620,1,18
BRDA:157,621,0,2
BRDA:157,621,1,0
BRDA:160,622,0,2
BRDA:160,622,1,0
BRDA:160,623,0,2
BRDA:160,623,1,2
BRDA:166,624,0,16
BRDA:166,624,1,2
BRDA:170,625,0,2
BRDA:170,625,1,18
BRDA:176,626,0,1
BRDA:176,626,1,19
BRDA:182,627,0,20
BRDA:182,627,1,0
BRDA:199,628,0,2
BRDA:199,628,1,3
BRDA:202,629,0,1
BRDA:202,629,1,2
BRDA:262,630,0,2
BRDA:262,630,1,0
BRDA:262,631,0,2
BRDA:262,631,1,2
BRDA:267,632,0,2
BRDA:267,632,1,0
BRDA:312,633,0,2
BRDA:312,633,1,12
BRDA:326,634,0,3
BRDA:326,634,1,3
BRDA:326,635,0,6
BRDA:326,635,1,6
BRDA:330,636,0,2
BRDA:330,636,1,1
BRDA:332,637,0,2
BRDA:332,637,1,0
BRDA:332,638,0,2
BRDA:332,638,1,2
BRDA:340,639,0,2
BRDA:340,639,1,0
BRDA:345,640,0,0
BRDA:345,640,1,0
BRDA:348,641,0,0
BRDA:348,641,1,0
BRDA:359,642,0,1
BRDA:359,642,1,1
BRDA:362,643,0,1
BRDA:362,643,1,0
BRDA:364,644,0,1
BRDA:364,644,1,0
BRDA:365,645,0,1
BRDA:365,645,1,0
BRDA:374,646,0,2
BRDA:374,646,1,0
BRDA:375,647,0,2
BRDA:375,647,1,0
BRDA:384,648,0,1
BRDA:384,648,1,2
BRDA:386,649,0,0
BRDA:386,649,1,3
BRDA:387,650,0,0
BRDA:387,650,1,2
BRDA:396,651,0,5
BRDA:396,651,1,2
BRDA:398,652,0,2
BRDA:398,652,1,3
BRDA:399,653,0,1
BRDA:399,653,1,4
BRDA:403,654,0,0
BRDA:403,654,1,2
BRDA:427,655,0,12
BRDA:427,655,1,0
BRDA:430,656,0,11
BRDA:430,656,1,1
BRDA:431,657,0,11
BRDA:431,657,1,0
BRDA:433,658,0,10
BRDA:433,658,1,1
BRDA:433,659,0,11
BRDA:433,659,1,10
BRDA:433,659,2,1
BRDA:433,659,3,0
BRDA:450,660,0,2
BRDA:450,660,1,1
BRDA:454,661,0,13
BRDA:454,661,1,9
BRDA:455,662,0,1
BRDA:455,662,1,4
BRDA:461,663,0,1
BRDA:461,663,1,1
BRDA:467,664,0,1
BRDA:467,664,1,0
BRDA:474,665,0,1
BRDA:474,665,1,1
BRDA:480,666,0,1
BRDA:480,666,1,0
BRDA:503,667,0,1
BRDA:503,667,1,0
BRDA:507,668,0,1
BRDA:507,668,1,0
BRDA:514,669,0,4
BRDA:514,669,1,1
BRDA:521,670,0,4
BRDA:521,670,1,5
BRDA:571,671,0,11
BRDA:571,671,1,2
BRDA:574,672,0,3
BRDA:574,672,1,8
BRDA:576,673,0,3
BRDA:576,673,1,5
BRDA:585,674,0,13
BRDA:585,674,1,0
BRDA:586,675,0,12
BRDA:586,675,1,1
BRDA:589,676,0,10
BRDA:589,676,1,2
BRDA:591,677,0,1
BRDA:591,677,1,1
BRDA:605,678,0,1
BRDA:605,678,1,1
BRDA:611,679,0,1
BRDA:611,679,1,1
BRDA:617,680,0,1
BRDA:617,680,1,1
BRDA:623,681,0,0
BRDA:623,681,1,1
BRDA:633,682,0,3
BRDA:633,682,1,1
BRDA:640,683,0,1
BRDA:640,683,1,5
BRDA:650,684,0,1
BRDA:650,684,1,1
BRDA:653,685,0,1
BRDA:653,685,1,0
BRDA:662,686,0,4
BRDA:662,686,1,1
BRDA:665,687,0,0
BRDA:665,687,1,0
BRDA:672,688,0,4
BRDA:672,688,1,2
BRDA:673,689,0,2
BRDA:673,689,1,4
BRDA:725,690,0,0
BRDA:725,690,1,12
BRDA:730,691,0,3
BRDA:730,691,1,0
BRDA:731,692,0,0
BRDA:731,692,1,0
BRDA:766,693,0,0
BRDA:766,693,1,0
BRDA:766,694,0,0
BRDA:766,694,1,0
BRDA:773,695,0,0
BRDA:773,695,1,0
BRDA:774,696,0,0
BRDA:774,696,1,0
BRDA:779,697,0,0
BRDA:779,697,1,0
BRDA:790,698,0,0
BRDA:790,698,1,0
BRDA:790,699,0,0
BRDA:790,699,1,0
BRDA:790,700,0,0
BRDA:790,700,1,0
BRDA:794,701,0,0
BRDA:794,701,1,0
BRDA:794,702,0,0
BRDA:794,702,1,0
BRDA:794,703,0,0
BRDA:794,703,1,0
BRDA:800,704,0,2
BRDA:800,704,1,1
BRDA:801,705,0,2
BRDA:801,705,1,1
BRDA:814,706,0,2
BRDA:814,706,1,6
BRDA:814,707,0,8
BRDA:814,707,1,7
BRDA:814,707,2,6
BRDA:817,708,0,1
BRDA:817,708,1,4
BRDA:817,709,0,5
BRDA:817,709,1,5
BRDA:829,710,0,1
BRDA:829,710,1,5
BRDA:836,711,0,4
BRDA:836,711,1,1
BRDA:837,712,0,1
BRDA:837,712,1,4
BRDA:839,713,0,4
BRDA:839,713,1,0
BRDA:867,714,0,0
BRDA:867,714,1,0
BRDA:883,715,0,0
BRDA:883,715,1,0
BRDA:887,716,0,0
BRDA:887,716,1,0
BRDA:887,717,0,0
BRDA:887,717,1,0
BRDA:897,718,0,0
BRDA:897,718,1,0
BRDA:897,719,0,0
BRDA:897,719,1,0
BRDA:906,720,0,0
BRDA:908,721,0,0
BRDA:908,721,1,0
BRDA:917,722,0,50
BRDA:917,722,1,0
BRDA:917,723,0,50
BRDA:917,723,1,50
BRDA:925,724,0,3
BRDA:925,724,1,2
BRDA:925,725,0,5
BRDA:925,725,1,5
BRDA:926,726,0,1
BRDA:926,726,1,2
BRDA:942,727,0,0
BRDA:942,727,1,0
BRDA:959,728,0,1
BRDA:959,728,1,5
BRDA:961,729,0,0
BRDA:961,729,1,1
BRDA:962,730,0,0
BRDA:962,730,1,0
BRDA:998,731,0,1
BRDA:998,731,1,3
BRDA:999,732,0,4
BRDA:999,732,1,0
BRDA:1001,733,0,10
BRDA:1001,733,1,38
BRDA:1025,734,0,2
BRDA:1025,734,1,6
BRDA:1025,735,0,8
BRDA:1025,735,1,8
BRDA:1026,736,0,0
BRDA:1026,736,1,2
BRDA:1032,737,0,0
BRDA:1032,737,1,0
BRDA:1036,738,0,0
BRDA:1036,738,1,0
BRDA:1045,739,0,0
BRDA:1045,739,1,0
BRDA:1054,740,0,0
BRDA:1054,740,1,2
BRDA:1089,741,0,1
BRDA:1089,741,1,0
BRDA:1096,742,0,0
BRDA:1096,742,1,0
BRDA:1096,743,0,0
BRDA:1096,743,1,0
BRDA:1107,744,0,0
BRDA:1107,744,1,0
BRDA:1109,745,0,0
BRDA:1109,745,1,0
BRDA:1117,746,0,0
BRDA:1117,746,1,0
BRDA:1117,747,0,0
BRDA:1117,747,1,0
BRDA:1117,747,2,0
BRDA:1125,748,0,1
BRDA:1125,748,1,6
BRDA:1126,749,0,0
BRDA:1126,749,1,1
BRDA:1135,750,0,0
BRDA:1135,750,1,0
BRDA:1147,751,0,0
BRDA:1147,751,1,0
BRDA:1147,752,0,0
BRDA:1147,752,1,0
BRDA:1149,753,0,0
BRDA:1149,753,1,0
BRDA:1150,754,0,0
BRDA:1150,754,1,0
BRDA:1153,755,0,0
BRDA:1153,755,1,0
BRDA:1154,756,0,0
BRDA:1154,756,1,0
BRDA:1178,757,0,0
BRDA:1178,758,0,2
BRDA:1178,759,0,11
BRDA:1183,760,0,11
BRDA:1183,760,1,0
BRDA:1185,761,0,11
BRDA:1185,761,1,0
BRDA:1186,762,0,0
BRDA:1186,762,1,11
BRDA:1196,763,0,3
BRDA:1196,763,1,1
BRDA:1196,764,0,4
BRDA:1196,764,1,4
BRDA:1201,765,0,0
BRDA:1201,765,1,0
BRDA:1202,766,0,0
BRDA:1202,766,1,0
BRDA:1208,767,0,0
BRDA:1208,767,1,0
BRDA:1209,768,0,0
BRDA:1209,768,1,0
BRDA:1225,769,0,0
BRDA:1225,769,1,7
BRDA:1226,770,0,0
BRDA:1226,770,1,0
BRDA:1226,770,2,0
BRDA:1226,770,3,0
BRDA:1227,771,0,0
BRDA:1227,771,1,0
BRDA:1275,772,0,2
BRDA:1275,772,1,2
BRDA:1279,773,0,1
BRDA:1279,773,1,1
BRDA:1288,774,0,1
BRDA:1288,774,1,1
BRDA:1296,775,0,1
BRDA:1296,775,1,1
BRDA:1307,776,0,1
BRDA:1307,776,1,3
BRDA:1342,777,0,9
BRDA:1342,777,1,38
BRDA:1343,778,0,9
BRDA:1343,778,1,38
BRDA:1344,779,0,1
BRDA:1344,779,1,46
BRDA:1345,780,0,1
BRDA:1345,780,1,46
BRDA:1346,781,0,1
BRDA:1346,781,1,46
BRDA:1355,782,0,2
BRDA:1355,782,1,1
BRDA:1381,783,0,2
BRDA:1381,783,1,10
BRDA:1389,784,0,3
BRDA:1389,784,1,9
BRDA:1422,785,0,1
BRDA:1422,785,1,10
BRDA:1435,786,0,2
BRDA:1435,786,1,1
BRDA:1440,787,0,0
BRDA:1440,787,1,0
BRDA:1441,788,0,0
BRDA:1441,788,1,0
BRDA:1442,789,0,0
BRDA:1442,789,1,0
BRDA:1445,790,0,0
BRDA:1445,790,1,0
BRDA:1446,791,0,0
BRDA:1446,791,1,0
BRDA:1447,792,0,0
BRDA:1447,792,1,0
BRDA:1457,793,0,0
BRDA:1457,793,1,1
BRDA:1466,794,0,1
BRDA:1466,794,1,1
BRDA:1478,795,0,1
BRDA:1478,795,1,1
BRDA:1567,796,0,1
BRDA:1567,796,1,0
BRDA:1568,797,0,1
BRDA:1568,797,1,0
BRDA:1569,798,0,1
BRDA:1569,798,1,0
BRDA:1570,799,0,1
BRDA:1570,799,1,0
BRDA:1574,800,0,1
BRDA:1574,800,1,0
BRDA:1578,801,0,1
BRDA:1578,801,1,0
BRDA:1579,802,0,1
BRDA:1579,802,1,0
BRDA:1580,803,0,1
BRDA:1580,803,1,0
BRDA:1581,804,0,1
BRDA:1581,804,1,0
BRDA:1586,805,0,1
BRDA:1586,805,1,0
BRDA:1595,806,0,0
BRDA:1595,806,1,1
BRDA:1601,807,0,0
BRDA:1601,807,1,1
BRDA:1605,808,0,0
BRDA:1605,808,1,1
BRDA:1609,809,0,1
BRDA:1609,809,1,0
BRDA:1613,810,0,1
BRDA:1613,810,1,0
BRDA:1618,811,0,0
BRDA:1618,811,1,1
BRDA:1623,812,0,1
BRDA:1623,812,1,0
BRDA:1623,813,0,1
BRDA:1623,813,1,1
BRDA:1631,814,0,1
BRDA:1631,814,1,0
BRDA:1632,815,0,1
BRDA:1632,815,1,0
BRDA:1633,816,0,1
BRDA:1633,816,1,0
BRDA:1634,817,0,1
BRDA:1634,817,1,0
BRDA:1659,818,0,0
BRDA:1659,818,1,0
BRDA:1659,819,0,1
BRDA:1659,819,1,1
BRDA:1659,819,2,0
BRDA:1690,820,0,2
BRDA:1690,820,1,0
BRDA:1694,821,0,2
BRDA:1694,821,1,0
BRDA:1701,822,0,4
BRDA:1701,822,1,1
BRDA:1708,823,0,3
BRDA:1708,823,1,1
BRDA:1712,824,0,0
BRDA:1712,825,0,0
BRDA:1712,826,0,1
BRDA:1719,827,0,1
BRDA:1719,827,1,0
BRDA:1722,828,0,1
BRDA:1722,828,1,0
BRDA:1723,829,0,0
BRDA:1723,829,1,1
BRDA:1738,830,0,0
BRDA:1738,830,1,0
BRDA:1754,831,0,1
BRDA:1754,831,1,3
BRDA:1757,832,0,1
BRDA:1757,832,1,1
BRDA:1757,833,0,2
BRDA:1757,833,1,2
BRDA:1769,834,0,1
BRDA:1769,834,1,2
BRDA:1776,835,0,1
BRDA:1776,835,1,1
BRDA:1777,836,0,1
BRDA:1777,836,1,1
BRDA:1779,837,0,1
BRDA:1779,837,1,0
BRDA:1798,838,0,4
BRDA:1798,838,1,1
BRDA:1798,839,0,5
BRDA:1798,839,1,5
BRDA:1800,840,0,3
BRDA:1800,840,1,1
BRDA:1804,841,0,1
BRDA:1804,841,1,2
BRDA:1806,842,0,1
BRDA:1806,842,1,0
BRDA:1808,843,0,3
BRDA:1808,843,1,0
BRDA:1808,844,0,3
BRDA:1808,844,1,3
BRDA:1809,845,0,3
BRDA:1809,845,1,0
BRDA:1815,846,0,3
BRDA:1815,846,1,0
BRDA:1829,847,0,3
BRDA:1829,847,1,27
BRDA:1830,848,0,5
BRDA:1830,848,1,25
BRDA:1836,849,0,2
BRDA:1836,849,1,1
BRDA:1836,850,0,3
BRDA:1836,850,1,3
BRDA:1836,850,2,3
BRDA:1837,851,0,0
BRDA:1837,851,1,2
BRDA:1848,852,0,0
BRDA:1848,852,1,0
BRDA:1848,853,0,0
BRDA:1848,853,1,0
BRDA:1865,854,0,1
BRDA:1865,854,1,0
BRDA:1882,855,0,1
BRDA:1882,855,1,0
BRDA:1882,856,0,1
BRDA:1882,856,1,1
BRDA:1887,857,0,0
BRDA:1887,857,1,1
BRDA:1887,858,0,1
BRDA:1887,858,1,1
BRDA:1895,859,0,1
BRDA:1895,859,1,0
BRDA:1895,860,0,1
BRDA:1895,860,1,1
BRDA:1908,861,0,1
BRDA:1908,861,1,0
BRDA:1917,862,0,1
BRDA:1917,862,1,0
BRDA:1930,863,0,1
BRDA:1930,863,1,6
BRDA:1930,864,0,7
BRDA:1930,864,1,1
BRDA:1940,865,0,0
BRDA:1940,865,1,11
BRDA:1953,866,0,66
BRDA:1953,866,1,11
BRDA:1954,867,0,77
BRDA:1954,867,1,0
BRDA:1955,868,0,77
BRDA:1955,868,1,0
BRDA:1964,869,0,0
BRDA:1964,869,1,77
BRDA:1964,870,0,77
BRDA:1964,870,1,0
BRDA:1965,871,0,0
BRDA:1965,871,1,0
BRDA:1967,872,0,0
BRDA:1967,872,1,0
BRDA:1970,873,0,0
BRDA:1970,873,1,0
BRDA:1977,874,0,0
BRDA:1977,874,1,0
BRDA:1986,875,0,0
BRDA:1986,875,1,0
BRDA:1986,876,0,0
BRDA:1986,876,1,0
BRDA:1997,877,0,0
BRDA:1997,877,1,77
BRDA:2047,878,0,38
BRDA:2047,878,1,0
BRDA:2055,879,0,0
BRDA:2055,879,1,40
BRDA:2055,880,0,40
BRDA:2055,880,1,38
BRDA:2055,880,2,0
BRDA:2057,881,0,0
BRDA:2057,881,1,0
BRDA:2057,882,0,0
BRDA:2057,882,1,0
BRDA:2058,883,0,0
BRDA:2058,883,1,0
BRDA:2064,884,0,0
BRDA:2064,884,1,0
BRDA:2078,885,0,0
BRDA:2078,885,1,0
BRDA:2079,886,0,0
BRDA:2079,886,1,0
BRDA:2085,887,0,0
BRDA:2085,887,1,0
BRDA:2085,888,0,0
BRDA:2085,888,1,0
BRDA:2085,888,2,0
BRDA:2086,889,0,0
BRDA:2086,889,1,0
BRDA:2097,890,0,0
BRDA:2097,890,1,0
BRDA:2097,891,0,0
BRDA:2097,891,1,0
BRDA:2114,892,0,0
BRDA:2114,892,1,2
BRDA:2127,893,0,2
BRDA:2127,893,1,0
BRDA:2127,894,0,2
BRDA:2127,894,1,2
BRDA:2132,895,0,0
BRDA:2132,895,1,2
BRDA:2132,896,0,2
BRDA:2132,896,1,2
BRDA:2140,897,0,2
BRDA:2140,897,1,0
BRDA:2140,898,0,2
BRDA:2140,898,1,2
BRDA:2153,899,0,2
BRDA:2153,899,1,0
BRDA:2162,900,0,2
BRDA:2162,900,1,0
BRDA:2175,901,0,2
BRDA:2175,901,1,12
BRDA:2175,902,0,14
BRDA:2175,902,1,2
BRDA:2185,903,0,0
BRDA:2185,903,1,22
BRDA:2198,904,0,132
BRDA:2198,904,1,22
BRDA:2199,905,0,154
BRDA:2199,905,1,0
BRDA:2200,906,0,154
BRDA:2200,906,1,0
BRDA:2209,907,0,0
BRDA:2209,907,1,154
BRDA:2209,908,0,154
BRDA:2209,908,1,0
BRDA:2210,909,0,0
BRDA:2210,909,1,0
BRDA:2212,910,0,0
BRDA:2212,910,1,0
BRDA:2215,911,0,0
BRDA:2215,911,1,0
BRDA:2222,912,0,0
BRDA:2222,912,1,0
BRDA:2231,913,0,0
BRDA:2231,913,1,0
BRDA:2231,914,0,0
BRDA:2231,914,1,0
BRDA:2242,915,0,0
BRDA:2242,915,1,154
BRDA:2281,916,0,0
BRDA:2281,916,1,1
BRDA:2317,917,0,3
BRDA:2317,917,1,15
BRDA:2336,918,0,2
BRDA:2336,918,1,1
BRDA:2339,919,0,1
BRDA:2339,919,1,0
BRDA:2343,920,0,1
BRDA:2343,920,1,0
BRDA:2423,921,0,1
BRDA:2423,921,1,0
BRDA:2425,922,0,1
BRDA:2425,922,1,0
BRDA:2430,923,0,1
BRDA:2430,923,1,0
BRDA:2431,924,0,1
BRDA:2431,924,1,0
BRDA:2441,925,0,1
BRDA:2441,925,1,0
BRDA:2443,926,0,1
BRDA:2443,926,1,0
BRDA:2444,927,0,1
BRDA:2444,927,1,0
BRDA:2450,928,0,1
BRDA:2450,928,1,0
BRDA:2460,929,0,0
BRDA:2460,929,1,1
BRDA:2466,930,0,0
BRDA:2466,930,1,1
BRDA:2470,931,0,0
BRDA:2470,931,1,1
BRDA:2474,932,0,1
BRDA:2474,932,1,0
BRDA:2478,933,0,1
BRDA:2478,933,1,0
BRDA:2483,934,0,0
BRDA:2483,934,1,1
BRDA:2507,935,0,0
BRDA:2507,936,0,0
BRDA:2507,937,0,1
BRDA:2514,938,0,1
BRDA:2514,938,1,0
BRDA:2517,939,0,1
BRDA:2517,939,1,0
BRDA:2518,940,0,0
BRDA:2518,940,1,1
BRDA:2533,941,0,0
BRDA:2533,941,1,0
BRDA:2549,942,0,1
BRDA:2549,942,1,3
BRDA:2552,943,0,1
BRDA:2552,943,1,1
BRDA:2552,944,0,2
BRDA:2552,944,1,2
BRDA:2564,945,0,1
BRDA:2564,945,1,2
BRDA:2571,946,0,1
BRDA:2571,946,1,1
BRDA:2572,947,0,1
BRDA:2572,947,1,1
BRDA:2574,948,0,1
BRDA:2574,948,1,0
BRDA:2582,949,0,0
BRDA:2582,949,1,0
BRDA:2582,950,0,1
BRDA:2582,950,1,1
BRDA:2582,950,2,0
BRDA:2613,951,0,1
BRDA:2613,951,1,0
BRDA:2617,952,0,1
BRDA:2617,952,1,0
BRDA:2624,953,0,2
BRDA:2624,953,1,1
BRDA:2631,954,0,2
BRDA:2631,954,1,0
BRDA:2653,955,0,0
BRDA:2653,955,1,1
BRDA:2653,956,0,1
BRDA:2653,956,1,1
BRDA:2655,957,0,0
BRDA:2655,957,1,0
BRDA:2658,958,0,0
BRDA:2658,958,1,0
BRDA:2662,959,0,0
BRDA:2662,959,1,0
BRDA:2666,960,0,0
BRDA:2666,960,1,0
BRDA:2667,961,0,0
BRDA:2667,961,1,0
BRDA:2669,962,0,0
BRDA:2669,962,1,0
BRDA:2672,963,0,0
BRDA:2672,963,1,0
BRDA:2672,964,0,0
BRDA:2672,964,1,0
BRDA:2673,965,0,0
BRDA:2673,965,1,0
BRDA:2679,966,0,0
BRDA:2679,966,1,0
BRDA:2693,967,0,0
BRDA:2693,967,1,0
BRDA:2694,968,0,0
BRDA:2694,968,1,0
BRDA:2699,969,0,0
BRDA:2699,969,1,0
BRDA:2699,970,0,0
BRDA:2699,970,1,0
BRDA:2700,971,0,0
BRDA:2700,971,1,0
BRDA:2711,972,0,0
BRDA:2711,972,1,0
BRDA:2711,973,0,0
BRDA:2711,973,1,0
BRDA:2731,974,0,0
BRDA:2731,974,1,0
BRDA:2739,975,0,0
BRDA:2739,975,1,0
BRDA:2742,976,0,0
BRDA:2742,976,1,0
BRDA:2747,977,0,0
BRDA:2747,977,1,0
BRDA:2754,978,0,0
BRDA:2754,978,1,0
BRDA:2756,979,0,0
BRDA:2756,979,1,0
BRDA:2766,980,0,0
BRDA:2766,980,1,0
BRDA:2767,981,0,0
BRDA:2767,981,1,0
BRDA:2792,982,0,0
BRDA:2792,982,1,0
BRDA:2792,983,0,0
BRDA:2792,983,1,0
BRDA:2794,984,0,0
BRDA:2794,984,1,0
BRDA:2796,985,0,0
BRDA:2796,985,1,0
BRDA:2798,986,0,0
BRDA:2798,986,1,0
BRDA:2803,987,0,0
BRDA:2803,987,1,0
BRDA:2810,988,0,0
BRDA:2810,988,1,0
BRDA:2814,989,0,0
BRDA:2814,989,1,0
BRDA:2814,990,0,0
BRDA:2814,990,1,0
BRDA:2831,991,0,0
BRDA:2831,991,1,0
BRDA:2831,992,0,0
BRDA:2831,992,1,0
BRDA:2851,993,0,0
BRDA:2851,993,1,0
BRDA:2853,994,0,0
BRDA:2853,994,1,0
BRDA:2862,995,0,0
BRDA:2862,995,1,0
BRDA:2874,996,0,0
BRDA:2874,996,1,0
BRDA:2893,997,0,0
BRDA:2893,997,1,0
BRDA:2902,998,0,0
BRDA:2902,998,1,0
BRDA:2906,999,0,0
BRDA:2906,999,1,0
BRDA:2914,1000,0,0
BRDA:2914,1000,1,0
BRDA:2914,1001,0,0
BRDA:2914,1001,1,0
BRDA:2914,1001,2,0
BRDA:2916,1002,0,0
BRDA:2916,1002,1,0
BRDA:2916,1003,0,0
BRDA:2916,1003,1,0
BRDA:2917,1004,0,0
BRDA:2917,1004,1,0
BRDA:2923,1005,0,0
BRDA:2923,1005,1,0
BRDA:2936,1006,0,0
BRDA:2936,1006,1,0
BRDA:2938,1007,0,0
BRDA:2938,1007,1,0
BRDA:2939,1008,0,0
BRDA:2939,1008,1,0
BRDA:2946,1009,0,0
BRDA:2946,1009,1,0
BRDA:2947,1010,0,0
BRDA:2947,1010,1,0
BRDA:2958,1011,0,0
BRDA:2958,1011,1,0
BRDA:2958,1012,0,0
BRDA:2958,1012,1,0
BRDA:2971,1013,0,0
BRDA:2971,1013,1,0
BRDA:2979,1014,0,0
BRDA:2979,1014,1,0
BRDA:2982,1015,0,0
BRDA:2982,1015,1,0
BRDA:2987,1016,0,0
BRDA:2987,1016,1,0
BRDA:2994,1017,0,0
BRDA:2994,1017,1,0
BRDA:2996,1018,0,0
BRDA:2996,1018,1,0
BRDA:3006,1019,0,0
BRDA:3006,1019,1,0
BRDA:3007,1020,0,0
BRDA:3007,1020,1,0
BRDA:3031,1021,0,0
BRDA:3031,1021,1,0
BRDA:3031,1022,0,0
BRDA:3031,1022,1,0
BRDA:3033,1023,0,0
BRDA:3033,1023,1,0
BRDA:3035,1024,0,0
BRDA:3035,1024,1,0
BRDA:3037,1025,0,0
BRDA:3037,1025,1,0
BRDA:3041,1026,0,0
BRDA:3041,1026,1,0
BRDA:3048,1027,0,0
BRDA:3048,1027,1,0
BRDA:3052,1028,0,0
BRDA:3052,1028,1,0
BRDA:3052,1029,0,0
BRDA:3052,1029,1,0
BRDA:3069,1030,0,0
BRDA:3069,1030,1,0
BRDA:3069,1031,0,0
BRDA:3069,1031,1,0
BRDA:3088,1032,0,0
BRDA:3088,1032,1,0
BRDA:3090,1033,0,0
BRDA:3090,1033,1,0
BRDA:3099,1034,0,0
BRDA:3099,1034,1,0
BRDA:3134,1035,0,0
BRDA:3134,1035,1,0
BRDA:3146,1036,0,0
BRDA:3146,1036,1,0
BRDA:3177,1037,0,0
BRDA:3177,1037,1,1
BRDA:3193,1038,0,1
BRDA:3193,1038,1,0
BRDA:3195,1039,0,1
BRDA:3195,1039,1,0
BRDA:3198,1040,0,1
BRDA:3198,1040,1,0
BRDA:3205,1041,0,0
BRDA:3205,1041,1,0
BRDA:3209,1042,0,0
BRDA:3209,1042,1,1
BRDA:3222,1043,0,0
BRDA:3222,1043,1,1
BRDA:3225,1044,0,1
BRDA:3225,1044,1,5
BRDA:3226,1045,0,3
BRDA:3226,1045,1,3
BRDA:3237,1046,0,0
BRDA:3237,1046,1,0
BRDA:3237,1046,2,0
BRDA:3237,1046,3,0
BRDA:3237,1046,4,0
BRDA:3237,1046,5,1
BRDA:3288,1047,0,2
BRDA:3288,1047,1,1
BRDA:3290,1048,0,1
BRDA:3290,1048,1,0
BRDA:3294,1049,0,1
BRDA:3294,1049,1,0
BRDA:3372,1050,0,12
BRDA:3372,1050,1,0
BRDA:3374,1051,0,12
BRDA:3374,1051,1,0
BRDA:3379,1052,0,12
BRDA:3379,1052,1,0
BRDA:3381,1053,0,12
BRDA:3381,1053,1,0
BRDA:3393,1054,0,12
BRDA:3393,1054,1,0
BRDA:3403,1055,0,0
BRDA:3403,1055,1,12
BRDA:3409,1056,0,0
BRDA:3409,1056,1,12
BRDA:3413,1057,0,0
BRDA:3413,1057,1,12
BRDA:3417,1058,0,12
BRDA:3417,1058,1,0
BRDA:3421,1059,0,12
BRDA:3421,1059,1,0
BRDA:3426,1060,0,0
BRDA:3426,1060,1,12
BRDA:3455,1061,0,0
BRDA:3455,1061,1,0
BRDA:3471,1062,0,1
BRDA:3471,1062,1,3
BRDA:3474,1063,0,1
BRDA:3474,1063,1,1
BRDA:3474,1064,0,2
BRDA:3474,1064,1,2
BRDA:3486,1065,0,1
BRDA:3486,1065,1,2
BRDA:3493,1066,0,1
BRDA:3493,1066,1,1
BRDA:3494,1067,0,1
BRDA:3494,1067,1,1
BRDA:3496,1068,0,1
BRDA:3496,1068,1,0
BRDA:3504,1069,0,0
BRDA:3504,1069,1,0
BRDA:3504,1070,0,1
BRDA:3504,1070,1,1
BRDA:3504,1070,2,0
BRDA:3535,1071,0,1
BRDA:3535,1071,1,0
BRDA:3539,1072,0,1
BRDA:3539,1072,1,0
BRDA:3546,1073,0,2
BRDA:3546,1073,1,1
BRDA:3553,1074,0,2
BRDA:3553,1074,1,0
BRDA:3564,1075,0,1
BRDA:3564,1075,1,1
BRDA:3581,1076,0,1
BRDA:3581,1076,1,0
BRDA:3595,1077,0,1
BRDA:3595,1077,1,0
BRDA:3598,1078,0,0
BRDA:3598,1078,1,0
BRDA:3598,1079,0,0
BRDA:3598,1079,1,0
BRDA:3613,1080,0,9
BRDA:3613,1080,1,3
BRDA:3616,1081,0,0
BRDA:3616,1081,1,12
BRDA:3621,1082,0,0
BRDA:3621,1082,1,0
BRDA:3623,1083,0,0
BRDA:3623,1083,1,0
BRDA:3625,1084,0,0
BRDA:3625,1084,1,0
BRDA:3627,1085,0,0
BRDA:3627,1085,1,0
BRDA:3629,1086,0,0
BRDA:3629,1086,1,0
BRDA:3632,1087,0,0
BRDA:3632,1087,1,0
BRDA:3634,1088,0,0
BRDA:3634,1088,1,0
BRDA:3636,1089,0,0
BRDA:3636,1089,1,0
BRDA:3638,1090,0,0
BRDA:3638,1090,1,0
BRDA:3640,1091,0,0
BRDA:3640,1091,1,0
BRDA:3646,1092,0,12
BRDA:3646,1092,1,0
BRDA:3648,1093,0,12
BRDA:3648,1093,1,0
BRDA:3649,1094,0,11
BRDA:3649,1094,1,1
BRDA:3649,1095,0,12
BRDA:3649,1095,1,12
BRDA:3659,1096,0,12
BRDA:3659,1096,1,0
BRDA:3677,1097,0,0
BRDA:3677,1097,1,0
BRDA:3677,1098,0,0
BRDA:3677,1098,1,0
BRDA:3679,1099,0,0
BRDA:3679,1099,1,0
BRDA:3680,1100,0,0
BRDA:3680,1100,1,0
BRDA:3682,1101,0,0
BRDA:3682,1101,1,0
BRDA:3689,1102,0,0
BRDA:3689,1102,1,0
BRDA:3723,1103,0,2
BRDA:3723,1103,1,1
BRDA:3725,1104,0,1
BRDA:3725,1104,1,0
BRDA:3729,1105,0,1
BRDA:3729,1105,1,0
BRDA:3757,1106,0,1
BRDA:3757,1106,1,0
BRF:2294
BRH:461
end_of_record
