<?xml version="1.0" encoding="UTF-8"?>
<testsuite xmlns:xsi="http://www.w3.org/2001/XMLSchema-instance" xsi:schemaLocation="https://maven.apache.org/surefire/maven-surefire-plugin/xsd/surefire-test-report.xsd" name="com.tkmdpa.taf.AcceptanceTestSuite" time="146.745" tests="30" errors="0" skipped="0" failures="0">
  <properties>
[...]
</properties>
  <testcase name="BeforeStories" classname="java.lang.Object" time="1.297"/>
  <testcase name="Given open Widgets page" classname="com.tkmdpa.taf.definitions.products_and_docs.PD_WidgetsDefinition" time="7.512"/>
  <testcase name="Then check general page elements for Widgets Page, where DISQUS = false and LeftMenu = true" classname="com.tkmdpa.taf.definitions.products_and_docs.PD_WidgetsDefinition" time="10.596"/>
  <testcase name="Scenario: |/products-and-docs/widgets/| Verification for general page&apos;s elements" classname="Scenario: |/products-and-docs/widgets/| Verification for general page&apos;s elements" time="11.688"/>
  <testcase name="Given open Widgets page​" classname="com.tkmdpa.taf.definitions.products_and_docs.PD_WidgetsDefinition" time="5.842"/>
  <testcase name="When check visibility and click DirectPaymentButton element of Widgets page" classname="com.tkmdpa.taf.definitions.products_and_docs.PD_WidgetsDefinition" time="1.015"/>
  <testcase name="Then check that new page opened from Direct Payment Button has has appropriate url" classname="com.tkmdpa.taf.definitions.products_and_docs.PD_WidgetsDefinition" time="3.216"/>
  <testcase name="Scenario: |/products-and-docs/widgets/| Verification for Direct Payment Button element" classname="Scenario: |/products-and-docs/widgets/| Verification for Direct Payment Button element" time="4.164"/>
  <testcase name="Given open Widgets page​​" classname="com.tkmdpa.taf.definitions.products_and_docs.PD_WidgetsDefinition" time="5.106"/>
  <testcase name="When check visibility and click &lt;elementKey&gt; element of Widgets page" classname="com.tkmdpa.taf.definitions.products_and_docs.PD_WidgetsDefinition" time="6.773"/>
  <testcase name="Then check that new page opened from Widgets page has &lt;pageURL&gt; and &lt;pageTitle&gt;" classname="com.tkmdpa.taf.definitions.products_and_docs.PD_WidgetsDefinition" time="0.043"/>
  <testcase name="Given open Widgets page​​​" classname="com.tkmdpa.taf.definitions.products_and_docs.PD_WidgetsDefinition" time="5.028"/>
  <testcase name="When check visibility and click &lt;elementKey&gt; element of Widgets page​" classname="com.tkmdpa.taf.definitions.products_and_docs.PD_WidgetsDefinition" time="7.943"/>
  <testcase name="Then check that new page opened from Widgets page has &lt;pageURL&gt; and &lt;pageTitle&gt;​" classname="com.tkmdpa.taf.definitions.products_and_docs.PD_WidgetsDefinition" time="0.029"/>
  <testcase name="Given open Widgets page​​​​" classname="com.tkmdpa.taf.definitions.products_and_docs.PD_WidgetsDefinition" time="5.184"/>
  <testcase name="When check visibility and click &lt;elementKey&gt; element of Widgets page​​" classname="com.tkmdpa.taf.definitions.products_and_docs.PD_WidgetsDefinition" time="2.363"/>
  <testcase name="Then check that new page opened from Widgets page has &lt;pageURL&gt; and &lt;pageTitle&gt;​​" classname="com.tkmdpa.taf.definitions.products_and_docs.PD_WidgetsDefinition" time="0.776"/>
  <testcase name="Given open Widgets page​​​​​" classname="com.tkmdpa.taf.definitions.products_and_docs.PD_WidgetsDefinition" time="5.405"/>
  <testcase name="When check visibility and click &lt;elementKey&gt; element of Widgets page​​​" classname="com.tkmdpa.taf.definitions.products_and_docs.PD_WidgetsDefinition" time="4.065"/>
  <testcase name="Then check that new page opened from Widgets page has &lt;pageURL&gt; and &lt;pageTitle&gt;​​​" classname="com.tkmdpa.taf.definitions.products_and_docs.PD_WidgetsDefinition" time="0.79"/>
  <testcase name="Given open Widgets page​​​​​​" classname="com.tkmdpa.taf.definitions.products_and_docs.PD_WidgetsDefinition" time="5.666"/>
  <testcase name="When check visibility and click &lt;elementKey&gt; element of Widgets page​​​​" classname="com.tkmdpa.taf.definitions.products_and_docs.PD_WidgetsDefinition" time="2.227"/>
  <testcase name="Then check that new page opened from Widgets page has &lt;pageURL&gt; and &lt;pageTitle&gt;​​​​" classname="com.tkmdpa.taf.definitions.products_and_docs.PD_WidgetsDefinition" time="0.068"/>
  <testcase name="Scenario: |/products-and-docs/widgets/| Verification for all the page&apos;s links" classname="Scenario: |/products-and-docs/widgets/| Verification for all the page&apos;s links" time="0.881"/>
  <testcase name="PD_Widgets.story" classname="PD_Widgets.story" time="0.885"/>
  <testcase name="Given open Blogs page" classname="com.tkmdpa.taf.definitions.site.BlogsDefinition" time="5.027"/>
  <testcase name="Then check general page elements for page, where DISQUS = false and LeftMenu = false" classname="com.tkmdpa.taf.definitions.site.BlogsDefinition" time="40.512"/>
  <testcase name="Scenario: |/blogs/| Verification for general page&apos;s elements" classname="Scenario: |/blogs/| Verification for general page&apos;s elements" time="41.327"/>
  <testcase name="Blogs.story" classname="Blogs.story" time="41.329"/>
  <testcase name="AfterStories" classname="java.lang.Object" time="2.477"/>
</testsuite>